<?xml version="1.0" encoding="UTF-8"?>
<!-- Generated by org.testng.reporters.JUnitXMLReporter -->
<testsuite hostname="DESKTOP-4SLAKQP" ignored="0" name="Dropdown Sub Control Name If Operational Radio Button And Physical And Environmental Protection Option Selected In Technology Risk" tests="1" failures="0" timestamp="2023-05-08T16:49:07 IST" time="31.744" errors="0">
  <testcase name="dropdownSubControlNameIfOperationalRadioButtonAndPhysicalAndEnvironmentalProtectionOptionSelected" time="12.717" classname="technologyRisk.DropdownSubControlNameIfOperationalRadioButtonAndPhysicalAndEnvironmentalProtectionOptionSelected"/>
</testsuite> <!-- Dropdown Sub Control Name If Operational Radio Button And Physical And Environmental Protection Option Selected In Technology Risk -->
