<?xml version="1.0" encoding="UTF-8"?>
<!-- Generated by org.testng.reporters.JUnitXMLReporter -->
<testsuite hostname="DESKTOP-4SLAKQP" ignored="0" name="Dropdown Sub Control Name If Management Radio Button And Certification Accreditation And Security Assessments Option Selected In Technology Risk" tests="1" failures="0" timestamp="2023-05-08T16:52:32 IST" time="135.97" errors="0">
  <testcase name="dropdownSubControlNameIfManagementRadioButtonAndCertificationAccreditationAndSecurityAssessmentsOptionSelected" time="88.143" classname="technologyRisk.DropdownSubControlNameIfManagementRadioButtonAndCertificationAccreditationAndSecurityAssessmentsOptionSelected"/>
</testsuite> <!-- Dropdown Sub Control Name If Management Radio Button And Certification Accreditation And Security Assessments Option Selected In Technology Risk -->
