<?xml version="1.0" encoding="UTF-8"?>
<!-- Generated by org.testng.reporters.JUnitXMLReporter -->
<testsuite hostname="DESKTOP-4SLAKQP" ignored="0" name="Dropdown Sub Control Name If Technical Radio Button And Identification And Authentication Option Selected In Technology Risk" tests="1" failures="0" timestamp="2023-05-08T16:40:51 IST" time="48.234" errors="0">
  <testcase name="dropdownSubControlNameIfTechnicalRadioButtonAndIdentificationAndAuthenticationOptionSelected" time="18.492" classname="technologyRisk.DropdownSubControlNameIfTechnicalRadioButtonAndIdentificationAndAuthenticationOptionSelected"/>
</testsuite> <!-- Dropdown Sub Control Name If Technical Radio Button And Identification And Authentication Option Selected In Technology Risk -->
