<?xml version="1.0" encoding="UTF-8"?>
<!-- Generated by org.testng.reporters.JUnitXMLReporter -->
<testsuite hostname="DESKTOP-4SLAKQP" ignored="0" name="Dropdown Sub Control Name If Operational Radio Button And Maintenance Option Selected In Technology Risk" tests="1" failures="0" timestamp="2023-05-08T16:40:03 IST" time="46.817" errors="0">
  <testcase name="dropdownSubControlNameIfOperationalRadioButtonAndMaintenanceOptionSelected" time="13.48" classname="technologyRisk.DropdownSubControlNameIfOperationalRadioButtonAndMaintenanceOptionSelected"/>
</testsuite> <!-- Dropdown Sub Control Name If Operational Radio Button And Maintenance Option Selected In Technology Risk -->
