<?xml version="1.0" encoding="UTF-8"?>
<!-- Generated by org.testng.reporters.JUnitXMLReporter -->
<testsuite hostname="DESKTOP-4SLAKQP" ignored="0" name="Default test" tests="1" failures="0" timestamp="2023-05-10T09:59:43 IST" time="51.233" errors="0">
  <testcase name="dropdownSubControlNameIfManagementRadioButtonAndCertificationAccreditationAndSecurityAssessmentsOptionSelected" time="20.74" classname="physicalRisk.DropdownSubControlNameIfManagementRadioButtonAndCertificationAccreditationAndSecurityAssessmentsOptionSelected"/>
</testsuite> <!-- Default test -->
