<?xml version="1.0" encoding="UTF-8"?>
<!-- Generated by org.testng.reporters.JUnitXMLReporter -->
<testsuite hostname="DESKTOP-4SLAKQP" ignored="0" name="Dropdown Sub Control Name If Operational Radio Button And Physical And Environmental Protection Option Selected" tests="1" failures="0" timestamp="2023-05-06T17:42:30 IST" time="37.339" errors="0">
  <testcase name="dropdownSubControlNameIfOperationalRadioButtonAndPhysicalAndEnvironmentalProtectionOptionSelected" time="17.449" classname="technologyRisk.DropdownSubControlNameIfOperationalRadioButtonAndPhysicalAndEnvironmentalProtectionOptionSelected"/>
</testsuite> <!-- Dropdown Sub Control Name If Operational Radio Button And Physical And Environmental Protection Option Selected -->
