<?xml version="1.0" encoding="UTF-8"?>
<!-- Generated by org.testng.reporters.JUnitXMLReporter -->
<testsuite hostname="DESKTOP-4SLAKQP" ignored="0" name="Dropdown SubControl Name If Operational Radio Button And Incident Response Option Selected" tests="1" failures="0" timestamp="2023-05-06T18:04:33 IST" time="37.197" errors="0">
  <testcase name="dropdownSubControlNameIfOperationalRadioButtonAndIncidentResponseOptionSelected" time="11.977" classname="technologyRisk.DropdownSubControlNameIfOperationalRadioButtonAndIncidentResponseOptionSelected"/>
</testsuite> <!-- Dropdown SubControl Name If Operational Radio Button And Incident Response Option Selected -->
