<?xml version="1.0" encoding="UTF-8"?>
<!-- Generated by org.testng.reporters.JUnitXMLReporter -->
<testsuite hostname="DESKTOP-4SLAKQP" ignored="0" name="Dropdown control Name If Management Radio Button Selected In Physical Risk" tests="1" failures="0" timestamp="2023-05-08T12:52:35 IST" time="38.375" errors="0">
  <testcase name="dropdowncontrolNameIfManagementRadioButtonSelectedInPhysicalRisk" time="19.094" classname="physicalRisk.DropdowncontrolNameIfManagementRadioButtonSelected"/>
</testsuite> <!-- Dropdown control Name If Management Radio Button Selected In Physical Risk -->
