<?xml version="1.0" encoding="UTF-8"?>
<!-- Generated by org.testng.reporters.JUnitXMLReporter -->
<testsuite hostname="DESKTOP-4SLAKQP" ignored="0" name="Dropdown Sub Control Name If Operational Radio Button And Media Protection Option Selected In Physical Risk" tests="1" failures="0" timestamp="2023-05-08T12:47:34 IST" time="31.231" errors="0">
  <testcase name="dropdownSubControlNameIfOperationalRadioButtonAndMediaProtectionOptionSelected" time="10.722" classname="physicalRisk.DropdownSubControlNameIfOperationalRadioButtonAndMediaProtectionOptionSelected"/>
</testsuite> <!-- Dropdown Sub Control Name If Operational Radio Button And Media Protection Option Selected In Physical Risk -->
