<?xml version="1.0" encoding="UTF-8"?>
<!-- Generated by org.testng.reporters.JUnitXMLReporter -->
<testsuite hostname="DESKTOP-4SLAKQP" ignored="0" name="Dropdown Sub Control Name If Management Radio Button And Certification Accreditation And Security Assessments Option Selected" tests="1" failures="0" timestamp="2023-05-08T12:47:02 IST" time="38.563" errors="0">
  <testcase name="dropdownSubControlNameIfManagementRadioButtonAndCertificationAccreditationAndSecurityAssessmentsOptionSelected" time="17.981" classname="physicalRisk.DropdownSubControlNameIfManagementRadioButtonAndCertificationAccreditationAndSecurityAssessmentsOptionSelected"/>
</testsuite> <!-- Dropdown Sub Control Name If Management Radio Button And Certification Accreditation And Security Assessments Option Selected -->
