<?xml version="1.0" encoding="UTF-8"?>
<!-- Generated by org.testng.reporters.JUnitXMLReporter -->
<testsuite hostname="DESKTOP-4SLAKQP" ignored="0" name="Dropdown Sub Control Name If Technical Radio Button And Audit And Accountability Option Selected" tests="1" failures="0" timestamp="2023-05-06T18:02:18 IST" time="34.317" errors="0">
  <testcase name="dropdownSubControlNameIfTechnicalRadioButtonAndAuditAndAccountabilityOptionSelected" time="13.467" classname="technologyRisk.DropdownSubControlNameIfTechnicalRadioButtonAndAuditAndAccountabilityOptionSelected"/>
</testsuite> <!-- Dropdown Sub Control Name If Technical Radio Button And Audit And Accountability Option Selected -->
