<?xml version="1.0" encoding="UTF-8"?>
<!-- Generated by org.testng.reporters.JUnitXMLReporter -->
<testsuite hostname="DESKTOP-4SLAKQP" ignored="0" name="Dropdown Sub Control Name If Technical Radio Button And Access Control Option Selected In Physical Risk" tests="1" failures="0" timestamp="2023-05-08T12:39:34 IST" time="37.04" errors="0">
  <testcase name="dropdownSubControlNameIfTechnicalRadioButtonAndAccessControlOptionSelected" time="13.903" classname="physicalRisk.DropdownSubControlNameIfTechnicalRadioButtonAndAccessControlOptionSelected"/>
</testsuite> <!-- Dropdown Sub Control Name If Technical Radio Button And Access Control Option Selected In Physical Risk -->
