<?xml version="1.0" encoding="UTF-8"?>
<!-- Generated by org.testng.reporters.JUnitXMLReporter -->
<testsuite hostname="DESKTOP-4SLAKQP" ignored="0" name="Dropdown Application Criticality Options In Software Asset " tests="1" failures="0" timestamp="2023-05-06T17:17:14 IST" time="41.293" errors="0">
  <testcase name="applicationCriticalityDropdownInSoftwareAsset" time="16.333" classname="technologyRisk.DropdownApplicationCriticalityInSoftware"/>
</testsuite> <!-- Dropdown Application Criticality Options In Software Asset  -->
