<?xml version="1.0" encoding="UTF-8"?>
<!-- Generated by org.testng.reporters.JUnitXMLReporter -->
<testsuite hostname="DESKTOP-4SLAKQP" ignored="0" name="Dropdown Sub Control Name If Operational Radio Button And Personnel Security Option Selected" tests="1" failures="0" timestamp="2023-05-06T17:56:23 IST" time="46.931" errors="0">
  <testcase name="subControlNameDropdown" time="26.51" classname="technologyRisk.DropdownSubControlNameIfOperationalRadioButtonAndPersonnelSecurityOptionSelected"/>
</testsuite> <!-- Dropdown Sub Control Name If Operational Radio Button And Personnel Security Option Selected -->
