<?xml version="1.0" encoding="UTF-8"?>
<!-- Generated by org.testng.reporters.JUnitXMLReporter -->
<testsuite hostname="DESKTOP-4SLAKQP" ignored="0" name="Dropdown Risk Asset Class Options In Hardware Asset" tests="1" failures="0" timestamp="2023-05-06T18:09:54 IST" time="58.034" errors="0">
  <testcase name="riskAssetClassDropdownInHardwareAsset" time="31.184" classname="technologyRisk.DropdownRiskAssetClassInHardware"/>
</testsuite> <!-- Dropdown Risk Asset Class Options In Hardware Asset -->
