<?xml version="1.0" encoding="UTF-8"?>
<!-- Generated by org.testng.reporters.JUnitXMLReporter -->
<testsuite hostname="DESKTOP-4SLAKQP" ignored="0" name="Dropdown Sub Control Name If Operational Radio Button And Contingency Planing Option Selected In Physical Risk" tests="1" failures="0" timestamp="2023-05-08T12:53:06 IST" time="30.814" errors="0">
  <testcase name="dropdownSubControlNameIfOperationalRadioButtonAndContingencyPlaningOptionSelected" time="11.824" classname="physicalRisk.DropdownSubControlNameIfOperationalRadioButtonAndContingencyPlaningOptionSelected"/>
</testsuite> <!-- Dropdown Sub Control Name If Operational Radio Button And Contingency Planing Option Selected In Physical Risk -->
