<?xml version="1.0" encoding="UTF-8"?>
<!-- Generated by org.testng.reporters.JUnitXMLReporter -->
<testsuite hostname="DESKTOP-4SLAKQP" ignored="0" name="Dropdown Sub Control Name If Technical Radio Button And System And Communications Protection Option Selected" tests="1" failures="0" timestamp="2023-05-06T17:22:27 IST" time="60.4" errors="0">
  <testcase name="dropdownSubControlNameIfTechnicalRadioButtonAndSystemAndCommunicationsProtectionOptionSelected" time="34.707" classname="technologyRisk.DropdownSubControlNameIfTechnicalRadioButtonAndSystemAndCommunicationsProtectionOptionSelected"/>
</testsuite> <!-- Dropdown Sub Control Name If Technical Radio Button And System And Communications Protection Option Selected -->
