<?xml version="1.0" encoding="UTF-8"?>
<!-- Generated by org.testng.reporters.JUnitXMLReporter -->
<testsuite hostname="DESKTOP-4SLAKQP" ignored="0" name="Dropdown control Name Options If Management Radio Button Selected" tests="1" failures="0" timestamp="2023-05-06T17:15:41 IST" time="66.193" errors="0">
  <testcase name="dropdowncontrolNameIfManagementRadioButtonSelectedInTechnologyRisk" time="27.179" classname="technologyRisk.DropdowncontrolNameIfManagementRadioButtonSelected"/>
</testsuite> <!-- Dropdown control Name Options If Management Radio Button Selected -->
