<?xml version="1.0" encoding="UTF-8"?>
<!-- Generated by org.testng.reporters.JUnitXMLReporter -->
<testsuite hostname="DESKTOP-4SLAKQP" ignored="0" name="Dropdown Sub Control Name If Operational Radio Button And Contingency Planing Option Selected" tests="1" failures="0" timestamp="2023-05-06T17:52:54 IST" time="47.726" errors="0">
  <testcase name="dropdownSubControlNameIfOperationalRadioButtonAndContingencyPlaningOptionSelected" time="23.902" classname="technologyRisk.DropdownSubControlNameIfOperationalRadioButtonAndContingencyPlaningOptionSelected"/>
</testsuite> <!-- Dropdown Sub Control Name If Operational Radio Button And Contingency Planing Option Selected -->
