<?xml version="1.0" encoding="UTF-8"?>
<!-- Generated by org.testng.reporters.JUnitXMLReporter -->
<testsuite hostname="DESKTOP-4SLAKQP" ignored="0" name="Dropdown Sub Control Name If Operational Radio Button And Awareness And Training Option Selected In Physical Risk" tests="1" failures="0" timestamp="2023-05-08T12:51:57 IST" time="30.499" errors="0">
  <testcase name="dropdownSubControlNameIfOperationalRadioButtonAndAwarenessAndTrainingOptionSelected" time="12.307" classname="physicalRisk.DropdownSubControlNameIfOperationalRadioButtonAndAwarenessAndTrainingOptionSelected"/>
</testsuite> <!-- Dropdown Sub Control Name If Operational Radio Button And Awareness And Training Option Selected In Physical Risk -->
