<?xml version="1.0" encoding="UTF-8"?>
<!-- Generated by org.testng.reporters.JUnitXMLReporter -->
<testsuite hostname="DESKTOP-4SLAKQP" ignored="0" name="Dropdown control Name If Operational Radio Button Selected In Physical Risk" tests="1" failures="0" timestamp="2023-05-08T12:34:13 IST" time="44.038" errors="0">
  <testcase name="dropdowncontrolNameIfOperationalRadioButtonSelectedInPhysicalRisk" time="19.43" classname="physicalRisk.DropdowncontrolNameIfOperationalRadioButtonSelected"/>
</testsuite> <!-- Dropdown control Name If Operational Radio Button Selected In Physical Risk -->
