<?xml version="1.0" encoding="UTF-8"?>
<!-- Generated by org.testng.reporters.JUnitXMLReporter -->
<testsuite hostname="DESKTOP-4SLAKQP" ignored="0" name="Dropdown Sub Control Name If Technical Radio Button And Access Control Option Selected" tests="1" failures="0" timestamp="2023-05-06T17:57:09 IST" time="45.357" errors="0">
  <testcase name="dropdownSubControlNameIfTechnicalRadioButtonAndAccessControlOptionSelected" time="24.261" classname="technologyRisk.DropdownSubControlNameIfTechnicalRadioButtonAndAccessControlOptionSelected"/>
</testsuite> <!-- Dropdown Sub Control Name If Technical Radio Button And Access Control Option Selected -->
