<?xml version="1.0" encoding="UTF-8"?>
<!-- Generated by org.testng.reporters.JUnitXMLReporter -->
<testsuite hostname="DESKTOP-4SLAKQP" ignored="0" name="Dropdown Probability Of Occurance Options In Physical Risk" tests="1" failures="0" timestamp="2023-05-08T12:45:25 IST" time="29.02" errors="0">
  <testcase name="probabilityOfOccuranceDropdownInPhysicalRisk" time="10.714" classname="physicalRisk.DropdownProbabilityOfOccurance"/>
</testsuite> <!-- Dropdown Probability Of Occurance Options In Physical Risk -->
