<?xml version="1.0" encoding="UTF-8"?>
<!-- Generated by org.testng.reporters.JUnitXMLReporter -->
<testsuite hostname="DESKTOP-4SLAKQP" ignored="0" name="Dropdown Risk Assess Frequency Options In Software Asset" tests="1" failures="0" timestamp="2023-05-06T17:55:36 IST" time="41.089" errors="0">
  <testcase name="riskAssessFrequencyDropdownInSoftwareAsset" time="15.254" classname="technologyRisk.DropdownRiskAssessFrequencyInSoftware"/>
</testsuite> <!-- Dropdown Risk Assess Frequency Options In Software Asset -->
