<?xml version="1.0" encoding="UTF-8"?>
<!-- Generated by org.testng.reporters.JUnitXMLReporter -->
<testsuite hostname="DESKTOP-4SLAKQP" ignored="0" name="Dropdown Business Function Options In Hardware Asset" tests="1" failures="0" timestamp="2023-05-06T17:44:05 IST" time="36.327" errors="0">
  <testcase name="businessFunctionDropdownInHardwareAsset" time="14.347" classname="technologyRisk.DropdownBusinessFunctionInHardware"/>
</testsuite> <!-- Dropdown Business Function Options In Hardware Asset -->
