<?xml version="1.0" encoding="UTF-8"?>
<!-- Generated by org.testng.reporters.JUnitXMLReporter -->
<testsuite hostname="DESKTOP-4SLAKQP" ignored="0" name="Dropdown Sub Control Name If Management Radio Button And System And Services Acquisition Option Selected" tests="1" failures="0" timestamp="2023-05-06T17:48:31 IST" time="39.568" errors="0">
  <testcase name="dropdownSubControlNameIfManagementRadioButtonAndSystemAndServicesAcquisitionOptionSelected" time="18.161" classname="technologyRisk.DropdownSubControlNameIfManagementRadioButtonAndSystemAndServicesAcquisitionOptionSelected"/>
</testsuite> <!-- Dropdown Sub Control Name If Management Radio Button And System And Services Acquisition Option Selected -->
