<?xml version="1.0" encoding="UTF-8"?>
<!-- Generated by org.testng.reporters.JUnitXMLReporter -->
<testsuite hostname="DESKTOP-4SLAKQP" ignored="0" name="Dropdown Sub Control Name If Technical Radio Button And System And Communications Protection Option Selected In Physical Risk" tests="1" failures="0" timestamp="2023-05-08T12:31:57 IST" time="71.021" errors="0">
  <testcase name="dropdownSubControlNameIfTechnicalRadioButtonAndSystemAndCommunicationsProtectionOptionSelected" time="31.671" classname="physicalRisk.DropdownSubControlNameIfTechnicalRadioButtonAndSystemAndCommunicationsProtectionOptionSelected"/>
</testsuite> <!-- Dropdown Sub Control Name If Technical Radio Button And System And Communications Protection Option Selected In Physical Risk -->
