<?xml version="1.0" encoding="UTF-8"?>
<!-- Generated by org.testng.reporters.JUnitXMLReporter -->
<testsuite hostname="DESKTOP-4SLAKQP" ignored="0" name="Dropdown Operating System Options In Software Asset" tests="1" failures="0" timestamp="2023-05-06T17:40:33 IST" time="48.008" errors="0">
  <testcase name="operatingSystemDropdownInSoftwareAsset" time="25.598" classname="technologyRisk.DropdownOperatingSystemInSoftware"/>
</testsuite> <!-- Dropdown Operating System Options In Software Asset -->
