<?xml version="1.0" encoding="UTF-8"?>
<!-- Generated by org.testng.reporters.JUnitXMLReporter -->
<testsuite hostname="DESKTOP-4SLAKQP" ignored="0" name="To Create A New Technology Risk " tests="2" failures="0" timestamp="2023-05-06T17:47:51 IST" time="184.684" errors="0">
  <testcase name="newTchnologyRiskAssessment" time="104.504" classname="technologyRisk.ToCreateANewTechnologyRiskAssessment"/>
  <testcase name="newTchnologyRiskAssessment" time="58.035" classname="technologyRisk.ToCreateANewTechnologyRiskAssessment"/>
</testsuite> <!-- To Create A New Technology Risk  -->
