<?xml version="1.0" encoding="UTF-8"?>
<testng-results skipped="0" failed="0" ignored="0" total="1" passed="1">
  <reporter-output>
    <line>
      <![CDATA[Chrome Browser launched successfully]]>
    </line>
    <line>
      <![CDATA[Successfully navigated to the url]]>
    </line>
    <line>
      <![CDATA[UserId TextBox is provided in login page]]>
    </line>
    <line>
      <![CDATA[Place Holder is provided for UserId TextBox in login page]]>
    </line>
    <line>
      <![CDATA[Place Holder is provided for UserId TextBox in login page]]>
    </line>
    <line>
      <![CDATA[Clicked on Login button in login page]]>
    </line>
    <line>
      <![CDATA[Successfully navigated to home page of the application]]>
    </line>
    <line>
      <![CDATA[Successfully navigated to hipaa risk management system page]]>
    </line>
    <line>
      <![CDATA[The Risk ID captured is JQW171]]>
    </line>
    <line>
      <![CDATA[Successfully verified Success Message in Hardware Asset Page on creating a New Hardware Asset]]>
    </line>
    <line>
      <![CDATA[JQW171]]>
    </line>
    <line>
      <![CDATA[Network]]>
    </line>
    <line>
      <![CDATA[Infrastructure]]>
    </line>
    <line>
      <![CDATA[Test]]>
    </line>
    <line>
      <![CDATA[Test]]>
    </line>
    <line>
      <![CDATA[Sony]]>
    </line>
    <line>
      <![CDATA[Medium]]>
    </line>
    <line>
      <![CDATA[As]]>
    </line>
    <line>
      <![CDATA[per]]>
    </line>
    <line>
      <![CDATA[policy]]>
    </line>
    <line>
      <![CDATA[Patient]]>
    </line>
    <line>
      <![CDATA[billing]]>
    </line>
    <line>
      <![CDATA[Test]]>
    </line>
    <line>
      <![CDATA[Diagnostics]]>
    </line>
  </reporter-output>
  <suite name="Default suite" duration-ms="90727" started-at="2023-05-14T10:42:34 IST" finished-at="2023-05-14T10:44:04 IST">
    <groups>
    </groups>
    <test name="Default test" duration-ms="90727" started-at="2023-05-14T10:42:34 IST" finished-at="2023-05-14T10:44:04 IST">
      <class name="technologyRisk.ToCreateNewHardwareAsset">
        <test-method status="PASS" signature="initialiseExtendReports()[pri:0, instance:technologyRisk.ToCreateNewHardwareAsset@612fc6eb]" name="initialiseExtendReports" is-config="true" duration-ms="1259" started-at="2023-05-14T10:42:32 IST" finished-at="2023-05-14T10:42:34 IST">
          <reporter-output>
          </reporter-output>
        </test-method> <!-- initialiseExtendReports -->
        <test-method status="PASS" signature="driver(org.testng.ITestContext,java.lang.String)[pri:0, instance:technologyRisk.ToCreateNewHardwareAsset@612fc6eb]" name="driver" is-config="true" duration-ms="34418" started-at="2023-05-14T10:42:34 IST" finished-at="2023-05-14T10:43:08 IST">
          <params>
            <param index="0">
              <value>
                <![CDATA[org.testng.TestRunner@6cf0a747]]>
              </value>
            </param>
            <param index="1">
              <value>
                <![CDATA[chrome]]>
              </value>
            </param>
          </params>
          <reporter-output>
            <line>
              <![CDATA[Chrome Browser launched successfully]]>
            </line>
            <line>
              <![CDATA[Successfully navigated to the url]]>
            </line>
            <line>
              <![CDATA[UserId TextBox is provided in login page]]>
            </line>
            <line>
              <![CDATA[Place Holder is provided for UserId TextBox in login page]]>
            </line>
            <line>
              <![CDATA[Place Holder is provided for UserId TextBox in login page]]>
            </line>
            <line>
              <![CDATA[Clicked on Login button in login page]]>
            </line>
            <line>
              <![CDATA[Successfully navigated to home page of the application]]>
            </line>
            <line>
              <![CDATA[Successfully navigated to hipaa risk management system page]]>
            </line>
          </reporter-output>
        </test-method> <!-- driver -->
        <test-method status="PASS" signature="createNewHardwareAsset([Ljava.lang.String;)[pri:0, instance:technologyRisk.ToCreateNewHardwareAsset@612fc6eb]" name="createNewHardwareAsset" duration-ms="46006" started-at="2023-05-14T10:43:16 IST" data-provider="getData" finished-at="2023-05-14T10:44:02 IST">
          <params>
            <param index="0">
              <value>
                <![CDATA[[Ljava.lang.String;@260ff5b7]]>
              </value>
            </param>
          </params>
          <reporter-output>
            <line>
              <![CDATA[The Risk ID captured is JQW171]]>
            </line>
            <line>
              <![CDATA[Successfully verified Success Message in Hardware Asset Page on creating a New Hardware Asset]]>
            </line>
            <line>
              <![CDATA[JQW171]]>
            </line>
            <line>
              <![CDATA[Network]]>
            </line>
            <line>
              <![CDATA[Infrastructure]]>
            </line>
            <line>
              <![CDATA[Test]]>
            </line>
            <line>
              <![CDATA[Test]]>
            </line>
            <line>
              <![CDATA[Sony]]>
            </line>
            <line>
              <![CDATA[Medium]]>
            </line>
            <line>
              <![CDATA[As]]>
            </line>
            <line>
              <![CDATA[per]]>
            </line>
            <line>
              <![CDATA[policy]]>
            </line>
            <line>
              <![CDATA[Patient]]>
            </line>
            <line>
              <![CDATA[billing]]>
            </line>
            <line>
              <![CDATA[Test]]>
            </line>
            <line>
              <![CDATA[Diagnostics]]>
            </line>
          </reporter-output>
        </test-method> <!-- createNewHardwareAsset -->
        <test-method status="PASS" signature="checkResult(java.lang.reflect.Method,org.testng.ITestResult)[pri:0, instance:technologyRisk.ToCreateNewHardwareAsset@612fc6eb]" name="checkResult" is-config="true" duration-ms="2" started-at="2023-05-14T10:44:02 IST" finished-at="2023-05-14T10:44:02 IST">
          <params>
            <param index="0">
              <value>
                <![CDATA[public void technologyRisk.ToCreateNewHardwareAsset.createNewHardwareAsset(java.lang.String[])]]>
              </value>
            </param>
            <param index="1">
              <value>
                <![CDATA[[TestResult name=createNewHardwareAsset status=SUCCESS method=ToCreateNewHardwareAsset.createNewHardwareAsset([Ljava.lang.String;)[pri:0, instance:technologyRisk.ToCreateNewHardwareAsset@612fc6eb] output=The Risk ID captured is JQW171]]]>
              </value>
            </param>
          </params>
          <reporter-output>
          </reporter-output>
        </test-method> <!-- checkResult -->
        <test-method status="PASS" signature="quit()[pri:0, instance:technologyRisk.ToCreateNewHardwareAsset@612fc6eb]" name="quit" is-config="true" duration-ms="1942" started-at="2023-05-14T10:44:02 IST" finished-at="2023-05-14T10:44:04 IST">
          <reporter-output>
          </reporter-output>
        </test-method> <!-- quit -->
        <test-method status="PASS" signature="generateExtentReports()[pri:0, instance:technologyRisk.ToCreateNewHardwareAsset@612fc6eb]" name="generateExtentReports" is-config="true" duration-ms="3511" started-at="2023-05-14T10:44:04 IST" finished-at="2023-05-14T10:44:08 IST">
          <reporter-output>
          </reporter-output>
        </test-method> <!-- generateExtentReports -->
      </class> <!-- technologyRisk.ToCreateNewHardwareAsset -->
    </test> <!-- Default test -->
  </suite> <!-- Default suite -->
</testng-results>
