<?xml version="1.0" encoding="UTF-8"?>
<testng-results skipped="7" failed="7" ignored="0" total="66" passed="52">
  <reporter-output>
    <line>
      <![CDATA[Successfully clicked on Technology Risk Assessment text on Hipaa Risk Management Page]]>
    </line>
    <line>
      <![CDATA[Successfully clicked on Risk Assessment on left navigation bar in technology risks page]]>
    </line>
    <line>
      <![CDATA[The Management Control Name Dropdown options from UI are ]]>
    </line>
    <line>
      <![CDATA[Certification, Accreditation, and Security Assessments]]>
    </line>
    <line>
      <![CDATA[Planning]]>
    </line>
    <line>
      <![CDATA[Risk Assessment]]>
    </line>
    <line>
      <![CDATA[System and Services Acquisition]]>
    </line>
    <line>
      <![CDATA[The Management Control Name Dropdown Options from Excel are]]>
    </line>
    <line>
      <![CDATA[Certification, Accreditation, and Security Assessments]]>
    </line>
    <line>
      <![CDATA[Planning]]>
    </line>
    <line>
      <![CDATA[Risk Assessment]]>
    </line>
    <line>
      <![CDATA[System and Services Acquisition]]>
    </line>
    <line>
      <![CDATA[Options are Matching]]>
    </line>
    <line>
      <![CDATA[Successfully clicked on Technology Risk Assessment text on Hipaa Risk Management Page]]>
    </line>
    <line>
      <![CDATA[Successfully clicked on Risk Assessment on left navigation bar in technology risks page]]>
    </line>
    <line>
      <![CDATA[The Risk Asset Class Dropdown options from UI are ]]>
    </line>
    <line>
      <![CDATA[ePHI Software]]>
    </line>
    <line>
      <![CDATA[Laptop]]>
    </line>
    <line>
      <![CDATA[Mobile/Handheld Devices]]>
    </line>
    <line>
      <![CDATA[Network Infrastructure]]>
    </line>
    <line>
      <![CDATA[Operating System]]>
    </line>
    <line>
      <![CDATA[Server Hardware]]>
    </line>
    <line>
      <![CDATA[Server Software]]>
    </line>
    <line>
      <![CDATA[The Risk Asset Class Dropdown Options from Excel are]]>
    </line>
    <line>
      <![CDATA[ePHI Software]]>
    </line>
    <line>
      <![CDATA[Laptop]]>
    </line>
    <line>
      <![CDATA[Mobile/Handheld Devices]]>
    </line>
    <line>
      <![CDATA[Network Infrastructure]]>
    </line>
    <line>
      <![CDATA[Operating System]]>
    </line>
    <line>
      <![CDATA[Server Hardware]]>
    </line>
    <line>
      <![CDATA[Server Software]]>
    </line>
    <line>
      <![CDATA[Options are Matching]]>
    </line>
    <line>
      <![CDATA[The Application Criticality Dropdown options from UI are ]]>
    </line>
    <line>
      <![CDATA[High]]>
    </line>
    <line>
      <![CDATA[Medium]]>
    </line>
    <line>
      <![CDATA[Low]]>
    </line>
    <line>
      <![CDATA[The Application Criticality Dropdown Options from Excel are]]>
    </line>
    <line>
      <![CDATA[High]]>
    </line>
    <line>
      <![CDATA[Medium]]>
    </line>
    <line>
      <![CDATA[Low]]>
    </line>
    <line>
      <![CDATA[Options are Matching]]>
    </line>
    <line>
      <![CDATA[Successfully clicked on Technology Risk Assessment text on Hipaa Risk Management Page]]>
    </line>
    <line>
      <![CDATA[Successfully clicked on Risk Assessment on left navigation bar in technology risks page]]>
    </line>
    <line>
      <![CDATA[The Risk Input Dropdown options from UI are ]]>
    </line>
    <line>
      <![CDATA[Feedback]]>
    </line>
    <line>
      <![CDATA[Audit]]>
    </line>
    <line>
      <![CDATA[Management Review]]>
    </line>
    <line>
      <![CDATA[Periodic Review]]>
    </line>
    <line>
      <![CDATA[Customer]]>
    </line>
    <line>
      <![CDATA[The Risk Input Dropdown Options from Excel are]]>
    </line>
    <line>
      <![CDATA[Feedback]]>
    </line>
    <line>
      <![CDATA[Audit]]>
    </line>
    <line>
      <![CDATA[Management Review]]>
    </line>
    <line>
      <![CDATA[Periodic Review]]>
    </line>
    <line>
      <![CDATA[Customer]]>
    </line>
    <line>
      <![CDATA[Options are Matching]]>
    </line>
    <line>
      <![CDATA[Successfully clicked on Technology Risk Assessment text on Hipaa Risk Management Page]]>
    </line>
    <line>
      <![CDATA[Successfully clicked on Risk Assessment on left navigation bar in technology risks page]]>
    </line>
    <line>
      <![CDATA[The Data Classification Dropdown options from UI are ]]>
    </line>
    <line>
      <![CDATA[Confidential [Contains - ePHI]]]>
    </line>
    <line>
      <![CDATA[Sensitive [Non-PHI, but business ctitial]]]>
    </line>
    <line>
      <![CDATA[The Data Classification Dropdown Options from Excel are]]>
    </line>
    <line>
      <![CDATA[Confidential [Contains - ePHI]]]>
    </line>
    <line>
      <![CDATA[Sensitive [Non-PHI, but business ctitial]]]>
    </line>
    <line>
      <![CDATA[Options are Matching]]>
    </line>
    <line>
      <![CDATA[Successfully clicked on Technology Risk Assessment text on Hipaa Risk Management Page]]>
    </line>
    <line>
      <![CDATA[Successfully clicked on Risk Assessment on left navigation bar in technology risks page]]>
    </line>
    <line>
      <![CDATA[The DepartmentFunction Dropdown options from UI are ]]>
    </line>
    <line>
      <![CDATA[Admissions]]>
    </line>
    <line>
      <![CDATA[Clinic]]>
    </line>
    <line>
      <![CDATA[Diagnostics]]>
    </line>
    <line>
      <![CDATA[Emergency]]>
    </line>
    <line>
      <![CDATA[Ethics and Compliance]]>
    </line>
    <line>
      <![CDATA[Inpatient]]>
    </line>
    <line>
      <![CDATA[IT]]>
    </line>
    <line>
      <![CDATA[Nursing]]>
    </line>
    <line>
      <![CDATA[Quality]]>
    </line>
    <line>
      <![CDATA[Error : DropDown options from UI are not matching with expected option in the excel]]>
    </line>
    <line>
      <![CDATA[Successfully clicked on Technology Risk Assessment text on Hipaa Risk Management Page]]>
    </line>
    <line>
      <![CDATA[Successfully clicked on Risk Assessment on left navigation bar in technology risks page]]>
    </line>
    <line>
      <![CDATA[Successfully clicked on New Risk under Risk Assessment section in technology risk page]]>
    </line>
    <line>
      <![CDATA[Successfully clicked on Technology Risk Assessment text on Hipaa Risk Management Page]]>
    </line>
    <line>
      <![CDATA[Successfully clicked on Risk Assessment on left navigation bar in technology risks page]]>
    </line>
    <line>
      <![CDATA[The Operational Maintenance Sub Control Name Dropdown options from UI are ]]>
    </line>
    <line>
      <![CDATA[]]>
    </line>
    <line>
      <![CDATA[]]>
    </line>
    <line>
      <![CDATA[]]>
    </line>
    <line>
      <![CDATA[]]>
    </line>
    <line>
      <![CDATA[]]>
    </line>
    <line>
      <![CDATA[]]>
    </line>
    <line>
      <![CDATA[]]>
    </line>
    <line>
      <![CDATA[]]>
    </line>
    <line>
      <![CDATA[SYSTEM MAINTENANCE POLICY AND PROCEDURES]]>
    </line>
    <line>
      <![CDATA[CONTROLLED MAINTENANCE]]>
    </line>
    <line>
      <![CDATA[MAINTENANCE TOOLS]]>
    </line>
    <line>
      <![CDATA[NONLOCAL MAINTENANCE]]>
    </line>
    <line>
      <![CDATA[MAINTENANCE PERSONNEL]]>
    </line>
    <line>
      <![CDATA[TIMELY MAINTENANCE]]>
    </line>
    <line>
      <![CDATA[Error : DropDown options from UI are not matching with expected option in the excel]]>
    </line>
    <line>
      <![CDATA[Successfully clicked on Technology Risk Assessment text on Hipaa Risk Management Page]]>
    </line>
    <line>
      <![CDATA[Successfully clicked on Risk Assessment on left navigation bar in technology risks page]]>
    </line>
    <line>
      <![CDATA[The Technical System and Communications Protection Sub Control Name Dropdown options from UI are ]]>
    </line>
    <line>
      <![CDATA[]]>
    </line>
    <line>
      <![CDATA[]]>
    </line>
    <line>
      <![CDATA[]]>
    </line>
    <line>
      <![CDATA[Error : DropDown options from UI are not matching with expected option in the excel]]>
    </line>
    <line>
      <![CDATA[Successfully clicked on Technology Risk Assessment text on Hipaa Risk Management Page]]>
    </line>
    <line>
      <![CDATA[Successfully clicked on Risk Assessment on left navigation bar in technology risks page]]>
    </line>
    <line>
      <![CDATA[The Risk assess frequency Dropdown options from UI are ]]>
    </line>
    <line>
      <![CDATA[As per policy]]>
    </line>
    <line>
      <![CDATA[Ahdoc/Need basis]]>
    </line>
    <line>
      <![CDATA[The Risk assess frequency Dropdown Options from Excel are]]>
    </line>
    <line>
      <![CDATA[As per policy]]>
    </line>
    <line>
      <![CDATA[Ahdoc/Need basis]]>
    </line>
    <line>
      <![CDATA[Options are Matching]]>
    </line>
    <line>
      <![CDATA[Successfully navigated to HRM Page on clicking on HIPAA on home page]]>
    </line>
    <line>
      <![CDATA[Successfully navigated to Technology Risk Assessment Page upon clicking on Technology Risk Assessment Text in HRM Page]]>
    </line>
    <line>
      <![CDATA[Successfully clicked on Technology Risk Assessment text on Hipaa Risk Management Page]]>
    </line>
    <line>
      <![CDATA[Successfully clicked on Risk Assessment on left navigation bar in technology risks page]]>
    </line>
    <line>
      <![CDATA[The Operational Control Name Dropdown options from UI are ]]>
    </line>
    <line>
      <![CDATA[Awareness and Training]]>
    </line>
    <line>
      <![CDATA[Configuration Management]]>
    </line>
    <line>
      <![CDATA[Contingency Planing]]>
    </line>
    <line>
      <![CDATA[Incident Response]]>
    </line>
    <line>
      <![CDATA[Maintenance]]>
    </line>
    <line>
      <![CDATA[Media Protection]]>
    </line>
    <line>
      <![CDATA[Physical and Environmental Protection]]>
    </line>
    <line>
      <![CDATA[Personnel Security]]>
    </line>
    <line>
      <![CDATA[System and Infoemation Integrity]]>
    </line>
    <line>
      <![CDATA[The Operational Control Name Dropdown Options from Excel are]]>
    </line>
    <line>
      <![CDATA[Awareness and Training]]>
    </line>
    <line>
      <![CDATA[Configuration Management]]>
    </line>
    <line>
      <![CDATA[Contingency Planing]]>
    </line>
    <line>
      <![CDATA[Incident Response]]>
    </line>
    <line>
      <![CDATA[Maintenance]]>
    </line>
    <line>
      <![CDATA[Media Protection]]>
    </line>
    <line>
      <![CDATA[Physical and Environmental Protection]]>
    </line>
    <line>
      <![CDATA[Personnel Security]]>
    </line>
    <line>
      <![CDATA[System and Infoemation Integrity]]>
    </line>
    <line>
      <![CDATA[Options are Matching]]>
    </line>
    <line>
      <![CDATA[Successfully clicked on Technology Risk Assessment text on Hipaa Risk Management Page]]>
    </line>
    <line>
      <![CDATA[Successfully clicked on Risk Assessment on left navigation bar in technology risks page]]>
    </line>
    <line>
      <![CDATA[The Probability of Occurance Dropdown options from UI are ]]>
    </line>
    <line>
      <![CDATA[High]]>
    </line>
    <line>
      <![CDATA[Medium]]>
    </line>
    <line>
      <![CDATA[Low]]>
    </line>
    <line>
      <![CDATA[The Probability of Occurance Dropdown Options from Excel are]]>
    </line>
    <line>
      <![CDATA[High]]>
    </line>
    <line>
      <![CDATA[Medium]]>
    </line>
    <line>
      <![CDATA[Low]]>
    </line>
    <line>
      <![CDATA[Options are Matching]]>
    </line>
    <line>
      <![CDATA[Successfully clicked on Technology Risk Assessment text on Hipaa Risk Management Page]]>
    </line>
    <line>
      <![CDATA[Successfully clicked on Risk Assessment on left navigation bar in technology risks page]]>
    </line>
    <line>
      <![CDATA[The Operating System Dropdown options from UI are ]]>
    </line>
    <line>
      <![CDATA[Windows]]>
    </line>
    <line>
      <![CDATA[Linux]]>
    </line>
    <line>
      <![CDATA[MAC]]>
    </line>
    <line>
      <![CDATA[The Operating System Dropdown Options from Excel are]]>
    </line>
    <line>
      <![CDATA[Windows]]>
    </line>
    <line>
      <![CDATA[Linux]]>
    </line>
    <line>
      <![CDATA[MAC]]>
    </line>
    <line>
      <![CDATA[Options are Matching]]>
    </line>
    <line>
      <![CDATA[Successfully clicked on Technology Risk Assessment text on Hipaa Risk Management Page]]>
    </line>
    <line>
      <![CDATA[Successfully clicked on Risk Assessment on left navigation bar in Technology risks page]]>
    </line>
    <line>
      <![CDATA[The Risk Response Dropdown options from UI are ]]>
    </line>
    <line>
      <![CDATA[Transfer]]>
    </line>
    <line>
      <![CDATA[Mitigate]]>
    </line>
    <line>
      <![CDATA[Avoid]]>
    </line>
    <line>
      <![CDATA[Accept]]>
    </line>
    <line>
      <![CDATA[Error : DropDown options from UI are not matching with expected option in the excel]]>
    </line>
    <line>
      <![CDATA[Successfully clicked on Technology Risk Assessment text on Hipaa Risk Management Page]]>
    </line>
    <line>
      <![CDATA[Successfully clicked on Risk Assessment on left navigation bar in technology risks page]]>
    </line>
    <line>
      <![CDATA[The Impact Level Dropdown options from UI are ]]>
    </line>
    <line>
      <![CDATA[High]]>
    </line>
    <line>
      <![CDATA[Medium]]>
    </line>
    <line>
      <![CDATA[Low]]>
    </line>
    <line>
      <![CDATA[The Impact Level Dropdown Options from Excel are]]>
    </line>
    <line>
      <![CDATA[High]]>
    </line>
    <line>
      <![CDATA[Medium]]>
    </line>
    <line>
      <![CDATA[Low]]>
    </line>
    <line>
      <![CDATA[Options are Matching]]>
    </line>
    <line>
      <![CDATA[Successfully clicked on Technology Risk Assessment text on Hipaa Risk Management Page]]>
    </line>
    <line>
      <![CDATA[Successfully clicked on Risk Assessment on left navigation bar in technology risks page]]>
    </line>
    <line>
      <![CDATA[The Operational Physical and Environmental Protection Sub Control Name Dropdown options from UI are ]]>
    </line>
    <line>
      <![CDATA[]]>
    </line>
    <line>
      <![CDATA[]]>
    </line>
    <line>
      <![CDATA[]]>
    </line>
    <line>
      <![CDATA[]]>
    </line>
    <line>
      <![CDATA[]]>
    </line>
    <line>
      <![CDATA[]]>
    </line>
    <line>
      <![CDATA[]]>
    </line>
    <line>
      <![CDATA[]]>
    </line>
    <line>
      <![CDATA[PHYSICAL AND ENVIRONMENTAL PROTECTION POLICY AND PROCEDURES]]>
    </line>
    <line>
      <![CDATA[PHYSICAL ACCESS AUTHORIZATIONS]]>
    </line>
    <line>
      <![CDATA[PHYSICAL ACCESS CONTROL]]>
    </line>
    <line>
      <![CDATA[ACCESS CONTROL FOR TRANSMISSION MEDIUM]]>
    </line>
    <line>
      <![CDATA[ACCESS CONTROL FOR OUTPUT DEVICES]]>
    </line>
    <line>
      <![CDATA[MONITORING PHYSICAL ACCESS]]>
    </line>
    <line>
      <![CDATA[VISITOR CONTROL]]>
    </line>
    <line>
      <![CDATA[VISITOR ACCESS RECORDS]]>
    </line>
    <line>
      <![CDATA[POWER EQUIPMENT AND CABLING]]>
    </line>
    <line>
      <![CDATA[EMERGENCY SHUTOFF]]>
    </line>
    <line>
      <![CDATA[EMERGENCY POWER]]>
    </line>
    <line>
      <![CDATA[EMERGENCY LIGHTING]]>
    </line>
    <line>
      <![CDATA[FIRE PROTECTION]]>
    </line>
    <line>
      <![CDATA[TEMPERATURE AND HUMIDITY CONTROLS]]>
    </line>
    <line>
      <![CDATA[WATER DAMAGE PROTECTION]]>
    </line>
    <line>
      <![CDATA[DELIVERY AND REMOVAL]]>
    </line>
    <line>
      <![CDATA[ALTERNATE WORK SITE]]>
    </line>
    <line>
      <![CDATA[LOCATION OF INFORMATION SYSTEM COMPONENTS]]>
    </line>
    <line>
      <![CDATA[INFORMATION LEAKAGE]]>
    </line>
    <line>
      <![CDATA[ASSET MONITORING AND TRACKING]]>
    </line>
    <line>
      <![CDATA[Error : DropDown options from UI are not matching with expected option in the excel]]>
    </line>
    <line>
      <![CDATA[The Risk ID captured is QOF563]]>
    </line>
    <line>
      <![CDATA[Successfully clicked on Technology Risk Assessment text on Hipaa Risk Management Page]]>
    </line>
    <line>
      <![CDATA[Successfully clicked on Risk Assessment on left navigation bar in technology risks page]]>
    </line>
    <line>
      <![CDATA[The Business Function Dropdown options from UI are ]]>
    </line>
    <line>
      <![CDATA[Patient Treatment]]>
    </line>
    <line>
      <![CDATA[Patient billing]]>
    </line>
    <line>
      <![CDATA[Healthcare Operations]]>
    </line>
    <line>
      <![CDATA[Communications]]>
    </line>
    <line>
      <![CDATA[The Business Function Dropdown Options from Excel are]]>
    </line>
    <line>
      <![CDATA[Patient Treatment]]>
    </line>
    <line>
      <![CDATA[Patient billing]]>
    </line>
    <line>
      <![CDATA[Healthcare Operations]]>
    </line>
    <line>
      <![CDATA[Communications]]>
    </line>
    <line>
      <![CDATA[Options are Matching]]>
    </line>
    <line>
      <![CDATA[Successfully clicked on Technology Risk Assessment text on Hipaa Risk Management Page]]>
    </line>
    <line>
      <![CDATA[Successfully clicked on Risk Assessment on left navigation bar in Technology risks page]]>
    </line>
    <line>
      <![CDATA[The Status Dropdown options from UI are ]]>
    </line>
    <line>
      <![CDATA[Open]]>
    </line>
    <line>
      <![CDATA[In-Progress]]>
    </line>
    <line>
      <![CDATA[Close]]>
    </line>
    <line>
      <![CDATA[Error : DropDown options from UI are not matching with expected option in the excel]]>
    </line>
    <line>
      <![CDATA[The Risk ID captured is RSKT278]]>
    </line>
    <line>
      <![CDATA[The captured description :The organization:
a. Develops, documents, and disseminates to [Assignment: organization-defined personnel or roles]:
1. An identification and authentication policy that addresses purpose, scope, roles, responsibilities, management commitment, coordination among organizational entities, and compliance; and
2. Procedures to facilitate the implementation of the identification and authentication policy and associated identification and authentication controls; and
b. Reviews and updates the current:
1. Identification and authentication policy [Assignment: organization-defined frequency]; and
2. Identificatio]]>
    </line>
    <line>
      <![CDATA[The Target Quarter is :Q4]]>
    </line>
    <line>
      <![CDATA[The Data in Edit Technology Risk Assessment Page is :]]>
    </line>
    <line>
      <![CDATA[RSKT424]]>
    </line>
    <line>
      <![CDATA[]]>
    </line>
    <line>
      <![CDATA[ToTest]]>
    </line>
    <line>
      <![CDATA[Shashank]]>
    </line>
    <line>
      <![CDATA[Audit]]>
    </line>
    <line>
      <![CDATA[Human]]>
    </line>
    <line>
      <![CDATA[Totest]]>
    </line>
    <line>
      <![CDATA[Testing]]>
    </line>
    <line>
      <![CDATA[Testing]]>
    </line>
    <line>
      <![CDATA[Confidentiality]]>
    </line>
    <line>
      <![CDATA[Low]]>
    </line>
    <line>
      <![CDATA[Access Control]]>
    </line>
    <line>
      <![CDATA[IDENTIFICATION AND AUTHENTICATION POLICY AND PROCEDURES]]>
    </line>
    <line>
      <![CDATA[The organization:
a. Develops, documents, and disseminates to [Assignment: organization-defined personnel or roles]:
1. An identification and authentication policy that addresses purpose, scope, roles, responsibilities, management commitment, coordination among organizational entities, and compliance; and
2. Procedures to facilitate the implementation of the identification and authentication policy and associated identification and authentication controls; and
b. Reviews and updates the current:
1. Identification and authentication policy [Assignment: organization-defined frequency]; and
2. Identificatio]]>
    </line>
    <line>
      <![CDATA[Q4]]>
    </line>
    <line>
      <![CDATA[Emergency]]>
    </line>
    <line>
      <![CDATA[Mitigate]]>
    </line>
    <line>
      <![CDATA[Open]]>
    </line>
    <line>
      <![CDATA[]]>
    </line>
    <line>
      <![CDATA[The Risk ID captured is RSKT821]]>
    </line>
    <line>
      <![CDATA[The captured description :The organization:
a. Develops, documents, and disseminates to [Assignment: organization-defined personnel or roles]:
1. A risk assessment policy that addresses purpose, scope, roles, responsibilities, management commitment, coordination among organizational entities, and compliance; and
2. Procedures to facilitate the implementation of the risk assessment policy and associated risk assessment controls; and
b. Reviews and updates the current:
1. Risk assessment policy [Assignment: organization-defined frequency]; and
2. Risk assessment procedures [Assignment: organization-defined frequency].]]>
    </line>
    <line>
      <![CDATA[The Target Quarter is :Q4]]>
    </line>
    <line>
      <![CDATA[The Data in Edit Technology Risk Assessment Page is :]]>
    </line>
    <line>
      <![CDATA[RSKT524]]>
    </line>
    <line>
      <![CDATA[]]>
    </line>
    <line>
      <![CDATA[ToTest]]>
    </line>
    <line>
      <![CDATA[Shashank]]>
    </line>
    <line>
      <![CDATA[Audit]]>
    </line>
    <line>
      <![CDATA[Human]]>
    </line>
    <line>
      <![CDATA[Totest]]>
    </line>
    <line>
      <![CDATA[Testing]]>
    </line>
    <line>
      <![CDATA[Testing]]>
    </line>
    <line>
      <![CDATA[Confidentiality]]>
    </line>
    <line>
      <![CDATA[Low]]>
    </line>
    <line>
      <![CDATA[Access Control]]>
    </line>
    <line>
      <![CDATA[RISK ASSESSMENT POLICY AND PROCEDURES]]>
    </line>
    <line>
      <![CDATA[The organization:
a. Develops, documents, and disseminates to [Assignment: organization-defined personnel or roles]:
1. A risk assessment policy that addresses purpose, scope, roles, responsibilities, management commitment, coordination among organizational entities, and compliance; and
2. Procedures to facilitate the implementation of the risk assessment policy and associated risk assessment controls; and
b. Reviews and updates the current:
1. Risk assessment policy [Assignment: organization-defined frequency]; and
2. Risk assessment procedures [Assignment: organization-defined frequency].]]>
    </line>
    <line>
      <![CDATA[Q4]]>
    </line>
    <line>
      <![CDATA[Emergency]]>
    </line>
    <line>
      <![CDATA[Mitigate]]>
    </line>
    <line>
      <![CDATA[Open]]>
    </line>
    <line>
      <![CDATA[]]>
    </line>
    <line>
      <![CDATA[Successfully clicked on Technology Risk Assessment text on Hipaa Risk Management Page]]>
    </line>
    <line>
      <![CDATA[Successfully clicked on Risk Assessment on left navigation bar in technology risks page]]>
    </line>
    <line>
      <![CDATA[The Management System and Services Acquisition Sub Control Name Dropdown options from UI are ]]>
    </line>
    <line>
      <![CDATA[]]>
    </line>
    <line>
      <![CDATA[]]>
    </line>
    <line>
      <![CDATA[]]>
    </line>
    <line>
      <![CDATA[SYSTEM AND SERVICES ACQUISITION POLICY AND PROCEDURES]]>
    </line>
    <line>
      <![CDATA[ALLOCATION OF RESOURCES]]>
    </line>
    <line>
      <![CDATA[SYSTEM DEVELOPMENT LIFE CYCLE]]>
    </line>
    <line>
      <![CDATA[ACQUISITION PROCESS]]>
    </line>
    <line>
      <![CDATA[INFORMATION SYSTEM DOCUMENTATION]]>
    </line>
    <line>
      <![CDATA[SOFTWARE USAGE RESTRICTIONS]]>
    </line>
    <line>
      <![CDATA[USER-INSTALLED SOFTWARE]]>
    </line>
    <line>
      <![CDATA[SECURITY ENGINEERING PRINCIPLES]]>
    </line>
    <line>
      <![CDATA[EXTERNAL INFORMATION SYSTEM SERVICES]]>
    </line>
    <line>
      <![CDATA[DEVELOPER CONFIGURATION MANAGEMENT]]>
    </line>
    <line>
      <![CDATA[DEVELOPER SECURITY TESTING AND EVALUATION]]>
    </line>
    <line>
      <![CDATA[SUPPLY CHAIN PROTECTION]]>
    </line>
    <line>
      <![CDATA[TRUSTWORTHINESS]]>
    </line>
    <line>
      <![CDATA[CRITICALITY ANALYSIS]]>
    </line>
    <line>
      <![CDATA[DEVELOPMENT PROCESS, STANDARDS, AND TOOLS]]>
    </line>
    <line>
      <![CDATA[DEVELOPER-PROVIDED TRAINING]]>
    </line>
    <line>
      <![CDATA[DEVELOPER SECURITY ARCHITECTURE AND DESIGN]]>
    </line>
    <line>
      <![CDATA[TAMPER RESISTANCE AND DETECTION]]>
    </line>
    <line>
      <![CDATA[COMPONENT AUTHENTICITY]]>
    </line>
    <line>
      <![CDATA[CUSTOMIZED DEVELOPMENT OF CRITICAL COMPONENTS]]>
    </line>
    <line>
      <![CDATA[DEVELOPER SCREENING]]>
    </line>
    <line>
      <![CDATA[UNSUPPORTED SYSTEM COMPONENTS]]>
    </line>
    <line>
      <![CDATA[Error : DropDown options from UI are not matching with expected option in the excel]]>
    </line>
    <line>
      <![CDATA[Successfully clicked on Technology Risk Assessment text on Hipaa Risk Management Page]]>
    </line>
    <line>
      <![CDATA[Successfully clicked on Risk Assessment on left navigation bar in technology risks page]]>
    </line>
    <line>
      <![CDATA[The Management Certification, Accreditation, and Security Assessments  Sub Control Name Dropdown options from UI are ]]>
    </line>
    <line>
      <![CDATA[]]>
    </line>
    <line>
      <![CDATA[]]>
    </line>
    <line>
      <![CDATA[]]>
    </line>
    <line>
      <![CDATA[SYSTEM AND COMMUNICATIONS PROTECTION POLICY AND PROCEDURES]]>
    </line>
    <line>
      <![CDATA[APPLICATION PARTITIONING]]>
    </line>
    <line>
      <![CDATA[SECURITY FUNCTION ISOLATION]]>
    </line>
    <line>
      <![CDATA[INFORMATION IN SHARED RESOURCES]]>
    </line>
    <line>
      <![CDATA[DENIAL OF SERVICE PROTECTION]]>
    </line>
    <line>
      <![CDATA[RESOURCE AVAILABILITY]]>
    </line>
    <line>
      <![CDATA[BOUNDARY PROTECTION]]>
    </line>
    <line>
      <![CDATA[TRANSMISSION CONFIDENTIALITY AND INTEGRITY]]>
    </line>
    <line>
      <![CDATA[TRANSMISSION CONFIDENTIALITY]]>
    </line>
    <line>
      <![CDATA[NETWORK DISCONNECT]]>
    </line>
    <line>
      <![CDATA[TRUSTED PATH]]>
    </line>
    <line>
      <![CDATA[CRYPTOGRAPHIC KEY ESTABLISHMENT AND MANAGEMENT]]>
    </line>
    <line>
      <![CDATA[CRYPTOGRAPHIC PROTECTION]]>
    </line>
    <line>
      <![CDATA[PUBLIC ACCESS PROTECTIONS]]>
    </line>
    <line>
      <![CDATA[COLLABORATIVE COMPUTING DEVICES]]>
    </line>
    <line>
      <![CDATA[TRANSMISSION OF SECURITY ATTRIBUTES]]>
    </line>
    <line>
      <![CDATA[PUBLIC KEY INFRASTRUCTURE CERTIFICATES]]>
    </line>
    <line>
      <![CDATA[MOBILE CODE]]>
    </line>
    <line>
      <![CDATA[VOICE OVER INTERNET PROTOCOL]]>
    </line>
    <line>
      <![CDATA[SECURE NAME / ADDRESS RESOLUTION SERVICE]]>
    </line>
    <line>
      <![CDATA[SECURE NAME / ADDRESS RESOLUTION SERVICE]]>
    </line>
    <line>
      <![CDATA[ARCHITECTURE AND PROVISIONING FOR NAME / ADDRESS RESOLUTION SERVICE]]>
    </line>
    <line>
      <![CDATA[SESSION AUTHENTICITY]]>
    </line>
    <line>
      <![CDATA[FAIL IN KNOWN STATE]]>
    </line>
    <line>
      <![CDATA[THIN NODES]]>
    </line>
    <line>
      <![CDATA[HONEYPOTS]]>
    </line>
    <line>
      <![CDATA[PLATFORM-INDEPENDENT APPLICATIONS]]>
    </line>
    <line>
      <![CDATA[PROTECTION OF INFORMATION AT REST]]>
    </line>
    <line>
      <![CDATA[HETEROGENEITY]]>
    </line>
    <line>
      <![CDATA[CONCEALMENT AND MISDIRECTION]]>
    </line>
    <line>
      <![CDATA[COVERT CHANNEL ANALYSIS]]>
    </line>
    <line>
      <![CDATA[INFORMATION SYSTEM PARTITIONING]]>
    </line>
    <line>
      <![CDATA[TRANSMISSION PREPARATION INTEGRITY]]>
    </line>
    <line>
      <![CDATA[NON-MODIFIABLE EXECUTABLE PROGRAMS]]>
    </line>
    <line>
      <![CDATA[HONEYCLIENTS]]>
    </line>
    <line>
      <![CDATA[DISTRIBUTED PROCESSING AND STORAGE]]>
    </line>
    <line>
      <![CDATA[OUT-OF-BAND CHANNELS]]>
    </line>
    <line>
      <![CDATA[OPERATIONS SECURITY]]>
    </line>
    <line>
      <![CDATA[PROCESS ISOLATION]]>
    </line>
    <line>
      <![CDATA[WIRELESS LINK PROTECTION]]>
    </line>
    <line>
      <![CDATA[PORT AND I/O DEVICE ACCESS]]>
    </line>
    <line>
      <![CDATA[SENSOR CAPABILITY AND DATA]]>
    </line>
    <line>
      <![CDATA[USAGE RESTRICTIONS]]>
    </line>
    <line>
      <![CDATA[DETONATION CHAMBERS]]>
    </line>
    <line>
      <![CDATA[Error : DropDown options from UI are not matching with expected option in the excel]]>
    </line>
    <line>
      <![CDATA[Successfully clicked on Technology Risk Assessment text on Hipaa Risk Management Page]]>
    </line>
    <line>
      <![CDATA[Successfully clicked on Risk Assessment on left navigation bar in technology risks page]]>
    </line>
    <line>
      <![CDATA[The Operational Media Protection Sub Control Name Dropdown options from UI are ]]>
    </line>
    <line>
      <![CDATA[]]>
    </line>
    <line>
      <![CDATA[]]>
    </line>
    <line>
      <![CDATA[]]>
    </line>
    <line>
      <![CDATA[]]>
    </line>
    <line>
      <![CDATA[]]>
    </line>
    <line>
      <![CDATA[]]>
    </line>
    <line>
      <![CDATA[]]>
    </line>
    <line>
      <![CDATA[]]>
    </line>
    <line>
      <![CDATA[MEDIA PROTECTION POLICY AND PROCEDURES]]>
    </line>
    <line>
      <![CDATA[MEDIA ACCESS]]>
    </line>
    <line>
      <![CDATA[MEDIA MARKING]]>
    </line>
    <line>
      <![CDATA[MEDIA STORAGE]]>
    </line>
    <line>
      <![CDATA[MEDIA TRANSPORT]]>
    </line>
    <line>
      <![CDATA[MEDIA SANITIZATION]]>
    </line>
    <line>
      <![CDATA[MEDIA USE]]>
    </line>
    <line>
      <![CDATA[MEDIA DOWNGRADING]]>
    </line>
    <line>
      <![CDATA[Error : DropDown options from UI are not matching with expected option in the excel]]>
    </line>
    <line>
      <![CDATA[Successfully clicked on Technology Risk Assessment text on Hipaa Risk Management Page]]>
    </line>
    <line>
      <![CDATA[Successfully clicked on Risk Assessment on left navigation bar in technology risks page]]>
    </line>
    <line>
      <![CDATA[The Management Planning Sub Control Name Dropdown options from UI are ]]>
    </line>
    <line>
      <![CDATA[]]>
    </line>
    <line>
      <![CDATA[]]>
    </line>
    <line>
      <![CDATA[]]>
    </line>
    <line>
      <![CDATA[SECURITY PLANNING POLICY AND PROCEDURES]]>
    </line>
    <line>
      <![CDATA[SYSTEM SECURITY PLAN]]>
    </line>
    <line>
      <![CDATA[SYSTEM SECURITY PLAN UPDATE]]>
    </line>
    <line>
      <![CDATA[RULES OF BEHAVIOR]]>
    </line>
    <line>
      <![CDATA[PRIVACY IMPACT ASSESSMENT]]>
    </line>
    <line>
      <![CDATA[SECURITY-RELATED ACTIVITY PLANNING]]>
    </line>
    <line>
      <![CDATA[SECURITY CONCEPT OF OPERATIONS]]>
    </line>
    <line>
      <![CDATA[INFORMATION SECURITY ARCHITECTURE]]>
    </line>
    <line>
      <![CDATA[CENTRAL MANAGEMENT]]>
    </line>
    <line>
      <![CDATA[Error : DropDown options from UI are not matching with expected option in the excel]]>
    </line>
    <line>
      <![CDATA[Verifyed KRI Dashboard section in left navigation bar for Technology Risk Assessment]]>
    </line>
    <line>
      <![CDATA[Successfully clicked on Risk Assessment in left navigation bar]]>
    </line>
    <line>
      <![CDATA[Successfully verifyed on clicking New risk in left navigation bar navigated to New Technology Risk Assessment Page]]>
    </line>
    <line>
      <![CDATA[Successfully verifyed on clicking Edit risk in left navigation bar navigated to Edit Technology Risk Assessment Page]]>
    </line>
    <line>
      <![CDATA[Successfully verifyed on clicking All risk in left navigation bar navigated to All Technology Risk Assessment Page]]>
    </line>
    <line>
      <![CDATA[Successfully verifyed on clicking Open risk in left navigation bar navigated to All Technology Risk Assessment Page]]>
    </line>
    <line>
      <![CDATA[Successfully verifyed on clicking In Progress risk in left navigation bar navigated to All Technology Risk Assessment Page]]>
    </line>
    <line>
      <![CDATA[Successfully verifyed on clicking Closed risk in left navigation bar navigated to All Technology Risk Assessment Page]]>
    </line>
    <line>
      <![CDATA[Successfully clicked on Technology Risk Assessment text on Hipaa Risk Management Page]]>
    </line>
    <line>
      <![CDATA[Successfully clicked on Risk Assessment on left navigation bar in technology risks page]]>
    </line>
    <line>
      <![CDATA[The Operational Contingency Planing Sub Control Name Dropdown options from UI are ]]>
    </line>
    <line>
      <![CDATA[]]>
    </line>
    <line>
      <![CDATA[]]>
    </line>
    <line>
      <![CDATA[]]>
    </line>
    <line>
      <![CDATA[]]>
    </line>
    <line>
      <![CDATA[]]>
    </line>
    <line>
      <![CDATA[]]>
    </line>
    <line>
      <![CDATA[]]>
    </line>
    <line>
      <![CDATA[]]>
    </line>
    <line>
      <![CDATA[CONTINGENCY PLANNING POLICY AND PROCEDURES]]>
    </line>
    <line>
      <![CDATA[CONTINGENCY PLAN]]>
    </line>
    <line>
      <![CDATA[CONTINGENCY TRAINING]]>
    </line>
    <line>
      <![CDATA[CONTINGENCY PLAN TESTING]]>
    </line>
    <line>
      <![CDATA[CONTINGENCY PLAN UPDATE]]>
    </line>
    <line>
      <![CDATA[ALTERNATE STORAGE SITE]]>
    </line>
    <line>
      <![CDATA[ALTERNATE PROCESSING SITE]]>
    </line>
    <line>
      <![CDATA[TELECOMMUNICATIONS SERVICES]]>
    </line>
    <line>
      <![CDATA[INFORMATION SYSTEM BACKUP]]>
    </line>
    <line>
      <![CDATA[INFORMATION SYSTEM RECOVERY AND RECONSTITUTION]]>
    </line>
    <line>
      <![CDATA[ALTERNATE COMMUNICATIONS PROTOCOLS]]>
    </line>
    <line>
      <![CDATA[SAFE MODE]]>
    </line>
    <line>
      <![CDATA[ALTERNATIVE SECURITY MECHANISMS]]>
    </line>
    <line>
      <![CDATA[Error : DropDown options from UI are not matching with expected option in the excel]]>
    </line>
    <line>
      <![CDATA[Successfully clicked on Technology Risk Assessment text on Hipaa Risk Management Page]]>
    </line>
    <line>
      <![CDATA[Successfully clicked on Risk Assessment on left navigation bar in technology risks page]]>
    </line>
    <line>
      <![CDATA[The Management Risk Assessment Sub Control Name Dropdown options from UI are ]]>
    </line>
    <line>
      <![CDATA[]]>
    </line>
    <line>
      <![CDATA[]]>
    </line>
    <line>
      <![CDATA[]]>
    </line>
    <line>
      <![CDATA[RISK ASSESSMENT POLICY AND PROCEDURES]]>
    </line>
    <line>
      <![CDATA[SECURITY CATEGORIZATION]]>
    </line>
    <line>
      <![CDATA[RISK ASSESSMENT]]>
    </line>
    <line>
      <![CDATA[RISK ASSESSMENT UPDATE]]>
    </line>
    <line>
      <![CDATA[VULNERABILITY SCANNING]]>
    </line>
    <line>
      <![CDATA[TECHNICAL SURVEILLANCE COUNTERMEASURES SURVEY]]>
    </line>
    <line>
      <![CDATA[Error : DropDown options from UI are not matching with expected option in the excel]]>
    </line>
    <line>
      <![CDATA[Successfully clicked on Technology Risk Assessment text on Hipaa Risk Management Page]]>
    </line>
    <line>
      <![CDATA[Successfully clicked on Risk Assessment on left navigation bar in technology risks page]]>
    </line>
    <line>
      <![CDATA[The Risk assess frequency Dropdown options from UI are ]]>
    </line>
    <line>
      <![CDATA[As per policy]]>
    </line>
    <line>
      <![CDATA[Ahdoc/Need basis]]>
    </line>
    <line>
      <![CDATA[The Risk assess frequency Dropdown Options from Excel are]]>
    </line>
    <line>
      <![CDATA[As per policy]]>
    </line>
    <line>
      <![CDATA[Ahdoc/Need basis]]>
    </line>
    <line>
      <![CDATA[Options are Matching]]>
    </line>
    <line>
      <![CDATA[Successfully clicked on Technology Risk Assessment text on Hipaa Risk Management Page]]>
    </line>
    <line>
      <![CDATA[Successfully clicked on Risk Assessment on left navigation bar in technology risks page]]>
    </line>
    <line>
      <![CDATA[The Operational Personnel Security Sub Control Name Dropdown options from UI are ]]>
    </line>
    <line>
      <![CDATA[]]>
    </line>
    <line>
      <![CDATA[]]>
    </line>
    <line>
      <![CDATA[]]>
    </line>
    <line>
      <![CDATA[]]>
    </line>
    <line>
      <![CDATA[]]>
    </line>
    <line>
      <![CDATA[]]>
    </line>
    <line>
      <![CDATA[]]>
    </line>
    <line>
      <![CDATA[]]>
    </line>
    <line>
      <![CDATA[PERSONNEL SECURITY POLICY AND PROCEDURES]]>
    </line>
    <line>
      <![CDATA[POSITION RISK DESIGNATION]]>
    </line>
    <line>
      <![CDATA[PERSONNEL SCREENING]]>
    </line>
    <line>
      <![CDATA[PERSONNEL TERMINATION]]>
    </line>
    <line>
      <![CDATA[PERSONNEL TRANSFER]]>
    </line>
    <line>
      <![CDATA[ACCESS AGREEMENTS]]>
    </line>
    <line>
      <![CDATA[THIRD-PARTY PERSONNEL SECURITY]]>
    </line>
    <line>
      <![CDATA[PERSONNEL SANCTIONS]]>
    </line>
    <line>
      <![CDATA[Error : DropDown options from UI are not matching with expected option in the excel]]>
    </line>
    <line>
      <![CDATA[Successfully clicked on Technology Risk Assessment text on Hipaa Risk Management Page]]>
    </line>
    <line>
      <![CDATA[Successfully clicked on Risk Assessment on left navigation bar in technology risks page]]>
    </line>
    <line>
      <![CDATA[The Technical Access Control Sub Control Name Dropdown options from UI are ]]>
    </line>
    <line>
      <![CDATA[]]>
    </line>
    <line>
      <![CDATA[]]>
    </line>
    <line>
      <![CDATA[]]>
    </line>
    <line>
      <![CDATA[ACCESS CONTROL POLICY AND PROCEDURES]]>
    </line>
    <line>
      <![CDATA[ACCOUNT MANAGEMENT]]>
    </line>
    <line>
      <![CDATA[ACCESS ENFORCEMENT]]>
    </line>
    <line>
      <![CDATA[INFORMATION FLOW ENFORCEMENT]]>
    </line>
    <line>
      <![CDATA[SEPARATION OF DUTIES]]>
    </line>
    <line>
      <![CDATA[LEAST PRIVILEGE]]>
    </line>
    <line>
      <![CDATA[UNSUCCESSFUL LOGON ATTEMPTS]]>
    </line>
    <line>
      <![CDATA[SYSTEM USE NOTIFICATION]]>
    </line>
    <line>
      <![CDATA[PREVIOUS LOGON (ACCESS) NOTIFICATION]]>
    </line>
    <line>
      <![CDATA[CONCURRENT SESSION CONTROL]]>
    </line>
    <line>
      <![CDATA[SESSION LOCK]]>
    </line>
    <line>
      <![CDATA[SESSION TERMINATION]]>
    </line>
    <line>
      <![CDATA[SUPERVISION AND REVIEW]]>
    </line>
    <line>
      <![CDATA[PERMITTED ACTIONS WITHOUT IDENTIFICATION OR AUTHENTICATION]]>
    </line>
    <line>
      <![CDATA[AUTOMATED MARKING]]>
    </line>
    <line>
      <![CDATA[SECURITY ATTRIBUTES]]>
    </line>
    <line>
      <![CDATA[REMOTE ACCESS]]>
    </line>
    <line>
      <![CDATA[WIRELESS ACCESS]]>
    </line>
    <line>
      <![CDATA[ACCESS CONTROL FOR MOBILE DEVICES]]>
    </line>
    <line>
      <![CDATA[USE OF EXTERNAL INFORMATION SYSTEMS]]>
    </line>
    <line>
      <![CDATA[INFORMATION SHARING]]>
    </line>
    <line>
      <![CDATA[PUBLICLY ACCESSIBLE CONTENT]]>
    </line>
    <line>
      <![CDATA[DATA MINING PROTECTION]]>
    </line>
    <line>
      <![CDATA[ACCESS CONTROL DECISIONS]]>
    </line>
    <line>
      <![CDATA[REFERENCE MONITOR]]>
    </line>
    <line>
      <![CDATA[Error : DropDown options from UI are not matching with expected option in the excel]]>
    </line>
    <line>
      <![CDATA[Successfully clicked on Technology Risk Assessment text on Hipaa Risk Management Page]]>
    </line>
    <line>
      <![CDATA[Successfully clicked on Risk Assessment on left navigation bar in technology risks page]]>
    </line>
    <line>
      <![CDATA[The Hardware Criticality Dropdown options from UI are ]]>
    </line>
    <line>
      <![CDATA[High]]>
    </line>
    <line>
      <![CDATA[Medium]]>
    </line>
    <line>
      <![CDATA[Low]]>
    </line>
    <line>
      <![CDATA[The Hardware Criticality Dropdown Options from Excel are]]>
    </line>
    <line>
      <![CDATA[High]]>
    </line>
    <line>
      <![CDATA[Medium]]>
    </line>
    <line>
      <![CDATA[Low]]>
    </line>
    <line>
      <![CDATA[Options are Matching]]>
    </line>
    <line>
      <![CDATA[Successfully clicked on Technology Risk Assessment text on Hipaa Risk Management Page]]>
    </line>
    <line>
      <![CDATA[Successfully clicked on Risk Assessment on left navigation bar in technology risks page]]>
    </line>
    <line>
      <![CDATA[The Operational System and Infoemation Integrity Sub Control Name Dropdown options from UI are ]]>
    </line>
    <line>
      <![CDATA[]]>
    </line>
    <line>
      <![CDATA[]]>
    </line>
    <line>
      <![CDATA[]]>
    </line>
    <line>
      <![CDATA[]]>
    </line>
    <line>
      <![CDATA[]]>
    </line>
    <line>
      <![CDATA[]]>
    </line>
    <line>
      <![CDATA[]]>
    </line>
    <line>
      <![CDATA[]]>
    </line>
    <line>
      <![CDATA[SYSTEM AND INFORMATION INTEGRITY POLICY AND PROCEDURES]]>
    </line>
    <line>
      <![CDATA[FLAW REMEDIATION]]>
    </line>
    <line>
      <![CDATA[MALICIOUS CODE PROTECTION]]>
    </line>
    <line>
      <![CDATA[INFORMATION SYSTEM MONITORING]]>
    </line>
    <line>
      <![CDATA[SECURITY ALERTS, ADVISORIES, AND DIRECTIVES]]>
    </line>
    <line>
      <![CDATA[SECURITY FUNCTION VERIFICATION]]>
    </line>
    <line>
      <![CDATA[SOFTWARE, FIRMWARE, AND INFORMATION INTEGRITY]]>
    </line>
    <line>
      <![CDATA[SPAM PROTECTION]]>
    </line>
    <line>
      <![CDATA[INFORMATION INPUT RESTRICTIONS]]>
    </line>
    <line>
      <![CDATA[INFORMATION INPUT VALIDATION]]>
    </line>
    <line>
      <![CDATA[ERROR HANDLING]]>
    </line>
    <line>
      <![CDATA[INFORMATION HANDLING AND RETENTION]]>
    </line>
    <line>
      <![CDATA[PREDICTABLE FAILURE PREVENTION]]>
    </line>
    <line>
      <![CDATA[NON-PERSISTENCE]]>
    </line>
    <line>
      <![CDATA[INFORMATION OUTPUT FILTERING]]>
    </line>
    <line>
      <![CDATA[MEMORY PROTECTION]]>
    </line>
    <line>
      <![CDATA[FAIL-SAFE PROCEDURES]]>
    </line>
    <line>
      <![CDATA[Error : DropDown options from UI are not matching with expected option in the excel]]>
    </line>
    <line>
      <![CDATA[The Risk ID captured is HPV858]]>
    </line>
    <line>
      <![CDATA[Successfully verified Success Message in Hardware Asset Page on creating a New Hardware Asset]]>
    </line>
    <line>
      <![CDATA[HPV858]]>
    </line>
    <line>
      <![CDATA[Network]]>
    </line>
    <line>
      <![CDATA[Infrastructure]]>
    </line>
    <line>
      <![CDATA[Test]]>
    </line>
    <line>
      <![CDATA[Test]]>
    </line>
    <line>
      <![CDATA[Sony]]>
    </line>
    <line>
      <![CDATA[Medium]]>
    </line>
    <line>
      <![CDATA[As]]>
    </line>
    <line>
      <![CDATA[per]]>
    </line>
    <line>
      <![CDATA[policy]]>
    </line>
    <line>
      <![CDATA[Patient]]>
    </line>
    <line>
      <![CDATA[billing]]>
    </line>
    <line>
      <![CDATA[Test]]>
    </line>
    <line>
      <![CDATA[Diagnostics]]>
    </line>
    <line>
      <![CDATA[Successfully clicked on Technology Risk Assessment text on Hipaa Risk Management Page]]>
    </line>
    <line>
      <![CDATA[Successfully clicked on Risk Assessment on left navigation bar in technology risks page]]>
    </line>
    <line>
      <![CDATA[The Operational Configuration Management Sub Control Name Dropdown options from UI are ]]>
    </line>
    <line>
      <![CDATA[]]>
    </line>
    <line>
      <![CDATA[]]>
    </line>
    <line>
      <![CDATA[]]>
    </line>
    <line>
      <![CDATA[]]>
    </line>
    <line>
      <![CDATA[]]>
    </line>
    <line>
      <![CDATA[]]>
    </line>
    <line>
      <![CDATA[]]>
    </line>
    <line>
      <![CDATA[]]>
    </line>
    <line>
      <![CDATA[CONFIGURATION MANAGEMENT POLICY AND PROCEDURES]]>
    </line>
    <line>
      <![CDATA[BASELINE CONFIGURATION]]>
    </line>
    <line>
      <![CDATA[CONFIGURATION CHANGE CONTROL]]>
    </line>
    <line>
      <![CDATA[SECURITY IMPACT ANALYSIS]]>
    </line>
    <line>
      <![CDATA[ACCESS RESTRICTIONS FOR CHANGE]]>
    </line>
    <line>
      <![CDATA[CONFIGURATION SETTINGS]]>
    </line>
    <line>
      <![CDATA[LEAST FUNCTIONALITY]]>
    </line>
    <line>
      <![CDATA[INFORMATION SYSTEM COMPONENT INVENTORY]]>
    </line>
    <line>
      <![CDATA[CONFIGURATION MANAGEMENT PLAN]]>
    </line>
    <line>
      <![CDATA[SOFTWARE USAGE RESTRICTIONS]]>
    </line>
    <line>
      <![CDATA[USER-INSTALLED SOFTWARE]]>
    </line>
    <line>
      <![CDATA[Error : DropDown options from UI are not matching with expected option in the excel]]>
    </line>
    <line>
      <![CDATA[Successfully clicked on Technology Risk Assessment text on Hipaa Risk Management Page]]>
    </line>
    <line>
      <![CDATA[Successfully clicked on Risk Assessment on left navigation bar in technology risks page]]>
    </line>
    <line>
      <![CDATA[The Risk Impact Category Dropdown options from UI are ]]>
    </line>
    <line>
      <![CDATA[Integrity]]>
    </line>
    <line>
      <![CDATA[Confidentiality]]>
    </line>
    <line>
      <![CDATA[Availability]]>
    </line>
    <line>
      <![CDATA[The Risk Impact Category Dropdown Options from Excel are]]>
    </line>
    <line>
      <![CDATA[Integrity]]>
    </line>
    <line>
      <![CDATA[Confidentiality]]>
    </line>
    <line>
      <![CDATA[Availability]]>
    </line>
    <line>
      <![CDATA[Options are Matching]]>
    </line>
    <line>
      <![CDATA[Successfully clicked on Technology Risk Assessment text on Hipaa Risk Management Page]]>
    </line>
    <line>
      <![CDATA[Successfully clicked on Risk Assessment on left navigation bar in technology risks page]]>
    </line>
    <line>
      <![CDATA[The Operational Awareness and Training Sub Control Name Dropdown options from UI are ]]>
    </line>
    <line>
      <![CDATA[]]>
    </line>
    <line>
      <![CDATA[]]>
    </line>
    <line>
      <![CDATA[]]>
    </line>
    <line>
      <![CDATA[]]>
    </line>
    <line>
      <![CDATA[]]>
    </line>
    <line>
      <![CDATA[]]>
    </line>
    <line>
      <![CDATA[]]>
    </line>
    <line>
      <![CDATA[]]>
    </line>
    <line>
      <![CDATA[SECURITY AWARENESS AND TRAINING POLICY AND PROCEDURES]]>
    </line>
    <line>
      <![CDATA[SECURITY AWARENESS TRAINING]]>
    </line>
    <line>
      <![CDATA[ROLE-BASED SECURITY TRAINING]]>
    </line>
    <line>
      <![CDATA[SECURITY TRAINING RECORDS]]>
    </line>
    <line>
      <![CDATA[CONTACTS WITH SECURITY GROUPS AND ASSOCIATIONS]]>
    </line>
    <line>
      <![CDATA[Error : DropDown options from UI are not matching with expected option in the excel]]>
    </line>
    <line>
      <![CDATA[Successfully clicked on Technology Risk Assessment text on Hipaa Risk Management Page]]>
    </line>
    <line>
      <![CDATA[Successfully clicked on Risk Assessment on left navigation bar in technology risks page]]>
    </line>
    <line>
      <![CDATA[The Technical Audit and Accountability Sub Control Name Dropdown options from UI are ]]>
    </line>
    <line>
      <![CDATA[]]>
    </line>
    <line>
      <![CDATA[]]>
    </line>
    <line>
      <![CDATA[]]>
    </line>
    <line>
      <![CDATA[AUDIT AND ACCOUNTABILITY POLICY AND PROCEDURES]]>
    </line>
    <line>
      <![CDATA[AUDIT EVENTS]]>
    </line>
    <line>
      <![CDATA[CONTENT OF AUDIT RECORDS]]>
    </line>
    <line>
      <![CDATA[AUDIT STORAGE CAPACITY]]>
    </line>
    <line>
      <![CDATA[RESPONSE TO AUDIT PROCESSING FAILURES]]>
    </line>
    <line>
      <![CDATA[AUDIT REVIEW, ANALYSIS, AND REPORTING]]>
    </line>
    <line>
      <![CDATA[AUDIT REDUCTION AND REPORT GENERATION]]>
    </line>
    <line>
      <![CDATA[TIME STAMPS]]>
    </line>
    <line>
      <![CDATA[PROTECTION OF AUDIT INFORMATION]]>
    </line>
    <line>
      <![CDATA[NON-REPUDIATION]]>
    </line>
    <line>
      <![CDATA[AUDIT RECORD RETENTION]]>
    </line>
    <line>
      <![CDATA[AUDIT GENERATION]]>
    </line>
    <line>
      <![CDATA[MONITORING FOR INFORMATION DISCLOSURE]]>
    </line>
    <line>
      <![CDATA[SESSION AUDIT]]>
    </line>
    <line>
      <![CDATA[ALTERNATE AUDIT CAPABILITY]]>
    </line>
    <line>
      <![CDATA[CROSS-ORGANIZATIONAL AUDITING]]>
    </line>
    <line>
      <![CDATA[Error : DropDown options from UI are not matching with expected option in the excel]]>
    </line>
    <line>
      <![CDATA[Successfully clicked on Technology Risk Assessment text on Hipaa Risk Management Page]]>
    </line>
    <line>
      <![CDATA[Successfully clicked on Risk Assessment on left navigation bar in technology risks page]]>
    </line>
    <line>
      <![CDATA[The Asset Class Dropdown options from UI are ]]>
    </line>
    <line>
      <![CDATA[ePHI Software]]>
    </line>
    <line>
      <![CDATA[Operating System]]>
    </line>
    <line>
      <![CDATA[Server Software]]>
    </line>
    <line>
      <![CDATA[Oracle Database]]>
    </line>
    <line>
      <![CDATA[SQL Database]]>
    </line>
    <line>
      <![CDATA[The Asset Class Dropdown Options from Excel are]]>
    </line>
    <line>
      <![CDATA[ePHI Software]]>
    </line>
    <line>
      <![CDATA[Operating System]]>
    </line>
    <line>
      <![CDATA[Server Software]]>
    </line>
    <line>
      <![CDATA[Oracle Database]]>
    </line>
    <line>
      <![CDATA[SQL Database]]>
    </line>
    <line>
      <![CDATA[Options are Matching]]>
    </line>
    <line>
      <![CDATA[Successfully clicked on Technology Risk Assessment text on Hipaa Risk Management Page]]>
    </line>
    <line>
      <![CDATA[Successfully clicked on Risk Assessment on left navigation bar in Technology risks page]]>
    </line>
    <line>
      <![CDATA[The Responsible Dept Dropdown options from UI are ]]>
    </line>
    <line>
      <![CDATA[Admissions]]>
    </line>
    <line>
      <![CDATA[Clinic]]>
    </line>
    <line>
      <![CDATA[Diagnostics]]>
    </line>
    <line>
      <![CDATA[Emergency]]>
    </line>
    <line>
      <![CDATA[Ethics and Compliance]]>
    </line>
    <line>
      <![CDATA[Inpatient]]>
    </line>
    <line>
      <![CDATA[IT]]>
    </line>
    <line>
      <![CDATA[Nursing]]>
    </line>
    <line>
      <![CDATA[Quality]]>
    </line>
    <line>
      <![CDATA[The Responsible Dept Dropdown Options from Excel are]]>
    </line>
    <line>
      <![CDATA[Admissions]]>
    </line>
    <line>
      <![CDATA[Clinic]]>
    </line>
    <line>
      <![CDATA[Diagnostics]]>
    </line>
    <line>
      <![CDATA[Emergency]]>
    </line>
    <line>
      <![CDATA[Ethics and Compliance]]>
    </line>
    <line>
      <![CDATA[Inpatient]]>
    </line>
    <line>
      <![CDATA[IT]]>
    </line>
    <line>
      <![CDATA[Nursing]]>
    </line>
    <line>
      <![CDATA[Quality]]>
    </line>
    <line>
      <![CDATA[Options are Matching]]>
    </line>
    <line>
      <![CDATA[Successfully clicked on Technology Risk Assessment text on Hipaa Risk Management Page]]>
    </line>
    <line>
      <![CDATA[Successfully clicked on Risk Assessment on left navigation bar in technology risks page]]>
    </line>
    <line>
      <![CDATA[The Operational Incident Response Sub Control Name Dropdown options from UI are ]]>
    </line>
    <line>
      <![CDATA[]]>
    </line>
    <line>
      <![CDATA[]]>
    </line>
    <line>
      <![CDATA[]]>
    </line>
    <line>
      <![CDATA[]]>
    </line>
    <line>
      <![CDATA[]]>
    </line>
    <line>
      <![CDATA[]]>
    </line>
    <line>
      <![CDATA[]]>
    </line>
    <line>
      <![CDATA[]]>
    </line>
    <line>
      <![CDATA[INCIDENT RESPONSE POLICY AND PROCEDURES]]>
    </line>
    <line>
      <![CDATA[INCIDENT RESPONSE TRAINING]]>
    </line>
    <line>
      <![CDATA[INCIDENT RESPONSE TESTING]]>
    </line>
    <line>
      <![CDATA[INCIDENT HANDLING]]>
    </line>
    <line>
      <![CDATA[INCIDENTMONITORING]]>
    </line>
    <line>
      <![CDATA[INCIDENT REPORTING]]>
    </line>
    <line>
      <![CDATA[INCIDENT RESPONSE ASSISTANCE]]>
    </line>
    <line>
      <![CDATA[INCIDENT RESPONSE PLAN]]>
    </line>
    <line>
      <![CDATA[INFORMATION SPILLAGE RESPONSE]]>
    </line>
    <line>
      <![CDATA[INTEGRATED INFORMATION SECURITY ANALYSIS TEAM]]>
    </line>
    <line>
      <![CDATA[Error : DropDown options from UI are not matching with expected option in the excel]]>
    </line>
    <line>
      <![CDATA[The Risk ID captured is RSKT105]]>
    </line>
    <line>
      <![CDATA[The captured description :The organization:
a. Develops, documents, and disseminates to [Assignment: organization-defined personnel or roles]:
1. An identification and authentication policy that addresses purpose, scope, roles, responsibilities, management commitment, coordination among organizational entities, and compliance; and
2. Procedures to facilitate the implementation of the identification and authentication policy and associated identification and authentication controls; and
b. Reviews and updates the current:
1. Identification and authentication policy [Assignment: organization-defined frequency]; and
2. Identificatio]]>
    </line>
    <line>
      <![CDATA[The Target Quarter is :]]>
    </line>
    <line>
      <![CDATA[Would you like to Save this risk and Forward for approval?]]>
    </line>
    <line>
      <![CDATA[Successfully verified AssetId label under Hardware Inventory Details in Hardware Asset Page]]>
    </line>
    <line>
      <![CDATA[Successfully verified Asset Class label under Hardware Inventory Details in Hardware Asset Page]]>
    </line>
    <line>
      <![CDATA[Successfully verified Operating System label under Hardware Inventory Details in Hardware Asset Page]]>
    </line>
    <line>
      <![CDATA[Successfully verified Description label under Hardware Inventory Details in Hardware Asset Page]]>
    </line>
    <line>
      <![CDATA[Successfully verified Hardware Criticality label under Hardware Inventory Details in Hardware Asset Page]]>
    </line>
    <line>
      <![CDATA[Successfully verified Type label under Hardware Inventory Details in Hardware Asset Page]]>
    </line>
    <line>
      <![CDATA[Successfully verified  Risk Assess Frequency label under Hardware Inventory Details in Hardware Asset Page]]>
    </line>
    <line>
      <![CDATA[Successfully verified Business Function label under Hardware Inventory Details in Hardware Asset Page]]>
    </line>
    <line>
      <![CDATA[Successfully verified System Owner label under Hardware Inventory Details in Hardware Asset Page]]>
    </line>
    <line>
      <![CDATA[Successfully verified Department Function label under Hardware Inventory Details in Hardware Asset Page]]>
    </line>
    <line>
      <![CDATA[Successfully clicked on Technology Risk Assessment text on Hipaa Risk Management Page]]>
    </line>
    <line>
      <![CDATA[Successfully clicked on Risk Assessment on left navigation bar in technology risks page]]>
    </line>
    <line>
      <![CDATA[The Asset Class Dropdown options from UI are ]]>
    </line>
    <line>
      <![CDATA[Laptop]]>
    </line>
    <line>
      <![CDATA[Mobile/Handheld devices]]>
    </line>
    <line>
      <![CDATA[Network Infrastructure]]>
    </line>
    <line>
      <![CDATA[Server Hadware]]>
    </line>
    <line>
      <![CDATA[The Asset Class Dropdown Options from Excel are]]>
    </line>
    <line>
      <![CDATA[Laptop]]>
    </line>
    <line>
      <![CDATA[Mobile/Handheld devices]]>
    </line>
    <line>
      <![CDATA[Network Infrastructure]]>
    </line>
    <line>
      <![CDATA[Server Hadware]]>
    </line>
    <line>
      <![CDATA[Options are Matching]]>
    </line>
    <line>
      <![CDATA[Successfully clicked on Technology Risk Assessment text on Hipaa Risk Management Page]]>
    </line>
    <line>
      <![CDATA[Successfully clicked on Risk Assessment on left navigation bar in technology risks page]]>
    </line>
    <line>
      <![CDATA[The Technical Control Name Dropdown options from UI are ]]>
    </line>
    <line>
      <![CDATA[Access Control]]>
    </line>
    <line>
      <![CDATA[Audit and Accountability]]>
    </line>
    <line>
      <![CDATA[Identification and Authentication]]>
    </line>
    <line>
      <![CDATA[System and Communications Protection]]>
    </line>
    <line>
      <![CDATA[Error : DropDown options from UI are not matching with expected option in the excel]]>
    </line>
    <line>
      <![CDATA[Successfully clicked on Technology Risk Assessment text on Hipaa Risk Management Page]]>
    </line>
    <line>
      <![CDATA[Successfully clicked on Risk Assessment on left navigation bar in technology risks page]]>
    </line>
    <line>
      <![CDATA[The DepartmentFunction Dropdown options from UI are ]]>
    </line>
    <line>
      <![CDATA[Admissions]]>
    </line>
    <line>
      <![CDATA[Clinic]]>
    </line>
    <line>
      <![CDATA[Diagnostics]]>
    </line>
    <line>
      <![CDATA[Emergency]]>
    </line>
    <line>
      <![CDATA[Ethics and Compliance]]>
    </line>
    <line>
      <![CDATA[Inpatient]]>
    </line>
    <line>
      <![CDATA[IT]]>
    </line>
    <line>
      <![CDATA[Nursing]]>
    </line>
    <line>
      <![CDATA[Quality]]>
    </line>
    <line>
      <![CDATA[Error : DropDown options from UI are not matching with expected option in the excel]]>
    </line>
  </reporter-output>
  <suite name="Suite" duration-ms="3450681" started-at="2023-05-06T17:14:35 IST" finished-at="2023-05-06T18:12:06 IST">
    <groups>
    </groups>
    <test name="Dropdown control Name Options If Management Radio Button Selected" duration-ms="66193" started-at="2023-05-06T17:14:35 IST" finished-at="2023-05-06T17:15:41 IST">
      <class name="technologyRisk.DropdowncontrolNameIfManagementRadioButtonSelected">
        <test-method status="PASS" signature="driver(org.testng.ITestContext,java.lang.String)[pri:0, instance:technologyRisk.DropdowncontrolNameIfManagementRadioButtonSelected@ed9d034]" name="driver" is-config="true" duration-ms="37294" started-at="2023-05-06T17:14:35 IST" finished-at="2023-05-06T17:15:12 IST">
          <params>
            <param index="0">
              <value>
                <![CDATA[org.testng.TestRunner@46affadf]]>
              </value>
            </param>
            <param index="1">
              <value>
                <![CDATA[chrome]]>
              </value>
            </param>
          </params>
          <reporter-output>
          </reporter-output>
        </test-method> <!-- driver -->
        <test-method status="PASS" signature="dropdowncontrolNameIfManagementRadioButtonSelectedInTechnologyRisk()[pri:0, instance:technologyRisk.DropdowncontrolNameIfManagementRadioButtonSelected@ed9d034]" name="dropdowncontrolNameIfManagementRadioButtonSelectedInTechnologyRisk" duration-ms="27179" started-at="2023-05-06T17:15:12 IST" finished-at="2023-05-06T17:15:39 IST">
          <reporter-output>
            <line>
              <![CDATA[Successfully clicked on Technology Risk Assessment text on Hipaa Risk Management Page]]>
            </line>
            <line>
              <![CDATA[Successfully clicked on Risk Assessment on left navigation bar in technology risks page]]>
            </line>
            <line>
              <![CDATA[The Management Control Name Dropdown options from UI are ]]>
            </line>
            <line>
              <![CDATA[Certification, Accreditation, and Security Assessments]]>
            </line>
            <line>
              <![CDATA[Planning]]>
            </line>
            <line>
              <![CDATA[Risk Assessment]]>
            </line>
            <line>
              <![CDATA[System and Services Acquisition]]>
            </line>
            <line>
              <![CDATA[The Management Control Name Dropdown Options from Excel are]]>
            </line>
            <line>
              <![CDATA[Certification, Accreditation, and Security Assessments]]>
            </line>
            <line>
              <![CDATA[Planning]]>
            </line>
            <line>
              <![CDATA[Risk Assessment]]>
            </line>
            <line>
              <![CDATA[System and Services Acquisition]]>
            </line>
            <line>
              <![CDATA[Options are Matching]]>
            </line>
          </reporter-output>
        </test-method> <!-- dropdowncontrolNameIfManagementRadioButtonSelectedInTechnologyRisk -->
        <test-method status="PASS" signature="quit(java.lang.reflect.Method,org.testng.ITestResult)[pri:0, instance:technologyRisk.DropdowncontrolNameIfManagementRadioButtonSelected@ed9d034]" name="quit" is-config="true" duration-ms="1" started-at="2023-05-06T17:15:39 IST" finished-at="2023-05-06T17:15:39 IST">
          <params>
            <param index="0">
              <value>
                <![CDATA[public void technologyRisk.DropdowncontrolNameIfManagementRadioButtonSelected.dropdowncontrolNameIfManagementRadioButtonSelectedInTechnologyRisk()]]>
              </value>
            </param>
            <param index="1">
              <value>
                <![CDATA[[TestResult name=dropdowncontrolNameIfManagementRadioButtonSelectedInTechnologyRisk status=SUCCESS method=DropdowncontrolNameIfManagementRadioButtonSelected.dropdowncontrolNameIfManagementRadioButtonSelectedInTechnologyRisk()[pri:0, instance:technologyRisk.DropdowncontrolNameIfManagementRadioButtonSelected@ed9d034] output=Successfully clicked on Technology Risk Assessment text on Hipaa Risk Management Page]]]>
              </value>
            </param>
          </params>
          <reporter-output>
          </reporter-output>
        </test-method> <!-- quit -->
        <test-method status="PASS" signature="quit()[pri:0, instance:technologyRisk.DropdowncontrolNameIfManagementRadioButtonSelected@ed9d034]" name="quit" is-config="true" duration-ms="1552" started-at="2023-05-06T17:15:39 IST" finished-at="2023-05-06T17:15:41 IST">
          <reporter-output>
          </reporter-output>
        </test-method> <!-- quit -->
      </class> <!-- technologyRisk.DropdowncontrolNameIfManagementRadioButtonSelected -->
    </test> <!-- Dropdown control Name Options If Management Radio Button Selected -->
    <test name="Dropdown Risk Asset Class Options In Technology Risk" duration-ms="51226" started-at="2023-05-06T17:15:41 IST" finished-at="2023-05-06T17:16:32 IST">
      <class name="technologyRisk.DropdownRiskAssetClass">
        <test-method status="PASS" signature="driver(org.testng.ITestContext,java.lang.String)[pri:0, instance:technologyRisk.DropdownRiskAssetClass@22eeefeb]" name="driver" is-config="true" duration-ms="26130" started-at="2023-05-06T17:15:41 IST" finished-at="2023-05-06T17:16:07 IST">
          <params>
            <param index="0">
              <value>
                <![CDATA[org.testng.TestRunner@3deba98e]]>
              </value>
            </param>
            <param index="1">
              <value>
                <![CDATA[chrome]]>
              </value>
            </param>
          </params>
          <reporter-output>
          </reporter-output>
        </test-method> <!-- driver -->
        <test-method status="PASS" signature="riskAssetClassDropdownInTechnologyRisk()[pri:0, instance:technologyRisk.DropdownRiskAssetClass@22eeefeb]" name="riskAssetClassDropdownInTechnologyRisk" duration-ms="23179" started-at="2023-05-06T17:16:07 IST" finished-at="2023-05-06T17:16:30 IST">
          <reporter-output>
            <line>
              <![CDATA[Successfully clicked on Technology Risk Assessment text on Hipaa Risk Management Page]]>
            </line>
            <line>
              <![CDATA[Successfully clicked on Risk Assessment on left navigation bar in technology risks page]]>
            </line>
            <line>
              <![CDATA[The Risk Asset Class Dropdown options from UI are ]]>
            </line>
            <line>
              <![CDATA[ePHI Software]]>
            </line>
            <line>
              <![CDATA[Laptop]]>
            </line>
            <line>
              <![CDATA[Mobile/Handheld Devices]]>
            </line>
            <line>
              <![CDATA[Network Infrastructure]]>
            </line>
            <line>
              <![CDATA[Operating System]]>
            </line>
            <line>
              <![CDATA[Server Hardware]]>
            </line>
            <line>
              <![CDATA[Server Software]]>
            </line>
            <line>
              <![CDATA[The Risk Asset Class Dropdown Options from Excel are]]>
            </line>
            <line>
              <![CDATA[ePHI Software]]>
            </line>
            <line>
              <![CDATA[Laptop]]>
            </line>
            <line>
              <![CDATA[Mobile/Handheld Devices]]>
            </line>
            <line>
              <![CDATA[Network Infrastructure]]>
            </line>
            <line>
              <![CDATA[Operating System]]>
            </line>
            <line>
              <![CDATA[Server Hardware]]>
            </line>
            <line>
              <![CDATA[Server Software]]>
            </line>
            <line>
              <![CDATA[Options are Matching]]>
            </line>
          </reporter-output>
        </test-method> <!-- riskAssetClassDropdownInTechnologyRisk -->
        <test-method status="PASS" signature="quit(java.lang.reflect.Method,org.testng.ITestResult)[pri:0, instance:technologyRisk.DropdownRiskAssetClass@22eeefeb]" name="quit" is-config="true" duration-ms="2" started-at="2023-05-06T17:16:30 IST" finished-at="2023-05-06T17:16:30 IST">
          <params>
            <param index="0">
              <value>
                <![CDATA[public void technologyRisk.DropdownRiskAssetClass.riskAssetClassDropdownInTechnologyRisk()]]>
              </value>
            </param>
            <param index="1">
              <value>
                <![CDATA[[TestResult name=riskAssetClassDropdownInTechnologyRisk status=SUCCESS method=DropdownRiskAssetClass.riskAssetClassDropdownInTechnologyRisk()[pri:0, instance:technologyRisk.DropdownRiskAssetClass@22eeefeb] output=Successfully clicked on Technology Risk Assessment text on Hipaa Risk Management Page]]]>
              </value>
            </param>
          </params>
          <reporter-output>
          </reporter-output>
        </test-method> <!-- quit -->
        <test-method status="PASS" signature="quit()[pri:0, instance:technologyRisk.DropdownRiskAssetClass@22eeefeb]" name="quit" is-config="true" duration-ms="1900" started-at="2023-05-06T17:16:30 IST" finished-at="2023-05-06T17:16:32 IST">
          <reporter-output>
          </reporter-output>
        </test-method> <!-- quit -->
      </class> <!-- technologyRisk.DropdownRiskAssetClass -->
    </test> <!-- Dropdown Risk Asset Class Options In Technology Risk -->
    <test name="Dropdown Application Criticality Options In Software Asset " duration-ms="41293" started-at="2023-05-06T17:16:32 IST" finished-at="2023-05-06T17:17:14 IST">
      <class name="technologyRisk.DropdownApplicationCriticalityInSoftware">
        <test-method status="PASS" signature="driver(org.testng.ITestContext,java.lang.String)[pri:0, instance:technologyRisk.DropdownApplicationCriticalityInSoftware@a74868d]" name="driver" is-config="true" duration-ms="22934" started-at="2023-05-06T17:16:32 IST" finished-at="2023-05-06T17:16:55 IST">
          <params>
            <param index="0">
              <value>
                <![CDATA[org.testng.TestRunner@2681c9a]]>
              </value>
            </param>
            <param index="1">
              <value>
                <![CDATA[chrome]]>
              </value>
            </param>
          </params>
          <reporter-output>
          </reporter-output>
        </test-method> <!-- driver -->
        <test-method status="PASS" signature="applicationCriticalityDropdownInSoftwareAsset()[pri:0, instance:technologyRisk.DropdownApplicationCriticalityInSoftware@a74868d]" name="applicationCriticalityDropdownInSoftwareAsset" duration-ms="16333" started-at="2023-05-06T17:16:55 IST" finished-at="2023-05-06T17:17:12 IST">
          <reporter-output>
            <line>
              <![CDATA[The Application Criticality Dropdown options from UI are ]]>
            </line>
            <line>
              <![CDATA[High]]>
            </line>
            <line>
              <![CDATA[Medium]]>
            </line>
            <line>
              <![CDATA[Low]]>
            </line>
            <line>
              <![CDATA[The Application Criticality Dropdown Options from Excel are]]>
            </line>
            <line>
              <![CDATA[High]]>
            </line>
            <line>
              <![CDATA[Medium]]>
            </line>
            <line>
              <![CDATA[Low]]>
            </line>
            <line>
              <![CDATA[Options are Matching]]>
            </line>
          </reporter-output>
        </test-method> <!-- applicationCriticalityDropdownInSoftwareAsset -->
        <test-method status="PASS" signature="quit(java.lang.reflect.Method,org.testng.ITestResult)[pri:0, instance:technologyRisk.DropdownApplicationCriticalityInSoftware@a74868d]" name="quit" is-config="true" duration-ms="0" started-at="2023-05-06T17:17:12 IST" finished-at="2023-05-06T17:17:12 IST">
          <params>
            <param index="0">
              <value>
                <![CDATA[public void technologyRisk.DropdownApplicationCriticalityInSoftware.applicationCriticalityDropdownInSoftwareAsset()]]>
              </value>
            </param>
            <param index="1">
              <value>
                <![CDATA[[TestResult name=applicationCriticalityDropdownInSoftwareAsset status=SUCCESS method=DropdownApplicationCriticalityInSoftware.applicationCriticalityDropdownInSoftwareAsset()[pri:0, instance:technologyRisk.DropdownApplicationCriticalityInSoftware@a74868d] output=The Application Criticality Dropdown options from UI are ]]]>
              </value>
            </param>
          </params>
          <reporter-output>
          </reporter-output>
        </test-method> <!-- quit -->
        <test-method status="PASS" signature="quit()[pri:0, instance:technologyRisk.DropdownApplicationCriticalityInSoftware@a74868d]" name="quit" is-config="true" duration-ms="2017" started-at="2023-05-06T17:17:12 IST" finished-at="2023-05-06T17:17:14 IST">
          <reporter-output>
          </reporter-output>
        </test-method> <!-- quit -->
      </class> <!-- technologyRisk.DropdownApplicationCriticalityInSoftware -->
    </test> <!-- Dropdown Application Criticality Options In Software Asset  -->
    <test name="Dropdown Risk Input Options In Technology Risk" duration-ms="52656" started-at="2023-05-06T17:17:14 IST" finished-at="2023-05-06T17:18:06 IST">
      <class name="technologyRisk.DropdownRiskInput">
        <test-method status="PASS" signature="driver(org.testng.ITestContext,java.lang.String)[pri:0, instance:technologyRisk.DropdownRiskInput@42607a4f]" name="driver" is-config="true" duration-ms="24281" started-at="2023-05-06T17:17:14 IST" finished-at="2023-05-06T17:17:38 IST">
          <params>
            <param index="0">
              <value>
                <![CDATA[org.testng.TestRunner@62dfa275]]>
              </value>
            </param>
            <param index="1">
              <value>
                <![CDATA[chrome]]>
              </value>
            </param>
          </params>
          <reporter-output>
          </reporter-output>
        </test-method> <!-- driver -->
        <test-method status="PASS" signature="risInputDropdownInTechnologyRisk()[pri:0, instance:technologyRisk.DropdownRiskInput@42607a4f]" name="risInputDropdownInTechnologyRisk" duration-ms="26902" started-at="2023-05-06T17:17:38 IST" finished-at="2023-05-06T17:18:05 IST">
          <reporter-output>
            <line>
              <![CDATA[Successfully clicked on Technology Risk Assessment text on Hipaa Risk Management Page]]>
            </line>
            <line>
              <![CDATA[Successfully clicked on Risk Assessment on left navigation bar in technology risks page]]>
            </line>
            <line>
              <![CDATA[The Risk Input Dropdown options from UI are ]]>
            </line>
            <line>
              <![CDATA[Feedback]]>
            </line>
            <line>
              <![CDATA[Audit]]>
            </line>
            <line>
              <![CDATA[Management Review]]>
            </line>
            <line>
              <![CDATA[Periodic Review]]>
            </line>
            <line>
              <![CDATA[Customer]]>
            </line>
            <line>
              <![CDATA[The Risk Input Dropdown Options from Excel are]]>
            </line>
            <line>
              <![CDATA[Feedback]]>
            </line>
            <line>
              <![CDATA[Audit]]>
            </line>
            <line>
              <![CDATA[Management Review]]>
            </line>
            <line>
              <![CDATA[Periodic Review]]>
            </line>
            <line>
              <![CDATA[Customer]]>
            </line>
            <line>
              <![CDATA[Options are Matching]]>
            </line>
          </reporter-output>
        </test-method> <!-- risInputDropdownInTechnologyRisk -->
        <test-method status="PASS" signature="quit(java.lang.reflect.Method,org.testng.ITestResult)[pri:0, instance:technologyRisk.DropdownRiskInput@42607a4f]" name="quit" is-config="true" duration-ms="2" started-at="2023-05-06T17:18:05 IST" finished-at="2023-05-06T17:18:05 IST">
          <params>
            <param index="0">
              <value>
                <![CDATA[public void technologyRisk.DropdownRiskInput.risInputDropdownInTechnologyRisk()]]>
              </value>
            </param>
            <param index="1">
              <value>
                <![CDATA[[TestResult name=risInputDropdownInTechnologyRisk status=SUCCESS method=DropdownRiskInput.risInputDropdownInTechnologyRisk()[pri:0, instance:technologyRisk.DropdownRiskInput@42607a4f] output=Successfully clicked on Technology Risk Assessment text on Hipaa Risk Management Page]]]>
              </value>
            </param>
          </params>
          <reporter-output>
          </reporter-output>
        </test-method> <!-- quit -->
        <test-method status="PASS" signature="quit()[pri:0, instance:technologyRisk.DropdownRiskInput@42607a4f]" name="quit" is-config="true" duration-ms="1462" started-at="2023-05-06T17:18:05 IST" finished-at="2023-05-06T17:18:06 IST">
          <reporter-output>
          </reporter-output>
        </test-method> <!-- quit -->
      </class> <!-- technologyRisk.DropdownRiskInput -->
    </test> <!-- Dropdown Risk Input Options In Technology Risk -->
    <test name="Dropdown Data Classification Options In Software Asset" duration-ms="47721" started-at="2023-05-06T17:18:06 IST" finished-at="2023-05-06T17:18:54 IST">
      <class name="technologyRisk.DropdownDataClassificationInSoftware">
        <test-method status="PASS" signature="driver(org.testng.ITestContext,java.lang.String)[pri:0, instance:technologyRisk.DropdownDataClassificationInSoftware@7276c8cd]" name="driver" is-config="true" duration-ms="22530" started-at="2023-05-06T17:18:06 IST" finished-at="2023-05-06T17:18:29 IST">
          <params>
            <param index="0">
              <value>
                <![CDATA[org.testng.TestRunner@5b1fc5f3]]>
              </value>
            </param>
            <param index="1">
              <value>
                <![CDATA[chrome]]>
              </value>
            </param>
          </params>
          <reporter-output>
          </reporter-output>
        </test-method> <!-- driver -->
        <test-method status="PASS" signature="dataClassificationDropdownInSoftwareAsset()[pri:0, instance:technologyRisk.DropdownDataClassificationInSoftware@7276c8cd]" name="dataClassificationDropdownInSoftwareAsset" duration-ms="23625" started-at="2023-05-06T17:18:29 IST" finished-at="2023-05-06T17:18:53 IST">
          <reporter-output>
            <line>
              <![CDATA[Successfully clicked on Technology Risk Assessment text on Hipaa Risk Management Page]]>
            </line>
            <line>
              <![CDATA[Successfully clicked on Risk Assessment on left navigation bar in technology risks page]]>
            </line>
            <line>
              <![CDATA[The Data Classification Dropdown options from UI are ]]>
            </line>
            <line>
              <![CDATA[Confidential [Contains - ePHI]]]>
            </line>
            <line>
              <![CDATA[Sensitive [Non-PHI, but business ctitial]]]>
            </line>
            <line>
              <![CDATA[The Data Classification Dropdown Options from Excel are]]>
            </line>
            <line>
              <![CDATA[Confidential [Contains - ePHI]]]>
            </line>
            <line>
              <![CDATA[Sensitive [Non-PHI, but business ctitial]]]>
            </line>
            <line>
              <![CDATA[Options are Matching]]>
            </line>
[...]
              </value>
            </param>
          </params>
          <reporter-output>
          </reporter-output>
        </test-method> <!-- quit -->
        <test-method status="PASS" signature="businessFunctionLabelInHardwareAsset()[pri:9, instance:technologyRisk.ToVerifyAllTheLabelsInHardwareAssetPage@4d339552]" name="businessFunctionLabelInHardwareAsset" duration-ms="190" started-at="2023-05-06T18:08:54 IST" finished-at="2023-05-06T18:08:54 IST">
          <reporter-output>
            <line>
              <![CDATA[Successfully verified Business Function label under Hardware Inventory Details in Hardware Asset Page]]>
            </line>
          </reporter-output>
        </test-method> <!-- businessFunctionLabelInHardwareAsset -->
        <test-method status="PASS" signature="quit(java.lang.reflect.Method,org.testng.ITestResult)[pri:0, instance:technologyRisk.ToVerifyAllTheLabelsInHardwareAssetPage@4d339552]" name="quit" is-config="true" duration-ms="1" started-at="2023-05-06T18:08:54 IST" finished-at="2023-05-06T18:08:54 IST">
          <params>
            <param index="0">
              <value>
                <![CDATA[public void technologyRisk.ToVerifyAllTheLabelsInHardwareAssetPage.businessFunctionLabelInHardwareAsset()]]>
              </value>
            </param>
            <param index="1">
              <value>
                <![CDATA[[TestResult name=businessFunctionLabelInHardwareAsset status=SUCCESS method=ToVerifyAllTheLabelsInHardwareAssetPage.businessFunctionLabelInHardwareAsset()[pri:9, instance:technologyRisk.ToVerifyAllTheLabelsInHardwareAssetPage@4d339552] output=Successfully verified Business Function label under Hardware Inventory Details in Hardware Asset Page]]]>
              </value>
            </param>
          </params>
          <reporter-output>
          </reporter-output>
        </test-method> <!-- quit -->
        <test-method status="PASS" signature="systemOwnerLabelInHardwareAsset()[pri:10, instance:technologyRisk.ToVerifyAllTheLabelsInHardwareAssetPage@4d339552]" name="systemOwnerLabelInHardwareAsset" duration-ms="147" started-at="2023-05-06T18:08:54 IST" finished-at="2023-05-06T18:08:54 IST">
          <reporter-output>
            <line>
              <![CDATA[Successfully verified System Owner label under Hardware Inventory Details in Hardware Asset Page]]>
            </line>
          </reporter-output>
        </test-method> <!-- systemOwnerLabelInHardwareAsset -->
        <test-method status="PASS" signature="quit(java.lang.reflect.Method,org.testng.ITestResult)[pri:0, instance:technologyRisk.ToVerifyAllTheLabelsInHardwareAssetPage@4d339552]" name="quit" is-config="true" duration-ms="1" started-at="2023-05-06T18:08:54 IST" finished-at="2023-05-06T18:08:54 IST">
          <params>
            <param index="0">
              <value>
                <![CDATA[public void technologyRisk.ToVerifyAllTheLabelsInHardwareAssetPage.systemOwnerLabelInHardwareAsset()]]>
              </value>
            </param>
            <param index="1">
              <value>
                <![CDATA[[TestResult name=systemOwnerLabelInHardwareAsset status=SUCCESS method=ToVerifyAllTheLabelsInHardwareAssetPage.systemOwnerLabelInHardwareAsset()[pri:10, instance:technologyRisk.ToVerifyAllTheLabelsInHardwareAssetPage@4d339552] output=Successfully verified System Owner label under Hardware Inventory Details in Hardware Asset Page]]]>
              </value>
            </param>
          </params>
          <reporter-output>
          </reporter-output>
        </test-method> <!-- quit -->
        <test-method status="PASS" signature="departmentFunctionLabelInHardwareAsset()[pri:11, instance:technologyRisk.ToVerifyAllTheLabelsInHardwareAssetPage@4d339552]" name="departmentFunctionLabelInHardwareAsset" duration-ms="142" started-at="2023-05-06T18:08:54 IST" finished-at="2023-05-06T18:08:54 IST">
          <reporter-output>
            <line>
              <![CDATA[Successfully verified Department Function label under Hardware Inventory Details in Hardware Asset Page]]>
            </line>
          </reporter-output>
        </test-method> <!-- departmentFunctionLabelInHardwareAsset -->
        <test-method status="PASS" signature="quit(java.lang.reflect.Method,org.testng.ITestResult)[pri:0, instance:technologyRisk.ToVerifyAllTheLabelsInHardwareAssetPage@4d339552]" name="quit" is-config="true" duration-ms="0" started-at="2023-05-06T18:08:54 IST" finished-at="2023-05-06T18:08:54 IST">
          <params>
            <param index="0">
              <value>
                <![CDATA[public void technologyRisk.ToVerifyAllTheLabelsInHardwareAssetPage.departmentFunctionLabelInHardwareAsset()]]>
              </value>
            </param>
            <param index="1">
              <value>
                <![CDATA[[TestResult name=departmentFunctionLabelInHardwareAsset status=SUCCESS method=ToVerifyAllTheLabelsInHardwareAssetPage.departmentFunctionLabelInHardwareAsset()[pri:11, instance:technologyRisk.ToVerifyAllTheLabelsInHardwareAssetPage@4d339552] output=Successfully verified Department Function label under Hardware Inventory Details in Hardware Asset Page]]]>
              </value>
            </param>
          </params>
          <reporter-output>
          </reporter-output>
        </test-method> <!-- quit -->
        <test-method status="PASS" signature="quit()[pri:0, instance:technologyRisk.ToVerifyAllTheLabelsInHardwareAssetPage@4d339552]" name="quit" is-config="true" duration-ms="1339" started-at="2023-05-06T18:08:54 IST" finished-at="2023-05-06T18:08:56 IST">
          <reporter-output>
          </reporter-output>
        </test-method> <!-- quit -->
      </class> <!-- technologyRisk.ToVerifyAllTheLabelsInHardwareAssetPage -->
    </test> <!-- To Verify All The Labels In Hardware Asset -->
    <test name="Dropdown Risk Asset Class Options In Hardware Asset" duration-ms="58034" started-at="2023-05-06T18:08:56 IST" finished-at="2023-05-06T18:09:54 IST">
      <class name="technologyRisk.DropdownRiskAssetClassInHardware">
        <test-method status="PASS" signature="driver(org.testng.ITestContext,java.lang.String)[pri:0, instance:technologyRisk.DropdownRiskAssetClassInHardware@4d49af10]" name="driver" is-config="true" duration-ms="25533" started-at="2023-05-06T18:08:56 IST" finished-at="2023-05-06T18:09:21 IST">
          <params>
            <param index="0">
              <value>
                <![CDATA[org.testng.TestRunner@79a5db78]]>
              </value>
            </param>
            <param index="1">
              <value>
                <![CDATA[chrome]]>
              </value>
            </param>
          </params>
          <reporter-output>
          </reporter-output>
        </test-method> <!-- driver -->
        <test-method status="PASS" signature="riskAssetClassDropdownInHardwareAsset()[pri:0, instance:technologyRisk.DropdownRiskAssetClassInHardware@4d49af10]" name="riskAssetClassDropdownInHardwareAsset" duration-ms="31184" started-at="2023-05-06T18:09:21 IST" finished-at="2023-05-06T18:09:53 IST">
          <reporter-output>
            <line>
              <![CDATA[Successfully clicked on Technology Risk Assessment text on Hipaa Risk Management Page]]>
            </line>
            <line>
              <![CDATA[Successfully clicked on Risk Assessment on left navigation bar in technology risks page]]>
            </line>
            <line>
              <![CDATA[The Asset Class Dropdown options from UI are ]]>
            </line>
            <line>
              <![CDATA[Laptop]]>
            </line>
            <line>
              <![CDATA[Mobile/Handheld devices]]>
            </line>
            <line>
              <![CDATA[Network Infrastructure]]>
            </line>
            <line>
              <![CDATA[Server Hadware]]>
            </line>
            <line>
              <![CDATA[The Asset Class Dropdown Options from Excel are]]>
            </line>
            <line>
              <![CDATA[Laptop]]>
            </line>
            <line>
              <![CDATA[Mobile/Handheld devices]]>
            </line>
            <line>
              <![CDATA[Network Infrastructure]]>
            </line>
            <line>
              <![CDATA[Server Hadware]]>
            </line>
            <line>
              <![CDATA[Options are Matching]]>
            </line>
          </reporter-output>
        </test-method> <!-- riskAssetClassDropdownInHardwareAsset -->
        <test-method status="PASS" signature="quit(java.lang.reflect.Method,org.testng.ITestResult)[pri:0, instance:technologyRisk.DropdownRiskAssetClassInHardware@4d49af10]" name="quit" is-config="true" duration-ms="1" started-at="2023-05-06T18:09:53 IST" finished-at="2023-05-06T18:09:53 IST">
          <params>
            <param index="0">
              <value>
                <![CDATA[public void technologyRisk.DropdownRiskAssetClassInHardware.riskAssetClassDropdownInHardwareAsset()]]>
              </value>
            </param>
            <param index="1">
              <value>
                <![CDATA[[TestResult name=riskAssetClassDropdownInHardwareAsset status=SUCCESS method=DropdownRiskAssetClassInHardware.riskAssetClassDropdownInHardwareAsset()[pri:0, instance:technologyRisk.DropdownRiskAssetClassInHardware@4d49af10] output=Successfully clicked on Technology Risk Assessment text on Hipaa Risk Management Page]]]>
              </value>
            </param>
          </params>
          <reporter-output>
          </reporter-output>
        </test-method> <!-- quit -->
        <test-method status="PASS" signature="quit()[pri:0, instance:technologyRisk.DropdownRiskAssetClassInHardware@4d49af10]" name="quit" is-config="true" duration-ms="1312" started-at="2023-05-06T18:09:53 IST" finished-at="2023-05-06T18:09:54 IST">
          <reporter-output>
          </reporter-output>
        </test-method> <!-- quit -->
      </class> <!-- technologyRisk.DropdownRiskAssetClassInHardware -->
    </test> <!-- Dropdown Risk Asset Class Options In Hardware Asset -->
    <test name="Dropdown control Name If Technical Radio Button Selected" duration-ms="55257" started-at="2023-05-06T18:09:54 IST" finished-at="2023-05-06T18:10:49 IST">
      <class name="technologyRisk.DropdowncontrolNameIfTechnicalRadioButtonSelected">
        <test-method status="PASS" signature="driver(org.testng.ITestContext,java.lang.String)[pri:0, instance:technologyRisk.DropdowncontrolNameIfTechnicalRadioButtonSelected@77e4c80f]" name="driver" is-config="true" duration-ms="20850" started-at="2023-05-06T18:09:54 IST" finished-at="2023-05-06T18:10:15 IST">
          <params>
            <param index="0">
              <value>
                <![CDATA[org.testng.TestRunner@5321ea0d]]>
              </value>
            </param>
            <param index="1">
              <value>
                <![CDATA[chrome]]>
              </value>
            </param>
          </params>
          <reporter-output>
          </reporter-output>
        </test-method> <!-- driver -->
        <test-method status="PASS" signature="dropdowncontrolNameIfTechnicalRadioButtonSelectedInTechnologyRisk()[pri:0, instance:technologyRisk.DropdowncontrolNameIfTechnicalRadioButtonSelected@77e4c80f]" name="dropdowncontrolNameIfTechnicalRadioButtonSelectedInTechnologyRisk" duration-ms="32901" started-at="2023-05-06T18:10:15 IST" finished-at="2023-05-06T18:10:48 IST">
          <reporter-output>
            <line>
              <![CDATA[Successfully clicked on Technology Risk Assessment text on Hipaa Risk Management Page]]>
            </line>
            <line>
              <![CDATA[Successfully clicked on Risk Assessment on left navigation bar in technology risks page]]>
            </line>
            <line>
              <![CDATA[The Technical Control Name Dropdown options from UI are ]]>
            </line>
            <line>
              <![CDATA[Access Control]]>
            </line>
            <line>
              <![CDATA[Audit and Accountability]]>
            </line>
            <line>
              <![CDATA[Identification and Authentication]]>
            </line>
            <line>
              <![CDATA[System and Communications Protection]]>
            </line>
            <line>
              <![CDATA[Error : DropDown options from UI are not matching with expected option in the excel]]>
            </line>
          </reporter-output>
        </test-method> <!-- dropdowncontrolNameIfTechnicalRadioButtonSelectedInTechnologyRisk -->
        <test-method status="PASS" signature="quit(java.lang.reflect.Method,org.testng.ITestResult)[pri:0, instance:technologyRisk.DropdowncontrolNameIfTechnicalRadioButtonSelected@77e4c80f]" name="quit" is-config="true" duration-ms="0" started-at="2023-05-06T18:10:48 IST" finished-at="2023-05-06T18:10:48 IST">
          <params>
            <param index="0">
              <value>
                <![CDATA[public void technologyRisk.DropdowncontrolNameIfTechnicalRadioButtonSelected.dropdowncontrolNameIfTechnicalRadioButtonSelectedInTechnologyRisk()]]>
              </value>
            </param>
            <param index="1">
              <value>
                <![CDATA[[TestResult name=dropdowncontrolNameIfTechnicalRadioButtonSelectedInTechnologyRisk status=SUCCESS method=DropdowncontrolNameIfTechnicalRadioButtonSelected.dropdowncontrolNameIfTechnicalRadioButtonSelectedInTechnologyRisk()[pri:0, instance:technologyRisk.DropdowncontrolNameIfTechnicalRadioButtonSelected@77e4c80f] output=Successfully clicked on Technology Risk Assessment text on Hipaa Risk Management Page]]]>
              </value>
            </param>
          </params>
          <reporter-output>
          </reporter-output>
        </test-method> <!-- quit -->
        <test-method status="PASS" signature="quit()[pri:0, instance:technologyRisk.DropdowncontrolNameIfTechnicalRadioButtonSelected@77e4c80f]" name="quit" is-config="true" duration-ms="1500" started-at="2023-05-06T18:10:48 IST" finished-at="2023-05-06T18:10:49 IST">
          <reporter-output>
          </reporter-output>
        </test-method> <!-- quit -->
      </class> <!-- technologyRisk.DropdowncontrolNameIfTechnicalRadioButtonSelected -->
    </test> <!-- Dropdown control Name If Technical Radio Button Selected -->
    <test name="Dropdown Department Function Options In Hardware Asset" duration-ms="76403" started-at="2023-05-06T18:10:49 IST" finished-at="2023-05-06T18:12:06 IST">
      <class name="technologyRisk.DropdownDepartmentFunctionInHardware">
        <test-method status="PASS" signature="initialiseExtendReports()[pri:0, instance:technologyRisk.DropdownDepartmentFunctionInHardware@1dd92fe2]" name="initialiseExtendReports" is-config="true" duration-ms="1605" started-at="2023-05-06T17:14:33 IST" finished-at="2023-05-06T17:14:35 IST">
          <reporter-output>
          </reporter-output>
        </test-method> <!-- initialiseExtendReports -->
        <test-method status="PASS" signature="driver(org.testng.ITestContext,java.lang.String)[pri:0, instance:technologyRisk.DropdownDepartmentFunctionInHardware@1dd92fe2]" name="driver" is-config="true" duration-ms="44153" started-at="2023-05-06T18:10:49 IST" finished-at="2023-05-06T18:11:33 IST">
          <params>
            <param index="0">
              <value>
                <![CDATA[org.testng.TestRunner@4203cb07]]>
              </value>
            </param>
            <param index="1">
              <value>
                <![CDATA[chrome]]>
              </value>
            </param>
          </params>
          <reporter-output>
          </reporter-output>
        </test-method> <!-- driver -->
        <test-method status="PASS" signature="departmentFunctionDropdownInHardwareAsset()[pri:0, instance:technologyRisk.DropdownDepartmentFunctionInHardware@1dd92fe2]" name="departmentFunctionDropdownInHardwareAsset" duration-ms="30886" started-at="2023-05-06T18:11:33 IST" finished-at="2023-05-06T18:12:04 IST">
          <reporter-output>
            <line>
              <![CDATA[Successfully clicked on Technology Risk Assessment text on Hipaa Risk Management Page]]>
            </line>
            <line>
              <![CDATA[Successfully clicked on Risk Assessment on left navigation bar in technology risks page]]>
            </line>
            <line>
              <![CDATA[The DepartmentFunction Dropdown options from UI are ]]>
            </line>
            <line>
              <![CDATA[Admissions]]>
            </line>
            <line>
              <![CDATA[Clinic]]>
            </line>
            <line>
              <![CDATA[Diagnostics]]>
            </line>
            <line>
              <![CDATA[Emergency]]>
            </line>
            <line>
              <![CDATA[Ethics and Compliance]]>
            </line>
            <line>
              <![CDATA[Inpatient]]>
            </line>
            <line>
              <![CDATA[IT]]>
            </line>
            <line>
              <![CDATA[Nursing]]>
            </line>
            <line>
              <![CDATA[Quality]]>
            </line>
            <line>
              <![CDATA[Error : DropDown options from UI are not matching with expected option in the excel]]>
            </line>
          </reporter-output>
        </test-method> <!-- departmentFunctionDropdownInHardwareAsset -->
        <test-method status="PASS" signature="quit(java.lang.reflect.Method,org.testng.ITestResult)[pri:0, instance:technologyRisk.DropdownDepartmentFunctionInHardware@1dd92fe2]" name="quit" is-config="true" duration-ms="1" started-at="2023-05-06T18:12:04 IST" finished-at="2023-05-06T18:12:04 IST">
          <params>
            <param index="0">
              <value>
                <![CDATA[public void technologyRisk.DropdownDepartmentFunctionInHardware.departmentFunctionDropdownInHardwareAsset()]]>
              </value>
            </param>
            <param index="1">
              <value>
                <![CDATA[[TestResult name=departmentFunctionDropdownInHardwareAsset status=SUCCESS method=DropdownDepartmentFunctionInHardware.departmentFunctionDropdownInHardwareAsset()[pri:0, instance:technologyRisk.DropdownDepartmentFunctionInHardware@1dd92fe2] output=Successfully clicked on Technology Risk Assessment text on Hipaa Risk Management Page]]]>
              </value>
            </param>
          </params>
          <reporter-output>
          </reporter-output>
        </test-method> <!-- quit -->
        <test-method status="PASS" signature="quit()[pri:0, instance:technologyRisk.DropdownDepartmentFunctionInHardware@1dd92fe2]" name="quit" is-config="true" duration-ms="1358" started-at="2023-05-06T18:12:04 IST" finished-at="2023-05-06T18:12:06 IST">
          <reporter-output>
          </reporter-output>
        </test-method> <!-- quit -->
        <test-method status="PASS" signature="generateExtentReports()[pri:0, instance:technologyRisk.DropdownDepartmentFunctionInHardware@1dd92fe2]" name="generateExtentReports" is-config="true" duration-ms="4068" started-at="2023-05-06T18:12:06 IST" finished-at="2023-05-06T18:12:10 IST">
          <reporter-output>
          </reporter-output>
        </test-method> <!-- generateExtentReports -->
      </class> <!-- technologyRisk.DropdownDepartmentFunctionInHardware -->
    </test> <!-- Dropdown Department Function Options In Hardware Asset -->
  </suite> <!-- Suite -->
</testng-results>
