<?xml version="1.0" encoding="UTF-8"?>
<testng-results skipped="1" failed="1" ignored="0" total="58" passed="56">
  <reporter-output>
    <line>
      <![CDATA[Chrome Browser launched successfully]]>
    </line>
    <line>
      <![CDATA[Successfully navigated to the url]]>
    </line>
    <line>
      <![CDATA[UserId TextBox is provided in login page]]>
    </line>
    <line>
      <![CDATA[Place Holder is provided for UserId TextBox in login page]]>
    </line>
    <line>
      <![CDATA[Place Holder is provided for UserId TextBox in login page]]>
    </line>
    <line>
      <![CDATA[Clicked on Login button in login page]]>
    </line>
    <line>
      <![CDATA[Successfully navigated to home page of the application]]>
    </line>
    <line>
      <![CDATA[Successfully navigated to hipaa risk management system page]]>
    </line>
    <line>
      <![CDATA[Successfully clicked on Physical Risk Assessment text on Hipaa Risk Management Page]]>
    </line>
    <line>
      <![CDATA[Successfully clicked on Risk Assessment on left navigation bar in Physical risks page]]>
    </line>
    <line>
      <![CDATA[The Technical System and Communications Protection Sub Control Name Dropdown options from UI are ]]>
    </line>
    <line>
      <![CDATA[]]>
    </line>
    <line>
      <![CDATA[]]>
    </line>
    <line>
      <![CDATA[]]>
    </line>
    <line>
      <![CDATA[SECURITY ASSESSMENT AND AUTHORIZATION POLICY AND PROCEDURES]]>
    </line>
    <line>
      <![CDATA[SECURITY ASSESSMENTS]]>
    </line>
    <line>
      <![CDATA[SYSTEM INTERCONNECTIONS]]>
    </line>
    <line>
      <![CDATA[SECURITY CERTIFICATION]]>
    </line>
    <line>
      <![CDATA[PLAN OF ACTION AND MILESTONES]]>
    </line>
    <line>
      <![CDATA[SECURITY AUTHORIZATION]]>
    </line>
    <line>
      <![CDATA[CONTINUOUS MONITORING]]>
    </line>
    <line>
      <![CDATA[PENETRATION TESTING]]>
    </line>
    <line>
      <![CDATA[INTERNAL SYSTEM CONNECTIONS]]>
    </line>
    <line>
      <![CDATA[Error : DropDown options from UI are not matching with expected option in the excel]]>
    </line>
    <line>
      <![CDATA[Chrome Browser launched successfully]]>
    </line>
    <line>
      <![CDATA[Successfully navigated to the url]]>
    </line>
    <line>
      <![CDATA[UserId TextBox is provided in login page]]>
    </line>
    <line>
      <![CDATA[Place Holder is provided for UserId TextBox in login page]]>
    </line>
    <line>
      <![CDATA[Place Holder is provided for UserId TextBox in login page]]>
    </line>
    <line>
      <![CDATA[Clicked on Login button in login page]]>
    </line>
    <line>
      <![CDATA[Successfully navigated to home page of the application]]>
    </line>
    <line>
      <![CDATA[Successfully navigated to hipaa risk management system page]]>
    </line>
    <line>
      <![CDATA[Successfully clicked on Physical Risk Assessment text on Hipaa Risk Management Page]]>
    </line>
    <line>
      <![CDATA[Successfully clicked on Risk Assessment on left navigation bar in Physical risks page]]>
    </line>
    <line>
      <![CDATA[The Risk Input Dropdown options from UI are ]]>
    </line>
    <line>
      <![CDATA[Feedback]]>
    </line>
    <line>
      <![CDATA[Audit]]>
    </line>
    <line>
      <![CDATA[Management Review]]>
    </line>
    <line>
      <![CDATA[Periodic Review]]>
    </line>
    <line>
      <![CDATA[Customer]]>
    </line>
    <line>
      <![CDATA[The Risk Input Dropdown Options from Excel are]]>
    </line>
    <line>
      <![CDATA[Feedback]]>
    </line>
    <line>
      <![CDATA[Audit]]>
    </line>
    <line>
      <![CDATA[Management Review]]>
    </line>
    <line>
      <![CDATA[Periodic Review]]>
    </line>
    <line>
      <![CDATA[Customer]]>
    </line>
    <line>
      <![CDATA[Options are Matching]]>
    </line>
    <line>
      <![CDATA[Chrome Browser launched successfully]]>
    </line>
    <line>
      <![CDATA[Successfully navigated to the url]]>
    </line>
    <line>
      <![CDATA[UserId TextBox is provided in login page]]>
    </line>
    <line>
      <![CDATA[Place Holder is provided for UserId TextBox in login page]]>
    </line>
    <line>
      <![CDATA[Place Holder is provided for UserId TextBox in login page]]>
    </line>
    <line>
      <![CDATA[Clicked on Login button in login page]]>
    </line>
    <line>
      <![CDATA[Successfully navigated to home page of the application]]>
    </line>
    <line>
      <![CDATA[Successfully navigated to hipaa risk management system page]]>
    </line>
    <line>
      <![CDATA[Successfully clicked on Physical Risk Assessment text on Hipaa Risk Management Page]]>
    </line>
    <line>
      <![CDATA[Successfully clicked on Risk Assessment on left navigation bar in Physical risks page]]>
    </line>
    <line>
      <![CDATA[The Operational Maintenance Sub Control Name Dropdown options from UI are ]]>
    </line>
    <line>
      <![CDATA[]]>
    </line>
    <line>
      <![CDATA[]]>
    </line>
    <line>
      <![CDATA[]]>
    </line>
    <line>
      <![CDATA[]]>
    </line>
    <line>
      <![CDATA[]]>
    </line>
    <line>
      <![CDATA[]]>
    </line>
    <line>
      <![CDATA[]]>
    </line>
    <line>
      <![CDATA[]]>
    </line>
    <line>
      <![CDATA[SYSTEM MAINTENANCE POLICY AND PROCEDURES]]>
    </line>
    <line>
      <![CDATA[CONTROLLED MAINTENANCE]]>
    </line>
    <line>
      <![CDATA[MAINTENANCE TOOLS]]>
    </line>
    <line>
      <![CDATA[NONLOCAL MAINTENANCE]]>
    </line>
    <line>
      <![CDATA[MAINTENANCE PERSONNEL]]>
    </line>
    <line>
      <![CDATA[TIMELY MAINTENANCE]]>
    </line>
    <line>
      <![CDATA[Error : DropDown options from UI are not matching with expected option in the excel]]>
    </line>
    <line>
      <![CDATA[Chrome Browser launched successfully]]>
    </line>
    <line>
      <![CDATA[Successfully navigated to the url]]>
    </line>
    <line>
      <![CDATA[UserId TextBox is provided in login page]]>
    </line>
    <line>
      <![CDATA[Place Holder is provided for UserId TextBox in login page]]>
    </line>
    <line>
      <![CDATA[Place Holder is provided for UserId TextBox in login page]]>
    </line>
    <line>
      <![CDATA[Clicked on Login button in login page]]>
    </line>
    <line>
      <![CDATA[Successfully navigated to home page of the application]]>
    </line>
    <line>
      <![CDATA[Successfully navigated to hipaa risk management system page]]>
    </line>
    <line>
      <![CDATA[Successfully clicked on Physical Risk Assessment text on Hipaa Risk Management Page]]>
    </line>
    <line>
      <![CDATA[Successfully clicked on Risk Assessment on left navigation bar in Physical risks page]]>
    </line>
    <line>
      <![CDATA[The Operational Control Name Dropdown options from UI are ]]>
    </line>
    <line>
      <![CDATA[Awareness and Training]]>
    </line>
    <line>
      <![CDATA[Configuration Management]]>
    </line>
    <line>
      <![CDATA[Contingency Planing]]>
    </line>
    <line>
      <![CDATA[Incident Response]]>
    </line>
    <line>
      <![CDATA[Maintenance]]>
    </line>
    <line>
      <![CDATA[Media Protection]]>
    </line>
    <line>
      <![CDATA[Physical and Environmental Protection]]>
    </line>
    <line>
      <![CDATA[Personnel Security]]>
    </line>
    <line>
      <![CDATA[System and Infoemation Integrity]]>
    </line>
    <line>
      <![CDATA[The Operational Control Name Dropdown Options from Excel are]]>
    </line>
    <line>
      <![CDATA[Awareness and Training]]>
    </line>
    <line>
      <![CDATA[Configuration Management]]>
    </line>
    <line>
      <![CDATA[Contingency Planing]]>
    </line>
    <line>
      <![CDATA[Incident Response]]>
    </line>
    <line>
      <![CDATA[Maintenance]]>
    </line>
    <line>
      <![CDATA[Media Protection]]>
    </line>
    <line>
      <![CDATA[Physical and Environmental Protection]]>
    </line>
    <line>
      <![CDATA[Personnel Security]]>
    </line>
    <line>
      <![CDATA[System and Infoemation Integrity]]>
    </line>
    <line>
      <![CDATA[Options are Matching]]>
    </line>
    <line>
      <![CDATA[Chrome Browser launched successfully]]>
    </line>
    <line>
      <![CDATA[Successfully navigated to the url]]>
    </line>
    <line>
      <![CDATA[UserId TextBox is provided in login page]]>
    </line>
    <line>
      <![CDATA[Place Holder is provided for UserId TextBox in login page]]>
    </line>
    <line>
      <![CDATA[Place Holder is provided for UserId TextBox in login page]]>
    </line>
    <line>
      <![CDATA[Clicked on Login button in login page]]>
    </line>
    <line>
      <![CDATA[Successfully navigated to home page of the application]]>
    </line>
    <line>
      <![CDATA[Successfully navigated to hipaa risk management system page]]>
    </line>
    <line>
      <![CDATA[Chrome Browser launched successfully]]>
    </line>
    <line>
      <![CDATA[Successfully navigated to the url]]>
    </line>
    <line>
      <![CDATA[UserId TextBox is provided in login page]]>
    </line>
    <line>
      <![CDATA[Place Holder is provided for UserId TextBox in login page]]>
    </line>
    <line>
      <![CDATA[Place Holder is provided for UserId TextBox in login page]]>
    </line>
    <line>
      <![CDATA[Clicked on Login button in login page]]>
    </line>
    <line>
      <![CDATA[Successfully navigated to home page of the application]]>
    </line>
    <line>
      <![CDATA[Successfully navigated to hipaa risk management system page]]>
    </line>
    <line>
      <![CDATA[Successfully clicked on Physical Risk Assessment text on Hipaa Risk Management Page]]>
    </line>
    <line>
      <![CDATA[Successfully clicked on Risk Assessment on left navigation bar in Physical risks page]]>
    </line>
    <line>
      <![CDATA[The Threat Source Dropdown options from UI are ]]>
    </line>
    <line>
      <![CDATA[Human]]>
    </line>
    <line>
      <![CDATA[Natural]]>
    </line>
    <line>
      <![CDATA[The Threat Source Dropdown Options from Excel are]]>
    </line>
    <line>
      <![CDATA[Human]]>
    </line>
    <line>
      <![CDATA[Natural]]>
    </line>
    <line>
      <![CDATA[Options are Matching]]>
    </line>
    <line>
      <![CDATA[Chrome Browser launched successfully]]>
    </line>
    <line>
      <![CDATA[Successfully navigated to the url]]>
    </line>
    <line>
      <![CDATA[UserId TextBox is provided in login page]]>
    </line>
    <line>
      <![CDATA[Place Holder is provided for UserId TextBox in login page]]>
    </line>
    <line>
      <![CDATA[Place Holder is provided for UserId TextBox in login page]]>
    </line>
    <line>
      <![CDATA[Clicked on Login button in login page]]>
    </line>
    <line>
      <![CDATA[Successfully navigated to home page of the application]]>
    </line>
    <line>
      <![CDATA[Successfully navigated to hipaa risk management system page]]>
    </line>
    <line>
      <![CDATA[Successfully clicked on Physical Risk Assessment text on Hipaa Risk Management Page]]>
    </line>
    <line>
      <![CDATA[Successfully clicked on Risk Assessment on left navigation bar in Physical risks page]]>
    </line>
    <line>
      <![CDATA[The Responsible Dept Dropdown options from UI are ]]>
    </line>
    <line>
      <![CDATA[Admissions]]>
    </line>
    <line>
      <![CDATA[Clinic]]>
    </line>
    <line>
      <![CDATA[Diagnostics]]>
    </line>
    <line>
      <![CDATA[Emergency]]>
    </line>
    <line>
      <![CDATA[Ethics and Compliance]]>
    </line>
    <line>
      <![CDATA[Inpatient]]>
    </line>
    <line>
      <![CDATA[IT]]>
    </line>
    <line>
      <![CDATA[Nursing]]>
    </line>
    <line>
      <![CDATA[Quality]]>
    </line>
    <line>
      <![CDATA[The Responsible Dept Dropdown Options from Excel are]]>
    </line>
    <line>
      <![CDATA[Admissions]]>
    </line>
    <line>
      <![CDATA[Clinic]]>
    </line>
    <line>
      <![CDATA[Diagnostics]]>
    </line>
    <line>
      <![CDATA[Emergency]]>
    </line>
    <line>
      <![CDATA[Ethics and Compliance]]>
    </line>
    <line>
      <![CDATA[Inpatient]]>
    </line>
    <line>
      <![CDATA[IT]]>
    </line>
    <line>
      <![CDATA[Nursing]]>
    </line>
    <line>
      <![CDATA[Quality]]>
    </line>
    <line>
      <![CDATA[Options are Matching]]>
    </line>
    <line>
      <![CDATA[Chrome Browser launched successfully]]>
    </line>
    <line>
      <![CDATA[Successfully navigated to the url]]>
    </line>
    <line>
      <![CDATA[UserId TextBox is provided in login page]]>
    </line>
    <line>
      <![CDATA[Place Holder is provided for UserId TextBox in login page]]>
    </line>
    <line>
      <![CDATA[Place Holder is provided for UserId TextBox in login page]]>
    </line>
    <line>
      <![CDATA[Clicked on Login button in login page]]>
    </line>
    <line>
      <![CDATA[Successfully navigated to home page of the application]]>
    </line>
    <line>
      <![CDATA[Successfully navigated to hipaa risk management system page]]>
    </line>
    <line>
      <![CDATA[Successfully clicked on Physical Risk Assessment text on Hipaa Risk Management Page]]>
    </line>
    <line>
      <![CDATA[Successfully clicked on Risk Assessment on left navigation bar in Physical risks page]]>
    </line>
    <line>
      <![CDATA[The Operational Configuration Management Sub Control Name Dropdown options from UI are ]]>
    </line>
    <line>
      <![CDATA[]]>
    </line>
    <line>
      <![CDATA[]]>
    </line>
    <line>
      <![CDATA[]]>
    </line>
    <line>
      <![CDATA[]]>
    </line>
    <line>
      <![CDATA[]]>
    </line>
    <line>
      <![CDATA[]]>
    </line>
    <line>
      <![CDATA[]]>
    </line>
    <line>
      <![CDATA[]]>
    </line>
    <line>
      <![CDATA[CONFIGURATION MANAGEMENT POLICY AND PROCEDURES]]>
    </line>
    <line>
      <![CDATA[BASELINE CONFIGURATION]]>
    </line>
    <line>
      <![CDATA[CONFIGURATION CHANGE CONTROL]]>
    </line>
    <line>
      <![CDATA[SECURITY IMPACT ANALYSIS]]>
    </line>
    <line>
      <![CDATA[ACCESS RESTRICTIONS FOR CHANGE]]>
    </line>
    <line>
      <![CDATA[CONFIGURATION SETTINGS]]>
    </line>
    <line>
      <![CDATA[LEAST FUNCTIONALITY]]>
    </line>
    <line>
      <![CDATA[INFORMATION SYSTEM COMPONENT INVENTORY]]>
    </line>
    <line>
      <![CDATA[CONFIGURATION MANAGEMENT PLAN]]>
    </line>
    <line>
      <![CDATA[SOFTWARE USAGE RESTRICTIONS]]>
    </line>
    <line>
      <![CDATA[USER-INSTALLED SOFTWARE]]>
    </line>
    <line>
      <![CDATA[Error : DropDown options from UI are not matching with expected option in the excel]]>
    </line>
    <line>
      <![CDATA[Chrome Browser launched successfully]]>
    </line>
    <line>
      <![CDATA[Successfully navigated to the url]]>
    </line>
    <line>
      <![CDATA[UserId TextBox is provided in login page]]>
    </line>
    <line>
      <![CDATA[Place Holder is provided for UserId TextBox in login page]]>
    </line>
    <line>
      <![CDATA[Place Holder is provided for UserId TextBox in login page]]>
    </line>
    <line>
      <![CDATA[Clicked on Login button in login page]]>
    </line>
    <line>
      <![CDATA[Successfully navigated to home page of the application]]>
    </line>
    <line>
      <![CDATA[Successfully navigated to hipaa risk management system page]]>
    </line>
    <line>
      <![CDATA[Successfully clicked on Physical Risk Assessment text on Hipaa Risk Management Page]]>
    </line>
    <line>
      <![CDATA[Successfully clicked on Risk Assessment on left navigation bar in Physical risks page]]>
    </line>
    <line>
      <![CDATA[The Operational Personnel Security Sub Control Name Dropdown options from UI are ]]>
    </line>
    <line>
      <![CDATA[]]>
    </line>
    <line>
      <![CDATA[]]>
    </line>
    <line>
      <![CDATA[]]>
    </line>
    <line>
      <![CDATA[]]>
    </line>
    <line>
      <![CDATA[]]>
    </line>
    <line>
      <![CDATA[]]>
    </line>
    <line>
      <![CDATA[]]>
    </line>
    <line>
      <![CDATA[]]>
    </line>
    <line>
      <![CDATA[Error : DropDown options from UI are not matching with expected option in the excel]]>
    </line>
    <line>
      <![CDATA[Chrome Browser launched successfully]]>
    </line>
    <line>
      <![CDATA[Successfully navigated to the url]]>
    </line>
    <line>
      <![CDATA[UserId TextBox is provided in login page]]>
    </line>
    <line>
      <![CDATA[Place Holder is provided for UserId TextBox in login page]]>
    </line>
    <line>
      <![CDATA[Place Holder is provided for UserId TextBox in login page]]>
    </line>
    <line>
      <![CDATA[Clicked on Login button in login page]]>
    </line>
    <line>
      <![CDATA[Successfully navigated to home page of the application]]>
    </line>
    <line>
      <![CDATA[Successfully navigated to hipaa risk management system page]]>
    </line>
    <line>
      <![CDATA[Successfully clicked on Physical Risk Assessment text on Hipaa Risk Management Page]]>
    </line>
    <line>
      <![CDATA[Successfully clicked on Risk Assessment on left navigation bar in Physical risks page]]>
    </line>
    <line>
      <![CDATA[The Status Dropdown options from UI are ]]>
    </line>
    <line>
      <![CDATA[Open]]>
    </line>
    <line>
      <![CDATA[In-Progress]]>
    </line>
    <line>
      <![CDATA[Close]]>
    </line>
    <line>
      <![CDATA[The Status Dropdown Options from Excel are]]>
    </line>
    <line>
      <![CDATA[Open]]>
    </line>
    <line>
      <![CDATA[In-Progress]]>
    </line>
    <line>
      <![CDATA[Close]]>
    </line>
    <line>
      <![CDATA[Options are Matching]]>
    </line>
    <line>
      <![CDATA[Chrome Browser launched successfully]]>
    </line>
    <line>
      <![CDATA[Successfully navigated to the url]]>
    </line>
    <line>
      <![CDATA[UserId TextBox is provided in login page]]>
    </line>
    <line>
      <![CDATA[Place Holder is provided for UserId TextBox in login page]]>
    </line>
    <line>
      <![CDATA[Place Holder is provided for UserId TextBox in login page]]>
    </line>
    <line>
      <![CDATA[Clicked on Login button in login page]]>
    </line>
    <line>
      <![CDATA[Successfully navigated to home page of the application]]>
    </line>
    <line>
      <![CDATA[Successfully navigated to hipaa risk management system page]]>
    </line>
    <line>
      <![CDATA[Successfully clicked on Physical Risk Assessment text on Hipaa Risk Management Page]]>
    </line>
    <line>
      <![CDATA[Successfully clicked on Risk Assessment on left navigation bar in Physical risks page]]>
    </line>
    <line>
      <![CDATA[The Operational System and Infoemation Integrity Sub Control Name Dropdown options from UI are ]]>
    </line>
    <line>
      <![CDATA[]]>
    </line>
    <line>
      <![CDATA[]]>
    </line>
    <line>
      <![CDATA[]]>
    </line>
    <line>
      <![CDATA[]]>
    </line>
    <line>
      <![CDATA[]]>
    </line>
    <line>
      <![CDATA[]]>
    </line>
    <line>
      <![CDATA[]]>
    </line>
    <line>
      <![CDATA[]]>
    </line>
    <line>
      <![CDATA[SYSTEM AND INFORMATION INTEGRITY POLICY AND PROCEDURES]]>
    </line>
    <line>
      <![CDATA[FLAW REMEDIATION]]>
    </line>
    <line>
      <![CDATA[MALICIOUS CODE PROTECTION]]>
    </line>
    <line>
      <![CDATA[INFORMATION SYSTEM MONITORING]]>
    </line>
    <line>
      <![CDATA[SECURITY ALERTS, ADVISORIES, AND DIRECTIVES]]>
    </line>
    <line>
      <![CDATA[SECURITY FUNCTION VERIFICATION]]>
    </line>
    <line>
      <![CDATA[SOFTWARE, FIRMWARE, AND INFORMATION INTEGRITY]]>
    </line>
    <line>
      <![CDATA[SPAM PROTECTION]]>
    </line>
    <line>
      <![CDATA[INFORMATION INPUT RESTRICTIONS]]>
    </line>
    <line>
      <![CDATA[INFORMATION INPUT VALIDATION]]>
    </line>
    <line>
      <![CDATA[ERROR HANDLING]]>
    </line>
    <line>
      <![CDATA[INFORMATION HANDLING AND RETENTION]]>
    </line>
    <line>
      <![CDATA[PREDICTABLE FAILURE PREVENTION]]>
    </line>
    <line>
      <![CDATA[NON-PERSISTENCE]]>
    </line>
    <line>
      <![CDATA[INFORMATION OUTPUT FILTERING]]>
    </line>
    <line>
      <![CDATA[MEMORY PROTECTION]]>
    </line>
    <line>
      <![CDATA[FAIL-SAFE PROCEDURES]]>
    </line>
    <line>
      <![CDATA[Error : DropDown options from UI are not matching with expected option in the excel]]>
    </line>
    <line>
      <![CDATA[Chrome Browser launched successfully]]>
    </line>
    <line>
      <![CDATA[Successfully navigated to the url]]>
    </line>
    <line>
      <![CDATA[UserId TextBox is provided in login page]]>
    </line>
    <line>
      <![CDATA[Place Holder is provided for UserId TextBox in login page]]>
    </line>
    <line>
      <![CDATA[Place Holder is provided for UserId TextBox in login page]]>
    </line>
    <line>
      <![CDATA[Clicked on Login button in login page]]>
    </line>
    <line>
      <![CDATA[Successfully navigated to home page of the application]]>
    </line>
    <line>
      <![CDATA[Successfully navigated to hipaa risk management system page]]>
    </line>
    <line>
      <![CDATA[Successfully clicked on Physical Risk Assessment text on Hipaa Risk Management Page]]>
    </line>
    <line>
      <![CDATA[Successfully clicked on Risk Assessment on left navigation bar in Physical risks page]]>
    </line>
    <line>
      <![CDATA[The Technical Access Control Sub Control Name Dropdown options from UI are ]]>
    </line>
    <line>
      <![CDATA[]]>
    </line>
    <line>
      <![CDATA[]]>
    </line>
    <line>
      <![CDATA[]]>
    </line>
    <line>
      <![CDATA[ACCESS CONTROL POLICY AND PROCEDURES]]>
    </line>
    <line>
      <![CDATA[ACCOUNT MANAGEMENT]]>
    </line>
    <line>
      <![CDATA[ACCESS ENFORCEMENT]]>
    </line>
    <line>
      <![CDATA[INFORMATION FLOW ENFORCEMENT]]>
    </line>
    <line>
      <![CDATA[SEPARATION OF DUTIES]]>
    </line>
    <line>
      <![CDATA[LEAST PRIVILEGE]]>
    </line>
    <line>
      <![CDATA[UNSUCCESSFUL LOGON ATTEMPTS]]>
    </line>
    <line>
      <![CDATA[SYSTEM USE NOTIFICATION]]>
    </line>
    <line>
      <![CDATA[PREVIOUS LOGON (ACCESS) NOTIFICATION]]>
    </line>
    <line>
      <![CDATA[CONCURRENT SESSION CONTROL]]>
    </line>
    <line>
      <![CDATA[SESSION LOCK]]>
    </line>
    <line>
      <![CDATA[SESSION TERMINATION]]>
    </line>
    <line>
      <![CDATA[SUPERVISION AND REVIEW]]>
    </line>
    <line>
      <![CDATA[PERMITTED ACTIONS WITHOUT IDENTIFICATION OR AUTHENTICATION]]>
    </line>
    <line>
      <![CDATA[AUTOMATED MARKING]]>
    </line>
    <line>
      <![CDATA[SECURITY ATTRIBUTES]]>
    </line>
    <line>
      <![CDATA[REMOTE ACCESS]]>
    </line>
    <line>
      <![CDATA[WIRELESS ACCESS]]>
    </line>
    <line>
      <![CDATA[ACCESS CONTROL FOR MOBILE DEVICES]]>
    </line>
    <line>
      <![CDATA[USE OF EXTERNAL INFORMATION SYSTEMS]]>
    </line>
    <line>
      <![CDATA[INFORMATION SHARING]]>
    </line>
    <line>
      <![CDATA[PUBLICLY ACCESSIBLE CONTENT]]>
    </line>
    <line>
      <![CDATA[DATA MINING PROTECTION]]>
    </line>
    <line>
      <![CDATA[ACCESS CONTROL DECISIONS]]>
    </line>
    <line>
      <![CDATA[REFERENCE MONITOR]]>
    </line>
    <line>
      <![CDATA[Error : DropDown options from UI are not matching with expected option in the excel]]>
    </line>
    <line>
      <![CDATA[Chrome Browser launched successfully]]>
    </line>
    <line>
      <![CDATA[Successfully navigated to the url]]>
    </line>
    <line>
      <![CDATA[UserId TextBox is provided in login page]]>
    </line>
    <line>
      <![CDATA[Place Holder is provided for UserId TextBox in login page]]>
    </line>
    <line>
      <![CDATA[Place Holder is provided for UserId TextBox in login page]]>
    </line>
    <line>
      <![CDATA[Clicked on Login button in login page]]>
    </line>
    <line>
      <![CDATA[Successfully navigated to home page of the application]]>
    </line>
    <line>
      <![CDATA[Successfully navigated to hipaa risk management system page]]>
    </line>
    <line>
      <![CDATA[Successfully clicked on Physical Risk Assessment text on Hipaa Risk Management Page]]>
    </line>
    <line>
      <![CDATA[Successfully clicked on Risk Assessment on left navigation bar in Physical risks page]]>
    </line>
    <line>
      <![CDATA[The Risk Response Dropdown options from UI are ]]>
    </line>
    <line>
      <![CDATA[Transfer]]>
    </line>
    <line>
      <![CDATA[Mitigate]]>
    </line>
    <line>
      <![CDATA[Avoid]]>
    </line>
    <line>
      <![CDATA[Accept]]>
    </line>
    <line>
      <![CDATA[The Risk Response Dropdown Options from Excel are]]>
    </line>
    <line>
      <![CDATA[Transfer]]>
    </line>
    <line>
      <![CDATA[Mitigate]]>
    </line>
    <line>
      <![CDATA[Avoid]]>
    </line>
    <line>
      <![CDATA[Accept]]>
    </line>
    <line>
      <![CDATA[Options are Matching]]>
    </line>
    <line>
      <![CDATA[Chrome Browser launched successfully]]>
    </line>
    <line>
      <![CDATA[Successfully navigated to the url]]>
    </line>
    <line>
      <![CDATA[UserId TextBox is provided in login page]]>
    </line>
    <line>
      <![CDATA[Place Holder is provided for UserId TextBox in login page]]>
    </line>
    <line>
      <![CDATA[Place Holder is provided for UserId TextBox in login page]]>
    </line>
    <line>
      <![CDATA[Clicked on Login button in login page]]>
    </line>
    <line>
      <![CDATA[Successfully navigated to home page of the application]]>
    </line>
    <line>
      <![CDATA[Successfully navigated to hipaa risk management system page]]>
    </line>
    <line>
      <![CDATA[Successfully clicked on Physical Risk Assessment text on Hipaa Risk Management Page]]>
    </line>
    <line>
      <![CDATA[Successfully clicked on Risk Assessment on left navigation bar in Physical risks page]]>
    </line>
    <line>
      <![CDATA[The Technical Audit and Accountability Sub Control Name Dropdown options from UI are ]]>
    </line>
    <line>
      <![CDATA[]]>
    </line>
    <line>
      <![CDATA[]]>
    </line>
    <line>
      <![CDATA[]]>
    </line>
    <line>
      <![CDATA[AUDIT AND ACCOUNTABILITY POLICY AND PROCEDURES]]>
    </line>
    <line>
      <![CDATA[AUDIT EVENTS]]>
    </line>
    <line>
      <![CDATA[CONTENT OF AUDIT RECORDS]]>
    </line>
    <line>
      <![CDATA[AUDIT STORAGE CAPACITY]]>
    </line>
    <line>
      <![CDATA[RESPONSE TO AUDIT PROCESSING FAILURES]]>
    </line>
    <line>
      <![CDATA[AUDIT REVIEW, ANALYSIS, AND REPORTING]]>
    </line>
    <line>
      <![CDATA[AUDIT REDUCTION AND REPORT GENERATION]]>
    </line>
    <line>
      <![CDATA[TIME STAMPS]]>
    </line>
    <line>
      <![CDATA[PROTECTION OF AUDIT INFORMATION]]>
    </line>
    <line>
      <![CDATA[NON-REPUDIATION]]>
    </line>
    <line>
      <![CDATA[AUDIT RECORD RETENTION]]>
    </line>
    <line>
      <![CDATA[AUDIT GENERATION]]>
    </line>
    <line>
      <![CDATA[MONITORING FOR INFORMATION DISCLOSURE]]>
    </line>
    <line>
      <![CDATA[SESSION AUDIT]]>
    </line>
    <line>
      <![CDATA[ALTERNATE AUDIT CAPABILITY]]>
    </line>
    <line>
      <![CDATA[CROSS-ORGANIZATIONAL AUDITING]]>
    </line>
    <line>
      <![CDATA[Error : DropDown options from UI are not matching with expected option in the excel]]>
    </line>
    <line>
      <![CDATA[Chrome Browser launched successfully]]>
    </line>
    <line>
      <![CDATA[Successfully navigated to the url]]>
    </line>
    <line>
      <![CDATA[UserId TextBox is provided in login page]]>
    </line>
    <line>
      <![CDATA[Place Holder is provided for UserId TextBox in login page]]>
    </line>
    <line>
      <![CDATA[Place Holder is provided for UserId TextBox in login page]]>
    </line>
    <line>
      <![CDATA[Clicked on Login button in login page]]>
    </line>
    <line>
      <![CDATA[Successfully navigated to home page of the application]]>
    </line>
    <line>
      <![CDATA[Successfully navigated to hipaa risk management system page]]>
    </line>
    <line>
      <![CDATA[Verifyed Risk Id label in Physical Risk Page]]>
    </line>
    <line>
      <![CDATA[Verifyed Risk Agent label in Physical Risk Page]]>
    </line>
    <line>
      <![CDATA[Verifyed Department Name label in Physical Risk Page]]>
    </line>
    <line>
      <![CDATA[Verifyed Entity Name label in Physical Risk Page]]>
    </line>
    <line>
      <![CDATA[Verifyed Assessor label in Physical Risk Page]]>
    </line>
    <line>
      <![CDATA[Verifyed Assessed label in Physical Risk Page]]>
    </line>
    <line>
      <![CDATA[Verifyed Risk Input label in Physical Risk Page]]>
    </line>
    <line>
      <![CDATA[Verifyed Threat Source label in Physical Risk Page]]>
    </line>
    <line>
      <![CDATA[Verifyed Risk Description label in Physical Risk Page]]>
    </line>
    <line>
      <![CDATA[Verifyed Existing Controls label in Physical Risk Page]]>
    </line>
    <line>
      <![CDATA[Verifyed Risk Impact Category label in Physical Risk Page]]>
    </line>
    <line>
      <![CDATA[Verifyed Probability of Occurance label in Physical Risk Page]]>
    </line>
    <line>
      <![CDATA[Verifyed Impact Level label in Physical Risk Page]]>
    </line>
    <line>
      <![CDATA[Verifyed Risk Exposure Level label in Physical Risk Page]]>
    </line>
    <line>
      <![CDATA[Verifyed Select Control Class label in Physical Risk Page]]>
    </line>
    <line>
      <![CDATA[Verifyed Control Name Class label in Physical Risk Page]]>
    </line>
    <line>
      <![CDATA[Verifyed Sub Control Name label in Physical Risk Page]]>
    </line>
    <line>
      <![CDATA[Verifyed Description label in Physical Risk Page]]>
    </line>
    <line>
      <![CDATA[Verifyed New Control label in Physical Risk Page]]>
    </line>
    <line>
      <![CDATA[Verifyed Responsible label in Physical Risk Page]]>
    </line>
    <line>
      <![CDATA[Verifyed Target Date label in Physical Risk Page]]>
    </line>
    <line>
      <![CDATA[Verifyed Target Quarter label in Physical Risk Page]]>
    </line>
    <line>
      <![CDATA[Verifyed Responsible Dept label in Physical Risk Page]]>
    </line>
    <line>
      <![CDATA[Verifyed Risk Response label in Physical Risk Page]]>
    </line>
    <line>
      <![CDATA[Verifyed Status label in Physical Risk Page]]>
    </line>
    <line>
      <![CDATA[Verifyed  Closed Date label in Physical Risk Page]]>
    </line>
    <line>
      <![CDATA[Chrome Browser launched successfully]]>
    </line>
    <line>
      <![CDATA[Successfully navigated to the url]]>
    </line>
    <line>
      <![CDATA[UserId TextBox is provided in login page]]>
    </line>
    <line>
      <![CDATA[Place Holder is provided for UserId TextBox in login page]]>
    </line>
    <line>
      <![CDATA[Place Holder is provided for UserId TextBox in login page]]>
    </line>
    <line>
      <![CDATA[Clicked on Login button in login page]]>
    </line>
    <line>
      <![CDATA[Successfully navigated to home page of the application]]>
    </line>
    <line>
      <![CDATA[Successfully navigated to hipaa risk management system page]]>
    </line>
    <line>
      <![CDATA[Successfully clicked on Physical Risk Assessment text on Hipaa Risk Management Page]]>
    </line>
    <line>
      <![CDATA[Successfully clicked on Risk Assessment on left navigation bar in Physical risks page]]>
    </line>
    <line>
      <![CDATA[The Impact Level Dropdown options from UI are ]]>
    </line>
    <line>
      <![CDATA[High]]>
    </line>
    <line>
      <![CDATA[Medium]]>
    </line>
    <line>
      <![CDATA[Low]]>
    </line>
    <line>
      <![CDATA[The Impact Level Dropdown Options from Excel are]]>
    </line>
    <line>
      <![CDATA[High]]>
    </line>
    <line>
      <![CDATA[Medium]]>
    </line>
    <line>
      <![CDATA[Low]]>
    </line>
    <line>
      <![CDATA[Options are Matching]]>
    </line>
    <line>
      <![CDATA[Chrome Browser launched successfully]]>
    </line>
    <line>
      <![CDATA[Successfully navigated to the url]]>
    </line>
    <line>
      <![CDATA[UserId TextBox is provided in login page]]>
    </line>
    <line>
      <![CDATA[Place Holder is provided for UserId TextBox in login page]]>
    </line>
    <line>
      <![CDATA[Place Holder is provided for UserId TextBox in login page]]>
    </line>
    <line>
      <![CDATA[Clicked on Login button in login page]]>
    </line>
    <line>
      <![CDATA[Successfully navigated to home page of the application]]>
    </line>
    <line>
      <![CDATA[Successfully navigated to hipaa risk management system page]]>
    </line>
    <line>
      <![CDATA[Successfully clicked on Physical Risk Assessment text on Hipaa Risk Management Page]]>
    </line>
    <line>
      <![CDATA[Successfully clicked on Risk Assessment on left navigation bar in Physical risks page]]>
    </line>
    <line>
      <![CDATA[The Technical Control Name Dropdown options from UI are ]]>
    </line>
    <line>
      <![CDATA[Access Control]]>
    </line>
    <line>
      <![CDATA[Audit and Accountability]]>
    </line>
    <line>
      <![CDATA[Identification and Authentication]]>
    </line>
    <line>
      <![CDATA[System and Communications Protection]]>
    </line>
    <line>
      <![CDATA[Error : DropDown options from UI are not matching with expected option in the excel]]>
    </line>
    <line>
      <![CDATA[Chrome Browser launched successfully]]>
    </line>
    <line>
      <![CDATA[Successfully navigated to the url]]>
    </line>
    <line>
      <![CDATA[UserId TextBox is provided in login page]]>
    </line>
    <line>
      <![CDATA[Place Holder is provided for UserId TextBox in login page]]>
    </line>
    <line>
      <![CDATA[Place Holder is provided for UserId TextBox in login page]]>
    </line>
    <line>
      <![CDATA[Clicked on Login button in login page]]>
    </line>
    <line>
      <![CDATA[Successfully navigated to home page of the application]]>
    </line>
    <line>
      <![CDATA[Successfully navigated to hipaa risk management system page]]>
    </line>
    <line>
      <![CDATA[Successfully clicked on Physical Risk Assessment text on Hipaa Risk Management Page]]>
    </line>
    <line>
      <![CDATA[Successfully clicked on Risk Assessment on left navigation bar in Physical risks page]]>
    </line>
    <line>
      <![CDATA[The Technical Identification and Authentication Sub Control Name Dropdown options from UI are ]]>
    </line>
    <line>
      <![CDATA[]]>
    </line>
    <line>
      <![CDATA[]]>
    </line>
    <line>
      <![CDATA[]]>
    </line>
    <line>
      <![CDATA[IDENTIFICATION AND AUTHENTICATION POLICY AND PROCEDURES]]>
    </line>
    <line>
      <![CDATA[IDENTIFICATION AND AUTHENTICATION]]>
    </line>
    <line>
      <![CDATA[DEVICE IDENTIFICATION AND AUTHENTICATION]]>
    </line>
    <line>
      <![CDATA[IDENTIFIER MANAGEMENT]]>
    </line>
    <line>
      <![CDATA[AUTHENTICATOR MANAGEMENT]]>
    </line>
    <line>
      <![CDATA[AUTHENTICATOR FEEDBACK]]>
    </line>
    <line>
      <![CDATA[CRYPTOGRAPHIC MODULE AUTHENTICATION]]>
    </line>
    <line>
      <![CDATA[IDENTIFICATION AND AUTHENTICATION]]>
    </line>
    <line>
      <![CDATA[SERVICE IDENTIFICATION AND AUTHENTICATION]]>
    </line>
    <line>
      <![CDATA[ADAPTIVE IDENTIFICATION AND AUTHENTICATION]]>
    </line>
    <line>
      <![CDATA[RE-AUTHENTICATION]]>
    </line>
    <line>
      <![CDATA[Error : DropDown options from UI are not matching with expected option in the excel]]>
    </line>
    <line>
      <![CDATA[Chrome Browser launched successfully]]>
    </line>
    <line>
      <![CDATA[Successfully navigated to the url]]>
    </line>
    <line>
      <![CDATA[UserId TextBox is provided in login page]]>
    </line>
    <line>
      <![CDATA[Place Holder is provided for UserId TextBox in login page]]>
    </line>
    <line>
      <![CDATA[Place Holder is provided for UserId TextBox in login page]]>
    </line>
    <line>
      <![CDATA[Clicked on Login button in login page]]>
    </line>
    <line>
      <![CDATA[Successfully navigated to home page of the application]]>
    </line>
    <line>
      <![CDATA[Successfully navigated to hipaa risk management system page]]>
    </line>
    <line>
      <![CDATA[Successfully clicked on Physical Risk Assessment text on Hipaa Risk Management Page]]>
    </line>
    <line>
      <![CDATA[Successfully clicked on Risk Assessment on left navigation bar in Physical risks page]]>
    </line>
    <line>
      <![CDATA[The Operational Incident Response Sub Control Name Dropdown options from UI are ]]>
    </line>
    <line>
      <![CDATA[]]>
    </line>
    <line>
      <![CDATA[]]>
    </line>
    <line>
      <![CDATA[]]>
    </line>
    <line>
      <![CDATA[]]>
    </line>
    <line>
      <![CDATA[]]>
    </line>
    <line>
      <![CDATA[]]>
    </line>
    <line>
      <![CDATA[]]>
    </line>
    <line>
      <![CDATA[]]>
    </line>
    <line>
      <![CDATA[INCIDENT RESPONSE POLICY AND PROCEDURES]]>
    </line>
    <line>
      <![CDATA[INCIDENT RESPONSE TRAINING]]>
    </line>
    <line>
      <![CDATA[INCIDENT RESPONSE TESTING]]>
    </line>
    <line>
      <![CDATA[INCIDENT HANDLING]]>
    </line>
    <line>
      <![CDATA[INCIDENTMONITORING]]>
    </line>
    <line>
      <![CDATA[INCIDENT REPORTING]]>
    </line>
    <line>
      <![CDATA[INCIDENT RESPONSE ASSISTANCE]]>
    </line>
    <line>
      <![CDATA[INCIDENT RESPONSE PLAN]]>
    </line>
    <line>
      <![CDATA[INFORMATION SPILLAGE RESPONSE]]>
    </line>
    <line>
      <![CDATA[INTEGRATED INFORMATION SECURITY ANALYSIS TEAM]]>
    </line>
    <line>
      <![CDATA[Error : DropDown options from UI are not matching with expected option in the excel]]>
    </line>
    <line>
      <![CDATA[Chrome Browser launched successfully]]>
    </line>
    <line>
      <![CDATA[Successfully navigated to the url]]>
    </line>
    <line>
      <![CDATA[UserId TextBox is provided in login page]]>
    </line>
    <line>
      <![CDATA[Place Holder is provided for UserId TextBox in login page]]>
    </line>
    <line>
      <![CDATA[Place Holder is provided for UserId TextBox in login page]]>
    </line>
    <line>
      <![CDATA[Clicked on Login button in login page]]>
    </line>
    <line>
      <![CDATA[Successfully navigated to home page of the application]]>
    </line>
    <line>
      <![CDATA[Successfully navigated to hipaa risk management system page]]>
    </line>
    <line>
      <![CDATA[Successfully clicked on Physical Risk Assessment text on Hipaa Risk Management Page]]>
    </line>
    <line>
      <![CDATA[Successfully clicked on Risk Assessment on left navigation bar in Physical risks page]]>
    </line>
    <line>
      <![CDATA[The Risk Impact Category Dropdown options from UI are ]]>
    </line>
    <line>
      <![CDATA[Integrity]]>
    </line>
    <line>
      <![CDATA[Confidentiality]]>
    </line>
    <line>
      <![CDATA[Availability]]>
    </line>
    <line>
      <![CDATA[The Risk Impact Category Dropdown Options from Excel are]]>
    </line>
    <line>
      <![CDATA[Integrity]]>
    </line>
    <line>
      <![CDATA[Confidentiality]]>
    </line>
    <line>
      <![CDATA[Availability]]>
    </line>
    <line>
      <![CDATA[Options are Matching]]>
    </line>
    <line>
      <![CDATA[Chrome Browser launched successfully]]>
    </line>
    <line>
      <![CDATA[Successfully navigated to the url]]>
    </line>
    <line>
      <![CDATA[UserId TextBox is provided in login page]]>
    </line>
    <line>
      <![CDATA[Place Holder is provided for UserId TextBox in login page]]>
    </line>
    <line>
      <![CDATA[Place Holder is provided for UserId TextBox in login page]]>
    </line>
    <line>
      <![CDATA[Clicked on Login button in login page]]>
    </line>
    <line>
      <![CDATA[Successfully navigated to home page of the application]]>
    </line>
    <line>
      <![CDATA[Successfully navigated to hipaa risk management system page]]>
    </line>
    <line>
      <![CDATA[Successfully clicked on Physical Risk Assessment text on Hipaa Risk Management Page]]>
    </line>
    <line>
      <![CDATA[Successfully clicked on Risk Assessment on left navigation bar in Physical risks page]]>
    </line>
    <line>
      <![CDATA[The Probability of Occurance Dropdown options from UI are ]]>
    </line>
    <line>
      <![CDATA[High]]>
    </line>
    <line>
      <![CDATA[Medium]]>
    </line>
    <line>
      <![CDATA[Low]]>
    </line>
    <line>
      <![CDATA[The Probability of Occurance Dropdown Options from Excel are]]>
    </line>
    <line>
      <![CDATA[High]]>
    </line>
    <line>
      <![CDATA[Medium]]>
    </line>
    <line>
      <![CDATA[Low]]>
    </line>
    <line>
      <![CDATA[Options are Matching]]>
    </line>
    <line>
      <![CDATA[Chrome Browser launched successfully]]>
    </line>
    <line>
      <![CDATA[Successfully navigated to the url]]>
    </line>
    <line>
      <![CDATA[UserId TextBox is provided in login page]]>
    </line>
    <line>
      <![CDATA[Place Holder is provided for UserId TextBox in login page]]>
    </line>
    <line>
      <![CDATA[Place Holder is provided for UserId TextBox in login page]]>
    </line>
    <line>
      <![CDATA[Clicked on Login button in login page]]>
    </line>
    <line>
      <![CDATA[Successfully navigated to home page of the application]]>
    </line>
    <line>
      <![CDATA[Successfully navigated to hipaa risk management system page]]>
    </line>
    <line>
      <![CDATA[Verifyed KRI Dashboard section in left navigation bar for Physical Risk Assessment]]>
    </line>
    <line>
      <![CDATA[Successfully clicked on Risk Assessment in left navigation bar]]>
    </line>
    <line>
      <![CDATA[Successfully verifyed on clicking New risk in left navigation bar navigated to New Physical Risk Assessment Page]]>
    </line>
    <line>
      <![CDATA[Successfully verifyed on clicking Edit risk in left navigation bar navigated to Edit Physical Risk Assessment Page]]>
    </line>
    <line>
      <![CDATA[Successfully verifyed on clicking All risk in left navigation bar navigated to All Physical Risk Assessment Page]]>
    </line>
    <line>
      <![CDATA[Successfully verifyed on clicking Open risk in left navigation bar navigated to All Physical Risk Assessment Page]]>
    </line>
    <line>
      <![CDATA[Successfully verifyed on clicking In Progress risk in left navigation bar navigated to All Physical Risk Assessment Page]]>
    </line>
    <line>
      <![CDATA[Successfully verifyed on clicking Closed risk in left navigation bar navigated to All Physical Risk Assessment Page]]>
    </line>
    <line>
      <![CDATA[Error on clicking on Risk Excel reports in left navigation bar Server error is displayed]]>
    </line>
    <line>
      <![CDATA[Error on clicking on Risk Excel reports in left navigation bar Server error is displayed]]>
    </line>
    <line>
      <![CDATA[Error on clicking on Risk Excel reports in left navigation bar Server error is displayed]]>
    </line>
    <line>
      <![CDATA[Error on clicking on Risk Excel reports in left navigation bar Server error is displayed]]>
    </line>
    <line>
      <![CDATA[Sucessfully navigated to self risk Assessment Question page on clicking on Update Self Risk Assessment Question on left navigation bar]]>
    </line>
    <line>
      <![CDATA[Successfully clicked on collapse icon]]>
    </line>
    <line>
      <![CDATA[Chrome Browser launched successfully]]>
    </line>
    <line>
      <![CDATA[Successfully navigated to the url]]>
    </line>
    <line>
      <![CDATA[UserId TextBox is provided in login page]]>
    </line>
    <line>
      <![CDATA[Place Holder is provided for UserId TextBox in login page]]>
    </line>
    <line>
      <![CDATA[Place Holder is provided for UserId TextBox in login page]]>
    </line>
    <line>
      <![CDATA[Clicked on Login button in login page]]>
    </line>
    <line>
      <![CDATA[Successfully navigated to home page of the application]]>
    </line>
    <line>
      <![CDATA[Successfully navigated to hipaa risk management system page]]>
    </line>
    <line>
      <![CDATA[Successfully clicked on Physical Risk Assessment text on Hipaa Risk Management Page]]>
    </line>
    <line>
      <![CDATA[Successfully clicked on Risk Assessment on left navigation bar in Physical risks page]]>
    </line>
    <line>
      <![CDATA[The Management Certification, Accreditation, and Security Assessments  Sub Control Name Dropdown options from UI are ]]>
    </line>
    <line>
      <![CDATA[]]>
    </line>
    <line>
      <![CDATA[]]>
    </line>
    <line>
      <![CDATA[]]>
    </line>
    <line>
      <![CDATA[SYSTEM AND COMMUNICATIONS PROTECTION POLICY AND PROCEDURES]]>
    </line>
    <line>
      <![CDATA[APPLICATION PARTITIONING]]>
    </line>
    <line>
      <![CDATA[SECURITY FUNCTION ISOLATION]]>
    </line>
    <line>
      <![CDATA[INFORMATION IN SHARED RESOURCES]]>
    </line>
    <line>
      <![CDATA[DENIAL OF SERVICE PROTECTION]]>
    </line>
    <line>
      <![CDATA[RESOURCE AVAILABILITY]]>
    </line>
    <line>
      <![CDATA[BOUNDARY PROTECTION]]>
    </line>
    <line>
      <![CDATA[TRANSMISSION CONFIDENTIALITY AND INTEGRITY]]>
    </line>
    <line>
      <![CDATA[TRANSMISSION CONFIDENTIALITY]]>
    </line>
    <line>
      <![CDATA[NETWORK DISCONNECT]]>
    </line>
    <line>
      <![CDATA[TRUSTED PATH]]>
    </line>
    <line>
      <![CDATA[CRYPTOGRAPHIC KEY ESTABLISHMENT AND MANAGEMENT]]>
    </line>
    <line>
      <![CDATA[CRYPTOGRAPHIC PROTECTION]]>
    </line>
    <line>
      <![CDATA[PUBLIC ACCESS PROTECTIONS]]>
    </line>
    <line>
      <![CDATA[COLLABORATIVE COMPUTING DEVICES]]>
    </line>
    <line>
      <![CDATA[TRANSMISSION OF SECURITY ATTRIBUTES]]>
    </line>
    <line>
      <![CDATA[PUBLIC KEY INFRASTRUCTURE CERTIFICATES]]>
    </line>
    <line>
      <![CDATA[MOBILE CODE]]>
    </line>
    <line>
      <![CDATA[VOICE OVER INTERNET PROTOCOL]]>
    </line>
    <line>
      <![CDATA[SECURE NAME / ADDRESS RESOLUTION SERVICE]]>
    </line>
    <line>
      <![CDATA[SECURE NAME / ADDRESS RESOLUTION SERVICE]]>
    </line>
    <line>
      <![CDATA[ARCHITECTURE AND PROVISIONING FOR NAME / ADDRESS RESOLUTION SERVICE]]>
    </line>
    <line>
      <![CDATA[SESSION AUTHENTICITY]]>
    </line>
    <line>
      <![CDATA[FAIL IN KNOWN STATE]]>
    </line>
    <line>
      <![CDATA[THIN NODES]]>
    </line>
    <line>
      <![CDATA[HONEYPOTS]]>
    </line>
    <line>
      <![CDATA[PLATFORM-INDEPENDENT APPLICATIONS]]>
    </line>
    <line>
      <![CDATA[PROTECTION OF INFORMATION AT REST]]>
    </line>
    <line>
      <![CDATA[HETEROGENEITY]]>
    </line>
    <line>
      <![CDATA[CONCEALMENT AND MISDIRECTION]]>
    </line>
    <line>
      <![CDATA[COVERT CHANNEL ANALYSIS]]>
    </line>
    <line>
      <![CDATA[INFORMATION SYSTEM PARTITIONING]]>
    </line>
    <line>
      <![CDATA[TRANSMISSION PREPARATION INTEGRITY]]>
    </line>
    <line>
      <![CDATA[NON-MODIFIABLE EXECUTABLE PROGRAMS]]>
    </line>
    <line>
      <![CDATA[HONEYCLIENTS]]>
    </line>
    <line>
      <![CDATA[DISTRIBUTED PROCESSING AND STORAGE]]>
    </line>
    <line>
      <![CDATA[OUT-OF-BAND CHANNELS]]>
    </line>
    <line>
      <![CDATA[OPERATIONS SECURITY]]>
    </line>
    <line>
      <![CDATA[PROCESS ISOLATION]]>
    </line>
    <line>
      <![CDATA[WIRELESS LINK PROTECTION]]>
    </line>
    <line>
      <![CDATA[PORT AND I/O DEVICE ACCESS]]>
    </line>
    <line>
      <![CDATA[SENSOR CAPABILITY AND DATA]]>
    </line>
    <line>
      <![CDATA[USAGE RESTRICTIONS]]>
    </line>
    <line>
      <![CDATA[DETONATION CHAMBERS]]>
    </line>
    <line>
      <![CDATA[Error : DropDown options from UI are not matching with expected option in the excel]]>
    </line>
    <line>
      <![CDATA[Chrome Browser launched successfully]]>
    </line>
    <line>
      <![CDATA[Successfully navigated to the url]]>
    </line>
    <line>
      <![CDATA[UserId TextBox is provided in login page]]>
    </line>
    <line>
      <![CDATA[Place Holder is provided for UserId TextBox in login page]]>
    </line>
    <line>
      <![CDATA[Place Holder is provided for UserId TextBox in login page]]>
    </line>
    <line>
      <![CDATA[Clicked on Login button in login page]]>
    </line>
    <line>
      <![CDATA[Successfully navigated to home page of the application]]>
    </line>
    <line>
      <![CDATA[Successfully navigated to hipaa risk management system page]]>
    </line>
    <line>
      <![CDATA[Successfully clicked on Physical Risk Assessment text on Hipaa Risk Management Page]]>
    </line>
    <line>
      <![CDATA[Successfully clicked on Risk Assessment on left navigation bar in Physical risks page]]>
    </line>
    <line>
      <![CDATA[The Operational Media Protection Sub Control Name Dropdown options from UI are ]]>
    </line>
    <line>
      <![CDATA[]]>
    </line>
    <line>
      <![CDATA[]]>
    </line>
    <line>
      <![CDATA[]]>
    </line>
    <line>
      <![CDATA[]]>
    </line>
    <line>
      <![CDATA[]]>
    </line>
    <line>
      <![CDATA[]]>
    </line>
    <line>
      <![CDATA[]]>
    </line>
    <line>
      <![CDATA[]]>
    </line>
    <line>
      <![CDATA[MEDIA PROTECTION POLICY AND PROCEDURES]]>
    </line>
    <line>
      <![CDATA[MEDIA ACCESS]]>
    </line>
    <line>
      <![CDATA[MEDIA MARKING]]>
    </line>
    <line>
      <![CDATA[MEDIA STORAGE]]>
    </line>
    <line>
      <![CDATA[MEDIA TRANSPORT]]>
    </line>
    <line>
      <![CDATA[MEDIA SANITIZATION]]>
    </line>
    <line>
      <![CDATA[MEDIA USE]]>
    </line>
    <line>
      <![CDATA[MEDIA DOWNGRADING]]>
    </line>
    <line>
      <![CDATA[Error : DropDown options from UI are not matching with expected option in the excel]]>
    </line>
    <line>
      <![CDATA[Chrome Browser launched successfully]]>
    </line>
    <line>
      <![CDATA[Successfully navigated to the url]]>
    </line>
    <line>
      <![CDATA[UserId TextBox is provided in login page]]>
    </line>
    <line>
      <![CDATA[Place Holder is provided for UserId TextBox in login page]]>
    </line>
    <line>
      <![CDATA[Place Holder is provided for UserId TextBox in login page]]>
    </line>
    <line>
      <![CDATA[Clicked on Login button in login page]]>
    </line>
    <line>
      <![CDATA[Successfully navigated to home page of the application]]>
    </line>
    <line>
      <![CDATA[Successfully navigated to hipaa risk management system page]]>
    </line>
    <line>
      <![CDATA[Successfully clicked on Physical Risk Assessment text on Hipaa Risk Management Page]]>
    </line>
    <line>
      <![CDATA[Successfully clicked on Risk Assessment on left navigation bar in Physical risks page]]>
    </line>
    <line>
      <![CDATA[The Risk Agent Dropdown options from UI are ]]>
    </line>
    <line>
      <![CDATA[Building]]>
    </line>
    <line>
      <![CDATA[Data Center]]>
    </line>
    <line>
      <![CDATA[Facility]]>
    </line>
    <line>
      <![CDATA[IT Office]]>
    </line>
    <line>
      <![CDATA[Laboratory]]>
    </line>
    <line>
      <![CDATA[Records Storage]]>
    </line>
    <line>
      <![CDATA[Server Room]]>
    </line>
    <line>
      <![CDATA[The Risk Agent Dropdown Options from Excel are]]>
    </line>
    <line>
      <![CDATA[Building]]>
    </line>
    <line>
      <![CDATA[Data Center]]>
    </line>
    <line>
      <![CDATA[Facility]]>
    </line>
    <line>
      <![CDATA[IT Office]]>
    </line>
    <line>
      <![CDATA[Laboratory]]>
    </line>
    <line>
      <![CDATA[Records Storage]]>
    </line>
    <line>
      <![CDATA[Server Room]]>
    </line>
    <line>
      <![CDATA[Options are Matching]]>
    </line>
    <line>
      <![CDATA[Chrome Browser launched successfully]]>
    </line>
    <line>
      <![CDATA[Successfully navigated to the url]]>
    </line>
    <line>
      <![CDATA[UserId TextBox is provided in login page]]>
    </line>
    <line>
      <![CDATA[Place Holder is provided for UserId TextBox in login page]]>
    </line>
    <line>
      <![CDATA[Place Holder is provided for UserId TextBox in login page]]>
    </line>
    <line>
      <![CDATA[Clicked on Login button in login page]]>
    </line>
    <line>
      <![CDATA[Successfully navigated to home page of the application]]>
    </line>
    <line>
      <![CDATA[Successfully navigated to hipaa risk management system page]]>
    </line>
    <line>
      <![CDATA[Successfully clicked on Physical Risk Assessment text on Hipaa Risk Management Page]]>
    </line>
    <line>
      <![CDATA[Successfully clicked on Risk Assessment on left navigation bar in Physical risks page]]>
    </line>
    <line>
      <![CDATA[The Operational Physical and Environmental Protection Sub Control Name Dropdown options from UI are ]]>
    </line>
    <line>
      <![CDATA[]]>
    </line>
    <line>
      <![CDATA[]]>
    </line>
    <line>
      <![CDATA[]]>
    </line>
    <line>
      <![CDATA[]]>
    </line>
    <line>
      <![CDATA[]]>
    </line>
    <line>
      <![CDATA[]]>
    </line>
    <line>
      <![CDATA[]]>
    </line>
    <line>
      <![CDATA[]]>
    </line>
    <line>
      <![CDATA[Error : DropDown options from UI are not matching with expected option in the excel]]>
    </line>
    <line>
      <![CDATA[Chrome Browser launched successfully]]>
    </line>
    <line>
      <![CDATA[Successfully navigated to the url]]>
    </line>
    <line>
      <![CDATA[UserId TextBox is provided in login page]]>
    </line>
    <line>
      <![CDATA[Place Holder is provided for UserId TextBox in login page]]>
    </line>
    <line>
      <![CDATA[Place Holder is provided for UserId TextBox in login page]]>
    </line>
    <line>
      <![CDATA[Clicked on Login button in login page]]>
    </line>
    <line>
      <![CDATA[Successfully navigated to home page of the application]]>
    </line>
    <line>
      <![CDATA[Successfully navigated to hipaa risk management system page]]>
    </line>
    <line>
      <![CDATA[Successfully clicked on Physical Risk Assessment text on Hipaa Risk Management Page]]>
    </line>
    <line>
      <![CDATA[Successfully clicked on Risk Assessment on left navigation bar in Physical risks page]]>
    </line>
    <line>
      <![CDATA[The Management Risk Assessment Sub Control Name Dropdown options from UI are ]]>
    </line>
    <line>
      <![CDATA[]]>
    </line>
    <line>
      <![CDATA[]]>
    </line>
    <line>
      <![CDATA[]]>
    </line>
    <line>
      <![CDATA[RISK ASSESSMENT POLICY AND PROCEDURES]]>
    </line>
    <line>
      <![CDATA[SECURITY CATEGORIZATION]]>
    </line>
    <line>
      <![CDATA[RISK ASSESSMENT]]>
    </line>
    <line>
      <![CDATA[RISK ASSESSMENT UPDATE]]>
    </line>
    <line>
      <![CDATA[VULNERABILITY SCANNING]]>
    </line>
    <line>
      <![CDATA[TECHNICAL SURVEILLANCE COUNTERMEASURES SURVEY]]>
    </line>
    <line>
      <![CDATA[Error : DropDown options from UI are not matching with expected option in the excel]]>
    </line>
    <line>
      <![CDATA[Chrome Browser launched successfully]]>
    </line>
    <line>
      <![CDATA[Successfully navigated to the url]]>
    </line>
    <line>
      <![CDATA[UserId TextBox is provided in login page]]>
    </line>
    <line>
      <![CDATA[Place Holder is provided for UserId TextBox in login page]]>
    </line>
    <line>
      <![CDATA[Place Holder is provided for UserId TextBox in login page]]>
    </line>
    <line>
      <![CDATA[Clicked on Login button in login page]]>
    </line>
    <line>
      <![CDATA[Successfully navigated to home page of the application]]>
    </line>
    <line>
      <![CDATA[Successfully navigated to hipaa risk management system page]]>
    </line>
    <line>
      <![CDATA[Chrome Browser launched successfully]]>
    </line>
    <line>
      <![CDATA[Successfully navigated to the url]]>
    </line>
    <line>
      <![CDATA[UserId TextBox is provided in login page]]>
    </line>
    <line>
      <![CDATA[Place Holder is provided for UserId TextBox in login page]]>
    </line>
    <line>
      <![CDATA[Place Holder is provided for UserId TextBox in login page]]>
    </line>
    <line>
      <![CDATA[Clicked on Login button in login page]]>
    </line>
    <line>
      <![CDATA[Successfully navigated to home page of the application]]>
    </line>
    <line>
      <![CDATA[Successfully navigated to hipaa risk management system page]]>
    </line>
    <line>
      <![CDATA[Successfully clicked on Physical Risk Assessment text on Hipaa Risk Management Page]]>
    </line>
    <line>
      <![CDATA[Successfully clicked on Risk Assessment on left navigation bar in Physical risks page]]>
    </line>
    <line>
      <![CDATA[The Management Planning Sub Control Name Dropdown options from UI are ]]>
    </line>
    <line>
      <![CDATA[]]>
    </line>
    <line>
      <![CDATA[]]>
    </line>
    <line>
      <![CDATA[]]>
    </line>
    <line>
      <![CDATA[SECURITY PLANNING POLICY AND PROCEDURES]]>
    </line>
    <line>
      <![CDATA[SYSTEM SECURITY PLAN]]>
    </line>
    <line>
      <![CDATA[SYSTEM SECURITY PLAN UPDATE]]>
    </line>
    <line>
      <![CDATA[RULES OF BEHAVIOR]]>
    </line>
    <line>
      <![CDATA[PRIVACY IMPACT ASSESSMENT]]>
    </line>
    <line>
      <![CDATA[SECURITY-RELATED ACTIVITY PLANNING]]>
    </line>
    <line>
      <![CDATA[SECURITY CONCEPT OF OPERATIONS]]>
    </line>
    <line>
      <![CDATA[INFORMATION SECURITY ARCHITECTURE]]>
    </line>
    <line>
      <![CDATA[CENTRAL MANAGEMENT]]>
    </line>
    <line>
      <![CDATA[Error : DropDown options from UI are not matching with expected option in the excel]]>
    </line>
    <line>
      <![CDATA[Chrome Browser launched successfully]]>
    </line>
    <line>
      <![CDATA[Successfully navigated to the url]]>
    </line>
    <line>
      <![CDATA[UserId TextBox is provided in login page]]>
    </line>
    <line>
      <![CDATA[Place Holder is provided for UserId TextBox in login page]]>
    </line>
    <line>
      <![CDATA[Place Holder is provided for UserId TextBox in login page]]>
    </line>
    <line>
      <![CDATA[Clicked on Login button in login page]]>
    </line>
    <line>
      <![CDATA[Successfully navigated to home page of the application]]>
    </line>
    <line>
      <![CDATA[Successfully navigated to hipaa risk management system page]]>
    </line>
    <line>
      <![CDATA[Successfully clicked on Physical Risk Assessment text on Hipaa Risk Management Page]]>
    </line>
    <line>
      <![CDATA[Successfully clicked on Risk Assessment on left navigation bar in Physical risks page]]>
    </line>
    <line>
      <![CDATA[The Management System and Services Acquisition Sub Control Name Dropdown options from UI are ]]>
    </line>
    <line>
      <![CDATA[]]>
    </line>
    <line>
      <![CDATA[]]>
    </line>
    <line>
      <![CDATA[]]>
    </line>
    <line>
      <![CDATA[SYSTEM AND SERVICES ACQUISITION POLICY AND PROCEDURES]]>
    </line>
    <line>
      <![CDATA[ALLOCATION OF RESOURCES]]>
    </line>
    <line>
      <![CDATA[SYSTEM DEVELOPMENT LIFE CYCLE]]>
    </line>
    <line>
      <![CDATA[ACQUISITION PROCESS]]>
    </line>
    <line>
      <![CDATA[INFORMATION SYSTEM DOCUMENTATION]]>
    </line>
    <line>
      <![CDATA[SOFTWARE USAGE RESTRICTIONS]]>
    </line>
    <line>
      <![CDATA[USER-INSTALLED SOFTWARE]]>
    </line>
    <line>
      <![CDATA[SECURITY ENGINEERING PRINCIPLES]]>
    </line>
    <line>
      <![CDATA[EXTERNAL INFORMATION SYSTEM SERVICES]]>
    </line>
    <line>
      <![CDATA[DEVELOPER CONFIGURATION MANAGEMENT]]>
    </line>
    <line>
      <![CDATA[DEVELOPER SECURITY TESTING AND EVALUATION]]>
    </line>
    <line>
      <![CDATA[SUPPLY CHAIN PROTECTION]]>
    </line>
    <line>
      <![CDATA[TRUSTWORTHINESS]]>
    </line>
    <line>
      <![CDATA[CRITICALITY ANALYSIS]]>
    </line>
    <line>
      <![CDATA[DEVELOPMENT PROCESS, STANDARDS, AND TOOLS]]>
    </line>
    <line>
      <![CDATA[DEVELOPER-PROVIDED TRAINING]]>
    </line>
    <line>
      <![CDATA[DEVELOPER SECURITY ARCHITECTURE AND DESIGN]]>
    </line>
    <line>
      <![CDATA[TAMPER RESISTANCE AND DETECTION]]>
    </line>
    <line>
      <![CDATA[COMPONENT AUTHENTICITY]]>
    </line>
    <line>
      <![CDATA[CUSTOMIZED DEVELOPMENT OF CRITICAL COMPONENTS]]>
    </line>
    <line>
      <![CDATA[DEVELOPER SCREENING]]>
    </line>
    <line>
      <![CDATA[UNSUPPORTED SYSTEM COMPONENTS]]>
    </line>
    <line>
      <![CDATA[Error : DropDown options from UI are not matching with expected option in the excel]]>
    </line>
    <line>
      <![CDATA[Chrome Browser launched successfully]]>
    </line>
    <line>
      <![CDATA[Successfully navigated to the url]]>
    </line>
    <line>
      <![CDATA[UserId TextBox is provided in login page]]>
    </line>
    <line>
      <![CDATA[Place Holder is provided for UserId TextBox in login page]]>
    </line>
    <line>
      <![CDATA[Place Holder is provided for UserId TextBox in login page]]>
    </line>
    <line>
      <![CDATA[Clicked on Login button in login page]]>
    </line>
    <line>
      <![CDATA[Successfully navigated to home page of the application]]>
    </line>
    <line>
      <![CDATA[Successfully navigated to hipaa risk management system page]]>
    </line>
    <line>
      <![CDATA[Successfully clicked on Physical Risk Assessment text on Hipaa Risk Management Page]]>
    </line>
    <line>
      <![CDATA[Successfully clicked on Risk Assessment on left navigation bar in Physical risks page]]>
    </line>
    <line>
      <![CDATA[The Operational Awareness and Training Sub Control Name Dropdown options from UI are ]]>
    </line>
    <line>
      <![CDATA[]]>
    </line>
    <line>
      <![CDATA[]]>
    </line>
    <line>
      <![CDATA[]]>
    </line>
    <line>
      <![CDATA[]]>
    </line>
    <line>
      <![CDATA[]]>
    </line>
    <line>
      <![CDATA[]]>
    </line>
    <line>
      <![CDATA[]]>
    </line>
    <line>
      <![CDATA[]]>
    </line>
    <line>
      <![CDATA[SECURITY AWARENESS AND TRAINING POLICY AND PROCEDURES]]>
    </line>
    <line>
      <![CDATA[SECURITY AWARENESS TRAINING]]>
    </line>
    <line>
      <![CDATA[ROLE-BASED SECURITY TRAINING]]>
    </line>
    <line>
      <![CDATA[SECURITY TRAINING RECORDS]]>
    </line>
    <line>
      <![CDATA[CONTACTS WITH SECURITY GROUPS AND ASSOCIATIONS]]>
    </line>
    <line>
      <![CDATA[Error : DropDown options from UI are not matching with expected option in the excel]]>
    </line>
    <line>
      <![CDATA[Chrome Browser launched successfully]]>
    </line>
    <line>
      <![CDATA[Successfully navigated to the url]]>
    </line>
    <line>
      <![CDATA[UserId TextBox is provided in login page]]>
    </line>
    <line>
      <![CDATA[Place Holder is provided for UserId TextBox in login page]]>
    </line>
    <line>
      <![CDATA[Place Holder is provided for UserId TextBox in login page]]>
    </line>
    <line>
      <![CDATA[Clicked on Login button in login page]]>
    </line>
    <line>
      <![CDATA[Successfully navigated to home page of the application]]>
    </line>
    <line>
      <![CDATA[Successfully navigated to hipaa risk management system page]]>
    </line>
    <line>
      <![CDATA[Successfully clicked on Physical Risk Assessment text on Hipaa Risk Management Page]]>
    </line>
    <line>
      <![CDATA[Successfully clicked on Risk Assessment on left navigation bar in Physical risks page]]>
    </line>
    <line>
      <![CDATA[The Management Control Name Dropdown options from UI are ]]>
    </line>
    <line>
      <![CDATA[Certification, Accreditation, and Security Assessments]]>
    </line>
    <line>
      <![CDATA[Planning]]>
    </line>
    <line>
      <![CDATA[Risk Assessment]]>
    </line>
    <line>
      <![CDATA[System and Services Acquisition]]>
    </line>
    <line>
      <![CDATA[The Management Control Name Dropdown Options from Excel are]]>
    </line>
    <line>
      <![CDATA[Certification, Accreditation, and Security Assessments]]>
    </line>
    <line>
      <![CDATA[Planning]]>
    </line>
    <line>
      <![CDATA[Risk Assessment]]>
    </line>
    <line>
      <![CDATA[System and Services Acquisition]]>
    </line>
    <line>
      <![CDATA[Options are Matching]]>
    </line>
    <line>
      <![CDATA[Chrome Browser launched successfully]]>
    </line>
    <line>
      <![CDATA[Successfully navigated to the url]]>
    </line>
    <line>
      <![CDATA[UserId TextBox is provided in login page]]>
    </line>
    <line>
      <![CDATA[Place Holder is provided for UserId TextBox in login page]]>
    </line>
    <line>
      <![CDATA[Place Holder is provided for UserId TextBox in login page]]>
    </line>
    <line>
      <![CDATA[Clicked on Login button in login page]]>
    </line>
    <line>
      <![CDATA[Successfully navigated to home page of the application]]>
    </line>
    <line>
      <![CDATA[Successfully navigated to hipaa risk management system page]]>
    </line>
    <line>
      <![CDATA[Successfully clicked on Physical Risk Assessment text on Hipaa Risk Management Page]]>
    </line>
    <line>
      <![CDATA[Successfully clicked on Risk Assessment on left navigation bar in Physical risks page]]>
    </line>
    <line>
      <![CDATA[The Operational Contingency Planing Sub Control Name Dropdown options from UI are ]]>
    </line>
    <line>
      <![CDATA[]]>
    </line>
    <line>
      <![CDATA[]]>
    </line>
    <line>
      <![CDATA[]]>
    </line>
    <line>
      <![CDATA[]]>
    </line>
    <line>
      <![CDATA[]]>
    </line>
    <line>
      <![CDATA[]]>
    </line>
    <line>
      <![CDATA[]]>
    </line>
    <line>
      <![CDATA[]]>
    </line>
    <line>
      <![CDATA[CONTINGENCY PLANNING POLICY AND PROCEDURES]]>
    </line>
    <line>
      <![CDATA[CONTINGENCY PLAN]]>
    </line>
    <line>
      <![CDATA[CONTINGENCY TRAINING]]>
    </line>
    <line>
      <![CDATA[CONTINGENCY PLAN TESTING]]>
    </line>
    <line>
      <![CDATA[CONTINGENCY PLAN UPDATE]]>
    </line>
    <line>
      <![CDATA[ALTERNATE STORAGE SITE]]>
    </line>
    <line>
      <![CDATA[ALTERNATE PROCESSING SITE]]>
    </line>
    <line>
      <![CDATA[TELECOMMUNICATIONS SERVICES]]>
    </line>
    <line>
      <![CDATA[INFORMATION SYSTEM BACKUP]]>
    </line>
    <line>
      <![CDATA[INFORMATION SYSTEM RECOVERY AND RECONSTITUTION]]>
    </line>
    <line>
      <![CDATA[ALTERNATE COMMUNICATIONS PROTOCOLS]]>
    </line>
    <line>
      <![CDATA[SAFE MODE]]>
    </line>
    <line>
      <![CDATA[ALTERNATIVE SECURITY MECHANISMS]]>
    </line>
    <line>
      <![CDATA[Error : DropDown options from UI are not matching with expected option in the excel]]>
    </line>
  </reporter-output>
  <suite name="Suite" duration-ms="1339569" started-at="2023-05-08T12:30:46 IST" finished-at="2023-05-08T12:53:06 IST">
    <groups>
      <group name="Sanity">
        <method signature="DropdownRiskAgent.riskAgentDropdownInPhysicalRisk()[pri:0, instance:physicalRisk.DropdownRiskAgent@17695df3]" name="riskAgentDropdownInPhysicalRisk" class="physicalRisk.DropdownRiskAgent"/>
      </group> <!-- Sanity -->
      <group name="Regression">
        <method signature="ToVerifyAllTheLabelsInPhysicalRiskPage.closedDateLabelInPhysicalRisk()[pri:26, instance:physicalRisk.ToVerifyAllTheLabelsInPhysicalRiskPage@587c290d]" name="closedDateLabelInPhysicalRisk" class="physicalRisk.ToVerifyAllTheLabelsInPhysicalRiskPage"/>
      </group> <!-- Regression -->
      <group name="Smoke">
        <method signature="ToVerifyAllTheLabelsInPhysicalRiskPage.closedDateLabelInPhysicalRisk()[pri:26, instance:physicalRisk.ToVerifyAllTheLabelsInPhysicalRiskPage@587c290d]" name="closedDateLabelInPhysicalRisk" class="physicalRisk.ToVerifyAllTheLabelsInPhysicalRiskPage"/>
        <method signature="DropdownRiskAgent.riskAgentDropdownInPhysicalRisk()[pri:0, instance:physicalRisk.DropdownRiskAgent@17695df3]" name="riskAgentDropdownInPhysicalRisk" class="physicalRisk.DropdownRiskAgent"/>
      </group> <!-- Smoke -->
    </groups>
    <test name="Dropdown Sub Control Name If Technical Radio Button And System And Communications Protection Option Selected In Physical Risk" duration-ms="71021" started-at="2023-05-08T12:30:46 IST" finished-at="2023-05-08T12:31:57 IST">
      <class name="physicalRisk.DropdownSubControlNameIfTechnicalRadioButtonAndSystemAndCommunicationsProtectionOptionSelected">
        <test-method status="PASS" signature="driver(org.testng.ITestContext,java.lang.String)[pri:0, instance:physicalRisk.DropdownSubControlNameIfTechnicalRadioButtonAndSystemAndCommunicationsProtectionOptionSelected@4d3167f4]" name="driver" is-config="true" duration-ms="37574" started-at="2023-05-08T12:30:46 IST" finished-at="2023-05-08T12:31:24 IST">
          <params>
            <param index="0">
              <value>
                <![CDATA[org.testng.TestRunner@17c60995]]>
              </value>
            </param>
            <param index="1">
              <value>
                <![CDATA[chrome]]>
              </value>
            </param>
          </params>
          <reporter-output>
            <line>
              <![CDATA[Chrome Browser launched successfully]]>
            </line>
            <line>
              <![CDATA[Successfully navigated to the url]]>
            </line>
            <line>
              <![CDATA[UserId TextBox is provided in login page]]>
            </line>
            <line>
              <![CDATA[Place Holder is provided for UserId TextBox in login page]]>
            </line>
            <line>
              <![CDATA[Place Holder is provided for UserId TextBox in login page]]>
            </line>
            <line>
              <![CDATA[Clicked on Login button in login page]]>
            </line>
            <line>
              <![CDATA[Successfully navigated to home page of the application]]>
            </line>
            <line>
              <![CDATA[Successfully navigated to hipaa risk management system page]]>
            </line>
          </reporter-output>
        </test-method> <!-- driver -->
        <test-method status="PASS" signature="dropdownSubControlNameIfTechnicalRadioButtonAndSystemAndCommunicationsProtectionOptionSelected()[pri:0, instance:physicalRisk.DropdownSubControlNameIfTechnicalRadioButtonAndSystemAndCommunicationsProtectionOptionSelected@4d3167f4]" name="dropdownSubControlNameIfTechnicalRadioButtonAndSystemAndCommunicationsProtectionOptionSelected" duration-ms="31671" started-at="2023-05-08T12:31:24 IST" finished-at="2023-05-08T12:31:56 IST">
          <reporter-output>
            <line>
              <![CDATA[Successfully clicked on Physical Risk Assessment text on Hipaa Risk Management Page]]>
            </line>
            <line>
              <![CDATA[Successfully clicked on Risk Assessment on left navigation bar in Physical risks page]]>
            </line>
            <line>
              <![CDATA[The Technical System and Communications Protection Sub Control Name Dropdown options from UI are ]]>
            </line>
            <line>
              <![CDATA[]]>
            </line>
            <line>
              <![CDATA[]]>
            </line>
            <line>
              <![CDATA[]]>
            </line>
            <line>
              <![CDATA[SECURITY ASSESSMENT AND AUTHORIZATION POLICY AND PROCEDURES]]>
            </line>
            <line>
              <![CDATA[SECURITY ASSESSMENTS]]>
            </line>
            <line>
              <![CDATA[SYSTEM INTERCONNECTIONS]]>
            </line>
            <line>
              <![CDATA[SECURITY CERTIFICATION]]>
            </line>
            <line>
              <![CDATA[PLAN OF ACTION AND MILESTONES]]>
            </line>
            <line>
              <![CDATA[SECURITY AUTHORIZATION]]>
            </line>
            <line>
              <![CDATA[CONTINUOUS MONITORING]]>
            </line>
            <line>
              <![CDATA[PENETRATION TESTING]]>
            </line>
            <line>
              <![CDATA[INTERNAL SYSTEM CONNECTIONS]]>
            </line>
            <line>
              <![CDATA[Error : DropDown options from UI are not matching with expected option in the excel]]>
            </line>
          </reporter-output>
        </test-method> <!-- dropdownSubControlNameIfTechnicalRadioButtonAndSystemAndCommunicationsProtectionOptionSelected -->
        <test-method status="PASS" signature="checkResult(java.lang.reflect.Method,org.testng.ITestResult)[pri:0, instance:physicalRisk.DropdownSubControlNameIfTechnicalRadioButtonAndSystemAndCommunicationsProtectionOptionSelected@4d3167f4]" name="checkResult" is-config="true" duration-ms="1" started-at="2023-05-08T12:31:56 IST" finished-at="2023-05-08T12:31:56 IST">
          <params>
            <param index="0">
              <value>
                <![CDATA[public void physicalRisk.DropdownSubControlNameIfTechnicalRadioButtonAndSystemAndCommunicationsProtectionOptionSelected.dropdownSubControlNameIfTechnicalRadioButtonAndSystemAndCommunicationsProtectionOptionSelected()]]>
              </value>
            </param>
            <param index="1">
              <value>
                <![CDATA[[TestResult name=dropdownSubControlNameIfTechnicalRadioButtonAndSystemAndCommunicationsProtectionOptionSelected status=SUCCESS method=DropdownSubControlNameIfTechnicalRadioButtonAndSystemAndCommunicationsProtectionOptionSelected.dropdownSubControlNameIfTechnicalRadioButtonAndSystemAndCommunicationsProtectionOptionSelected()[pri:0, instance:physicalRisk.DropdownSubControlNameIfTechnicalRadioButtonAndSystemAndCommunicationsProtectionOptionSelected@4d3167f4] output=Successfully clicked on Physical Risk Assessment text on Hipaa Risk Management Page]]]>
              </value>
            </param>
          </params>
          <reporter-output>
          </reporter-output>
        </test-method> <!-- checkResult -->
        <test-method status="PASS" signature="quit()[pri:0, instance:physicalRisk.DropdownSubControlNameIfTechnicalRadioButtonAndSystemAndCommunicationsProtectionOptionSelected@4d3167f4]" name="quit" is-config="true" duration-ms="1623" started-at="2023-05-08T12:31:56 IST" finished-at="2023-05-08T12:31:57 IST">
          <reporter-output>
          </reporter-output>
        </test-method> <!-- quit -->
      </class> <!-- physicalRisk.DropdownSubControlNameIfTechnicalRadioButtonAndSystemAndCommunicationsProtectionOptionSelected -->
    </test> <!-- Dropdown Sub Control Name If Technical Radio Button And System And Communications Protection Option Selected In Physical Risk -->
    <test name="Dropdown Risk Input Options In Physical Risk" duration-ms="50370" started-at="2023-05-08T12:31:57 IST" finished-at="2023-05-08T12:32:48 IST">
      <class name="physicalRisk.DropdownRiskInput">
        <test-method status="PASS" signature="driver(org.testng.ITestContext,java.lang.String)[pri:0, instance:physicalRisk.DropdownRiskInput@289d1c02]" name="driver" is-config="true" duration-ms="23528" started-at="2023-05-08T12:31:57 IST" finished-at="2023-05-08T12:32:21 IST">
          <params>
            <param index="0">
              <value>
                <![CDATA[org.testng.TestRunner@552cd6ad]]>
              </value>
            </param>
            <param index="1">
              <value>
                <![CDATA[chrome]]>
              </value>
            </param>
          </params>
          <reporter-output>
            <line>
              <![CDATA[Chrome Browser launched successfully]]>
            </line>
            <line>
              <![CDATA[Successfully navigated to the url]]>
            </line>
            <line>
              <![CDATA[UserId TextBox is provided in login page]]>
            </line>
            <line>
              <![CDATA[Place Holder is provided for UserId TextBox in login page]]>
            </line>
            <line>
              <![CDATA[Place Holder is provided for UserId TextBox in login page]]>
            </line>
            <line>
              <![CDATA[Clicked on Login button in login page]]>
            </line>
            <line>
              <![CDATA[Successfully navigated to home page of the application]]>
            </line>
            <line>
              <![CDATA[Successfully navigated to hipaa risk management system page]]>
            </line>
          </reporter-output>
        </test-method> <!-- driver -->
        <test-method status="PASS" signature="riskInputDropdownInPhysicalRisk()[pri:0, instance:physicalRisk.DropdownRiskInput@289d1c02]" name="riskInputDropdownInPhysicalRisk" duration-ms="22890" started-at="2023-05-08T12:32:21 IST" finished-at="2023-05-08T12:32:44 IST">
          <reporter-output>
            <line>
              <![CDATA[Successfully clicked on Physical Risk Assessment text on Hipaa Risk Management Page]]>
            </line>
            <line>
[...]
        <test-method status="PASS" signature="driver(org.testng.ITestContext,java.lang.String)[pri:0, instance:physicalRisk.DropdownSubControlNameIfOperationalRadioButtonAndAwarenessAndTrainingOptionSelected@679b62af]" name="driver" is-config="true" duration-ms="16695" started-at="2023-05-08T12:51:26 IST" finished-at="2023-05-08T12:51:43 IST">
          <params>
            <param index="0">
              <value>
                <![CDATA[org.testng.TestRunner@55df76ac]]>
              </value>
            </param>
            <param index="1">
              <value>
                <![CDATA[chrome]]>
              </value>
            </param>
          </params>
          <reporter-output>
            <line>
              <![CDATA[Chrome Browser launched successfully]]>
            </line>
            <line>
              <![CDATA[Successfully navigated to the url]]>
            </line>
            <line>
              <![CDATA[UserId TextBox is provided in login page]]>
            </line>
            <line>
              <![CDATA[Place Holder is provided for UserId TextBox in login page]]>
            </line>
            <line>
              <![CDATA[Place Holder is provided for UserId TextBox in login page]]>
            </line>
            <line>
              <![CDATA[Clicked on Login button in login page]]>
            </line>
            <line>
              <![CDATA[Successfully navigated to home page of the application]]>
            </line>
            <line>
              <![CDATA[Successfully navigated to hipaa risk management system page]]>
            </line>
          </reporter-output>
        </test-method> <!-- driver -->
        <test-method status="PASS" signature="dropdownSubControlNameIfOperationalRadioButtonAndAwarenessAndTrainingOptionSelected()[pri:0, instance:physicalRisk.DropdownSubControlNameIfOperationalRadioButtonAndAwarenessAndTrainingOptionSelected@679b62af]" name="dropdownSubControlNameIfOperationalRadioButtonAndAwarenessAndTrainingOptionSelected" duration-ms="12307" started-at="2023-05-08T12:51:43 IST" finished-at="2023-05-08T12:51:55 IST">
          <reporter-output>
            <line>
              <![CDATA[Successfully clicked on Physical Risk Assessment text on Hipaa Risk Management Page]]>
            </line>
            <line>
              <![CDATA[Successfully clicked on Risk Assessment on left navigation bar in Physical risks page]]>
            </line>
            <line>
              <![CDATA[The Operational Awareness and Training Sub Control Name Dropdown options from UI are ]]>
            </line>
            <line>
              <![CDATA[]]>
            </line>
            <line>
              <![CDATA[]]>
            </line>
            <line>
              <![CDATA[]]>
            </line>
            <line>
              <![CDATA[]]>
            </line>
            <line>
              <![CDATA[]]>
            </line>
            <line>
              <![CDATA[]]>
            </line>
            <line>
              <![CDATA[]]>
            </line>
            <line>
              <![CDATA[]]>
            </line>
            <line>
              <![CDATA[SECURITY AWARENESS AND TRAINING POLICY AND PROCEDURES]]>
            </line>
            <line>
              <![CDATA[SECURITY AWARENESS TRAINING]]>
            </line>
            <line>
              <![CDATA[ROLE-BASED SECURITY TRAINING]]>
            </line>
            <line>
              <![CDATA[SECURITY TRAINING RECORDS]]>
            </line>
            <line>
              <![CDATA[CONTACTS WITH SECURITY GROUPS AND ASSOCIATIONS]]>
            </line>
            <line>
              <![CDATA[Error : DropDown options from UI are not matching with expected option in the excel]]>
            </line>
          </reporter-output>
        </test-method> <!-- dropdownSubControlNameIfOperationalRadioButtonAndAwarenessAndTrainingOptionSelected -->
        <test-method status="PASS" signature="checkResult(java.lang.reflect.Method,org.testng.ITestResult)[pri:0, instance:physicalRisk.DropdownSubControlNameIfOperationalRadioButtonAndAwarenessAndTrainingOptionSelected@679b62af]" name="checkResult" is-config="true" duration-ms="1" started-at="2023-05-08T12:51:55 IST" finished-at="2023-05-08T12:51:55 IST">
          <params>
            <param index="0">
              <value>
                <![CDATA[public void physicalRisk.DropdownSubControlNameIfOperationalRadioButtonAndAwarenessAndTrainingOptionSelected.dropdownSubControlNameIfOperationalRadioButtonAndAwarenessAndTrainingOptionSelected()]]>
              </value>
            </param>
            <param index="1">
              <value>
                <![CDATA[[TestResult name=dropdownSubControlNameIfOperationalRadioButtonAndAwarenessAndTrainingOptionSelected status=SUCCESS method=DropdownSubControlNameIfOperationalRadioButtonAndAwarenessAndTrainingOptionSelected.dropdownSubControlNameIfOperationalRadioButtonAndAwarenessAndTrainingOptionSelected()[pri:0, instance:physicalRisk.DropdownSubControlNameIfOperationalRadioButtonAndAwarenessAndTrainingOptionSelected@679b62af] output=Successfully clicked on Physical Risk Assessment text on Hipaa Risk Management Page]]]>
              </value>
            </param>
          </params>
          <reporter-output>
          </reporter-output>
        </test-method> <!-- checkResult -->
        <test-method status="PASS" signature="quit()[pri:0, instance:physicalRisk.DropdownSubControlNameIfOperationalRadioButtonAndAwarenessAndTrainingOptionSelected@679b62af]" name="quit" is-config="true" duration-ms="1492" started-at="2023-05-08T12:51:55 IST" finished-at="2023-05-08T12:51:57 IST">
          <reporter-output>
          </reporter-output>
        </test-method> <!-- quit -->
      </class> <!-- physicalRisk.DropdownSubControlNameIfOperationalRadioButtonAndAwarenessAndTrainingOptionSelected -->
    </test> <!-- Dropdown Sub Control Name If Operational Radio Button And Awareness And Training Option Selected In Physical Risk -->
    <test name="Dropdown control Name If Management Radio Button Selected In Physical Risk" duration-ms="38375" started-at="2023-05-08T12:51:57 IST" finished-at="2023-05-08T12:52:35 IST">
      <class name="physicalRisk.DropdowncontrolNameIfManagementRadioButtonSelected">
        <test-method status="PASS" signature="driver(org.testng.ITestContext,java.lang.String)[pri:0, instance:physicalRisk.DropdowncontrolNameIfManagementRadioButtonSelected@290dbf45]" name="driver" is-config="true" duration-ms="17631" started-at="2023-05-08T12:51:57 IST" finished-at="2023-05-08T12:52:14 IST">
          <params>
            <param index="0">
              <value>
                <![CDATA[org.testng.TestRunner@7b6c6005]]>
              </value>
            </param>
            <param index="1">
              <value>
                <![CDATA[chrome]]>
              </value>
            </param>
          </params>
          <reporter-output>
            <line>
              <![CDATA[Chrome Browser launched successfully]]>
            </line>
            <line>
              <![CDATA[Successfully navigated to the url]]>
            </line>
            <line>
              <![CDATA[UserId TextBox is provided in login page]]>
            </line>
            <line>
              <![CDATA[Place Holder is provided for UserId TextBox in login page]]>
            </line>
            <line>
              <![CDATA[Place Holder is provided for UserId TextBox in login page]]>
            </line>
            <line>
              <![CDATA[Clicked on Login button in login page]]>
            </line>
            <line>
              <![CDATA[Successfully navigated to home page of the application]]>
            </line>
            <line>
              <![CDATA[Successfully navigated to hipaa risk management system page]]>
            </line>
          </reporter-output>
        </test-method> <!-- driver -->
        <test-method status="PASS" signature="dropdowncontrolNameIfManagementRadioButtonSelectedInPhysicalRisk()[pri:0, instance:physicalRisk.DropdowncontrolNameIfManagementRadioButtonSelected@290dbf45]" name="dropdowncontrolNameIfManagementRadioButtonSelectedInPhysicalRisk" duration-ms="19094" started-at="2023-05-08T12:52:14 IST" finished-at="2023-05-08T12:52:33 IST">
          <reporter-output>
            <line>
              <![CDATA[Successfully clicked on Physical Risk Assessment text on Hipaa Risk Management Page]]>
            </line>
            <line>
              <![CDATA[Successfully clicked on Risk Assessment on left navigation bar in Physical risks page]]>
            </line>
            <line>
              <![CDATA[The Management Control Name Dropdown options from UI are ]]>
            </line>
            <line>
              <![CDATA[Certification, Accreditation, and Security Assessments]]>
            </line>
            <line>
              <![CDATA[Planning]]>
            </line>
            <line>
              <![CDATA[Risk Assessment]]>
            </line>
            <line>
              <![CDATA[System and Services Acquisition]]>
            </line>
            <line>
              <![CDATA[The Management Control Name Dropdown Options from Excel are]]>
            </line>
            <line>
              <![CDATA[Certification, Accreditation, and Security Assessments]]>
            </line>
            <line>
              <![CDATA[Planning]]>
            </line>
            <line>
              <![CDATA[Risk Assessment]]>
            </line>
            <line>
              <![CDATA[System and Services Acquisition]]>
            </line>
            <line>
              <![CDATA[Options are Matching]]>
            </line>
          </reporter-output>
        </test-method> <!-- dropdowncontrolNameIfManagementRadioButtonSelectedInPhysicalRisk -->
        <test-method status="PASS" signature="checkResult(java.lang.reflect.Method,org.testng.ITestResult)[pri:0, instance:physicalRisk.DropdowncontrolNameIfManagementRadioButtonSelected@290dbf45]" name="checkResult" is-config="true" duration-ms="1" started-at="2023-05-08T12:52:33 IST" finished-at="2023-05-08T12:52:33 IST">
          <params>
            <param index="0">
              <value>
                <![CDATA[public void physicalRisk.DropdowncontrolNameIfManagementRadioButtonSelected.dropdowncontrolNameIfManagementRadioButtonSelectedInPhysicalRisk()]]>
              </value>
            </param>
            <param index="1">
              <value>
                <![CDATA[[TestResult name=dropdowncontrolNameIfManagementRadioButtonSelectedInPhysicalRisk status=SUCCESS method=DropdowncontrolNameIfManagementRadioButtonSelected.dropdowncontrolNameIfManagementRadioButtonSelectedInPhysicalRisk()[pri:0, instance:physicalRisk.DropdowncontrolNameIfManagementRadioButtonSelected@290dbf45] output=Successfully clicked on Physical Risk Assessment text on Hipaa Risk Management Page]]]>
              </value>
            </param>
          </params>
          <reporter-output>
          </reporter-output>
        </test-method> <!-- checkResult -->
        <test-method status="PASS" signature="quit()[pri:0, instance:physicalRisk.DropdowncontrolNameIfManagementRadioButtonSelected@290dbf45]" name="quit" is-config="true" duration-ms="1635" started-at="2023-05-08T12:52:33 IST" finished-at="2023-05-08T12:52:35 IST">
          <reporter-output>
          </reporter-output>
        </test-method> <!-- quit -->
      </class> <!-- physicalRisk.DropdowncontrolNameIfManagementRadioButtonSelected -->
    </test> <!-- Dropdown control Name If Management Radio Button Selected In Physical Risk -->
    <test name="Dropdown Sub Control Name If Operational Radio Button And Contingency Planing Option Selected In Physical Risk" duration-ms="30814" started-at="2023-05-08T12:52:35 IST" finished-at="2023-05-08T12:53:06 IST">
      <class name="physicalRisk.DropdownSubControlNameIfOperationalRadioButtonAndContingencyPlaningOptionSelected">
        <test-method status="PASS" signature="initialiseExtendReports()[pri:0, instance:physicalRisk.DropdownSubControlNameIfOperationalRadioButtonAndContingencyPlaningOptionSelected@11c20519]" name="initialiseExtendReports" is-config="true" duration-ms="1443" started-at="2023-05-08T12:30:45 IST" finished-at="2023-05-08T12:30:46 IST">
          <reporter-output>
          </reporter-output>
        </test-method> <!-- initialiseExtendReports -->
        <test-method status="PASS" signature="driver(org.testng.ITestContext,java.lang.String)[pri:0, instance:physicalRisk.DropdownSubControlNameIfOperationalRadioButtonAndContingencyPlaningOptionSelected@11c20519]" name="driver" is-config="true" duration-ms="17546" started-at="2023-05-08T12:52:35 IST" finished-at="2023-05-08T12:52:53 IST">
          <params>
            <param index="0">
              <value>
                <![CDATA[org.testng.TestRunner@2ac50ab0]]>
              </value>
            </param>
            <param index="1">
              <value>
                <![CDATA[chrome]]>
              </value>
            </param>
          </params>
          <reporter-output>
            <line>
              <![CDATA[Chrome Browser launched successfully]]>
            </line>
            <line>
              <![CDATA[Successfully navigated to the url]]>
            </line>
            <line>
              <![CDATA[UserId TextBox is provided in login page]]>
            </line>
            <line>
              <![CDATA[Place Holder is provided for UserId TextBox in login page]]>
            </line>
            <line>
              <![CDATA[Place Holder is provided for UserId TextBox in login page]]>
            </line>
            <line>
              <![CDATA[Clicked on Login button in login page]]>
            </line>
            <line>
              <![CDATA[Successfully navigated to home page of the application]]>
            </line>
            <line>
              <![CDATA[Successfully navigated to hipaa risk management system page]]>
            </line>
          </reporter-output>
        </test-method> <!-- driver -->
        <test-method status="PASS" signature="dropdownSubControlNameIfOperationalRadioButtonAndContingencyPlaningOptionSelected()[pri:0, instance:physicalRisk.DropdownSubControlNameIfOperationalRadioButtonAndContingencyPlaningOptionSelected@11c20519]" name="dropdownSubControlNameIfOperationalRadioButtonAndContingencyPlaningOptionSelected" duration-ms="11824" started-at="2023-05-08T12:52:53 IST" finished-at="2023-05-08T12:53:04 IST">
          <reporter-output>
            <line>
              <![CDATA[Successfully clicked on Physical Risk Assessment text on Hipaa Risk Management Page]]>
            </line>
            <line>
              <![CDATA[Successfully clicked on Risk Assessment on left navigation bar in Physical risks page]]>
            </line>
            <line>
              <![CDATA[The Operational Contingency Planing Sub Control Name Dropdown options from UI are ]]>
            </line>
            <line>
              <![CDATA[]]>
            </line>
            <line>
              <![CDATA[]]>
            </line>
            <line>
              <![CDATA[]]>
            </line>
            <line>
              <![CDATA[]]>
            </line>
            <line>
              <![CDATA[]]>
            </line>
            <line>
              <![CDATA[]]>
            </line>
            <line>
              <![CDATA[]]>
            </line>
            <line>
              <![CDATA[]]>
            </line>
            <line>
              <![CDATA[CONTINGENCY PLANNING POLICY AND PROCEDURES]]>
            </line>
            <line>
              <![CDATA[CONTINGENCY PLAN]]>
            </line>
            <line>
              <![CDATA[CONTINGENCY TRAINING]]>
            </line>
            <line>
              <![CDATA[CONTINGENCY PLAN TESTING]]>
            </line>
            <line>
              <![CDATA[CONTINGENCY PLAN UPDATE]]>
            </line>
            <line>
              <![CDATA[ALTERNATE STORAGE SITE]]>
            </line>
            <line>
              <![CDATA[ALTERNATE PROCESSING SITE]]>
            </line>
            <line>
              <![CDATA[TELECOMMUNICATIONS SERVICES]]>
            </line>
            <line>
              <![CDATA[INFORMATION SYSTEM BACKUP]]>
            </line>
            <line>
              <![CDATA[INFORMATION SYSTEM RECOVERY AND RECONSTITUTION]]>
            </line>
            <line>
              <![CDATA[ALTERNATE COMMUNICATIONS PROTOCOLS]]>
            </line>
            <line>
              <![CDATA[SAFE MODE]]>
            </line>
            <line>
              <![CDATA[ALTERNATIVE SECURITY MECHANISMS]]>
            </line>
            <line>
              <![CDATA[Error : DropDown options from UI are not matching with expected option in the excel]]>
            </line>
          </reporter-output>
        </test-method> <!-- dropdownSubControlNameIfOperationalRadioButtonAndContingencyPlaningOptionSelected -->
        <test-method status="PASS" signature="checkResult(java.lang.reflect.Method,org.testng.ITestResult)[pri:0, instance:physicalRisk.DropdownSubControlNameIfOperationalRadioButtonAndContingencyPlaningOptionSelected@11c20519]" name="checkResult" is-config="true" duration-ms="1" started-at="2023-05-08T12:53:04 IST" finished-at="2023-05-08T12:53:04 IST">
          <params>
            <param index="0">
              <value>
                <![CDATA[public void physicalRisk.DropdownSubControlNameIfOperationalRadioButtonAndContingencyPlaningOptionSelected.dropdownSubControlNameIfOperationalRadioButtonAndContingencyPlaningOptionSelected()]]>
              </value>
            </param>
            <param index="1">
              <value>
                <![CDATA[[TestResult name=dropdownSubControlNameIfOperationalRadioButtonAndContingencyPlaningOptionSelected status=SUCCESS method=DropdownSubControlNameIfOperationalRadioButtonAndContingencyPlaningOptionSelected.dropdownSubControlNameIfOperationalRadioButtonAndContingencyPlaningOptionSelected()[pri:0, instance:physicalRisk.DropdownSubControlNameIfOperationalRadioButtonAndContingencyPlaningOptionSelected@11c20519] output=Successfully clicked on Physical Risk Assessment text on Hipaa Risk Management Page]]]>
              </value>
            </param>
          </params>
          <reporter-output>
          </reporter-output>
        </test-method> <!-- checkResult -->
        <test-method status="PASS" signature="quit()[pri:0, instance:physicalRisk.DropdownSubControlNameIfOperationalRadioButtonAndContingencyPlaningOptionSelected@11c20519]" name="quit" is-config="true" duration-ms="1440" started-at="2023-05-08T12:53:04 IST" finished-at="2023-05-08T12:53:06 IST">
          <reporter-output>
          </reporter-output>
        </test-method> <!-- quit -->
        <test-method status="PASS" signature="generateExtentReports()[pri:0, instance:physicalRisk.DropdownSubControlNameIfOperationalRadioButtonAndContingencyPlaningOptionSelected@11c20519]" name="generateExtentReports" is-config="true" duration-ms="4262" started-at="2023-05-08T12:53:06 IST" finished-at="2023-05-08T12:53:10 IST">
          <reporter-output>
          </reporter-output>
        </test-method> <!-- generateExtentReports -->
      </class> <!-- physicalRisk.DropdownSubControlNameIfOperationalRadioButtonAndContingencyPlaningOptionSelected -->
    </test> <!-- Dropdown Sub Control Name If Operational Radio Button And Contingency Planing Option Selected In Physical Risk -->
  </suite> <!-- Suite -->
</testng-results>
