<?xml version="1.0" encoding="UTF-8"?>
<testng-results skipped="0" failed="0" ignored="0" total="1" passed="1">
  <reporter-output>
    <line>
      <![CDATA[Successfully clicked on Technology Risk Assessment text on Hipaa Risk Management Page]]>
    </line>
    <line>
      <![CDATA[Successfully clicked on Risk Assessment on left navigation bar in technology risks page]]>
    </line>
    <line>
      <![CDATA[The Threat Source Dropdown options from UI are ]]>
    </line>
    <line>
      <![CDATA[Human]]>
    </line>
    <line>
      <![CDATA[Natural]]>
    </line>
    <line>
      <![CDATA[The Threat Source Dropdown Options from Excel are]]>
    </line>
    <line>
      <![CDATA[Human]]>
    </line>
    <line>
      <![CDATA[Natural]]>
    </line>
    <line>
      <![CDATA[Options are Matching]]>
    </line>
  </reporter-output>
  <suite name="Default suite" duration-ms="67761" started-at="2023-05-05T19:57:19 IST" finished-at="2023-05-05T19:58:27 IST">
    <groups>
    </groups>
    <test name="Default test" duration-ms="67761" started-at="2023-05-05T19:57:19 IST" finished-at="2023-05-05T19:58:27 IST">
      <class name="technologyRisk.DropdownThreatSource">
        <test-method status="PASS" signature="initialiseExtendReports()[pri:0, instance:technologyRisk.DropdownThreatSource@ed9d034]" name="initialiseExtendReports" is-config="true" duration-ms="1378" started-at="2023-05-05T19:57:18 IST" finished-at="2023-05-05T19:57:19 IST">
          <reporter-output>
          </reporter-output>
        </test-method> <!-- initialiseExtendReports -->
        <test-method status="PASS" signature="driver(org.testng.ITestContext,java.lang.String)[pri:0, instance:technologyRisk.DropdownThreatSource@ed9d034]" name="driver" is-config="true" duration-ms="32504" started-at="2023-05-05T19:57:19 IST" finished-at="2023-05-05T19:57:52 IST">
          <params>
            <param index="0">
              <value>
                <![CDATA[org.testng.TestRunner@5445f5ba]]>
              </value>
            </param>
            <param index="1">
              <value>
                <![CDATA[chrome]]>
              </value>
            </param>
          </params>
          <reporter-output>
          </reporter-output>
        </test-method> <!-- driver -->
        <test-method status="PASS" signature="threatSourceDropdown()[pri:0, instance:technologyRisk.DropdownThreatSource@ed9d034]" name="threatSourceDropdown" duration-ms="30741" started-at="2023-05-05T19:57:52 IST" finished-at="2023-05-05T19:58:23 IST">
          <reporter-output>
            <line>
              <![CDATA[Successfully clicked on Technology Risk Assessment text on Hipaa Risk Management Page]]>
            </line>
            <line>
              <![CDATA[Successfully clicked on Risk Assessment on left navigation bar in technology risks page]]>
            </line>
            <line>
              <![CDATA[The Threat Source Dropdown options from UI are ]]>
            </line>
            <line>
              <![CDATA[Human]]>
            </line>
            <line>
              <![CDATA[Natural]]>
            </line>
            <line>
              <![CDATA[The Threat Source Dropdown Options from Excel are]]>
            </line>
            <line>
              <![CDATA[Human]]>
            </line>
            <line>
              <![CDATA[Natural]]>
            </line>
            <line>
              <![CDATA[Options are Matching]]>
            </line>
          </reporter-output>
        </test-method> <!-- threatSourceDropdown -->
        <test-method status="PASS" signature="quit(java.lang.reflect.Method,org.testng.ITestResult)[pri:0, instance:technologyRisk.DropdownThreatSource@ed9d034]" name="quit" is-config="true" duration-ms="2" started-at="2023-05-05T19:58:23 IST" finished-at="2023-05-05T19:58:23 IST">
          <params>
            <param index="0">
              <value>
                <![CDATA[public void technologyRisk.DropdownThreatSource.threatSourceDropdown()]]>
              </value>
            </param>
            <param index="1">
              <value>
                <![CDATA[[TestResult name=threatSourceDropdown status=SUCCESS method=DropdownThreatSource.threatSourceDropdown()[pri:0, instance:technologyRisk.DropdownThreatSource@ed9d034] output=Successfully clicked on Technology Risk Assessment text on Hipaa Risk Management Page]]]>
              </value>
            </param>
          </params>
          <reporter-output>
          </reporter-output>
        </test-method> <!-- quit -->
        <test-method status="PASS" signature="quit()[pri:0, instance:technologyRisk.DropdownThreatSource@ed9d034]" name="quit" is-config="true" duration-ms="4208" started-at="2023-05-05T19:58:23 IST" finished-at="2023-05-05T19:58:27 IST">
          <reporter-output>
          </reporter-output>
        </test-method> <!-- quit -->
        <test-method status="PASS" signature="generateExtentReports()[pri:0, instance:technologyRisk.DropdownThreatSource@ed9d034]" name="generateExtentReports" is-config="true" duration-ms="3766" started-at="2023-05-05T19:58:27 IST" finished-at="2023-05-05T19:58:31 IST">
          <reporter-output>
          </reporter-output>
        </test-method> <!-- generateExtentReports -->
      </class> <!-- technologyRisk.DropdownThreatSource -->
    </test> <!-- Default test -->
  </suite> <!-- Default suite -->
</testng-results>
